info: System.Net.Http.HttpClient.default.LogicalHandler[100]
      Start processing HTTP request POST http://joysmarter2staff-099-site1.btempurl.com/scheduletask/runtask
info: System.Net.Http.HttpClient.default.ClientHandler[100]
      Sending HTTP request POST http://joysmarter2staff-099-site1.btempurl.com/scheduletask/runtask
info: Microsoft.Hosting.Lifetime[0]
      Now listening on: http://127.0.0.1:19324
info: Microsoft.Hosting.Lifetime[0]
      Application started. Press Ctrl+C to shut down.
info: Microsoft.Hosting.Lifetime[0]
      Hosting environment: Development
info: Microsoft.Hosting.Lifetime[0]
      Content root path: C:\Users\Tensay Bulcha\Source\Repos\TensuB\NineCommerce\Presentation\Nop.Web
info: Microsoft.AspNetCore.Hosting.Diagnostics[1]
      Request starting HTTP/1.1 GET http://localhost:15536/  
info: System.Net.Http.HttpClient.default.ClientHandler[101]
      Received HTTP response after 816.8538ms - InternalServerError
info: System.Net.Http.HttpClient.default.LogicalHandler[101]
      End processing HTTP request after 826.1719ms - InternalServerError
info: Microsoft.AspNetCore.Routing.EndpointMiddleware[0]
      Executing endpoint 'Nop.Web.Controllers.HomeController.Index (Nop.Web)'
info: Microsoft.AspNetCore.Mvc.Infrastructure.ControllerActionInvoker[3]
      Route matched with {action = "Index", controller = "Home", area = ""}. Executing controller action with signature Microsoft.AspNetCore.Mvc.IActionResult Index() on controller Nop.Web.Controllers.HomeController (Nop.Web).
info: Microsoft.AspNetCore.Mvc.ViewFeatures.ViewResultExecutor[1]
      Executing ViewResult, running view Index.
info: Microsoft.AspNetCore.Mvc.ViewFeatures.ViewResultExecutor[4]
      Executed ViewResult - view Index executed in 18547.9513ms.
info: Microsoft.AspNetCore.Mvc.Infrastructure.ControllerActionInvoker[2]
      Executed action Nop.Web.Controllers.HomeController.Index (Nop.Web) in 18965.4902ms
info: Microsoft.AspNetCore.Routing.EndpointMiddleware[1]
      Executed endpoint 'Nop.Web.Controllers.HomeController.Index (Nop.Web)'
info: Microsoft.AspNetCore.Hosting.Diagnostics[2]
      Request finished in 22681.6703ms 200 text/html; charset=utf-8
info: Microsoft.AspNetCore.Hosting.Diagnostics[1]
      Request starting HTTP/1.1 GET http://localhost:15536/assets/images/demo/logo/logo-light.svg  
info: Microsoft.AspNetCore.Hosting.Diagnostics[2]
      Request finished in 994.4253ms 404 
info: System.Net.Http.HttpClient.default.LogicalHandler[100]
      Start processing HTTP request POST http://joysmarter2staff-099-site1.btempurl.com/scheduletask/runtask
info: System.Net.Http.HttpClient.default.ClientHandler[100]
      Sending HTTP request POST http://joysmarter2staff-099-site1.btempurl.com/scheduletask/runtask
info: System.Net.Http.HttpClient.default.ClientHandler[101]
      Received HTTP response after 164.2775ms - InternalServerError
info: System.Net.Http.HttpClient.default.LogicalHandler[101]
      End processing HTTP request after 164.6005ms - InternalServerError
info: System.Net.Http.HttpClient.default.LogicalHandler[100]
      Start processing HTTP request POST http://joysmarter2staff-099-site1.btempurl.com/scheduletask/runtask
info: System.Net.Http.HttpClient.default.ClientHandler[100]
      Sending HTTP request POST http://joysmarter2staff-099-site1.btempurl.com/scheduletask/runtask
info: System.Net.Http.HttpClient.default.ClientHandler[101]
      Received HTTP response after 328.518ms - InternalServerError
info: System.Net.Http.HttpClient.default.LogicalHandler[101]
      End processing HTTP request after 329.0207ms - InternalServerError
info: System.Net.Http.HttpClient.default.LogicalHandler[100]
      Start processing HTTP request POST http://joysmarter2staff-099-site1.btempurl.com/scheduletask/runtask
info: System.Net.Http.HttpClient.default.ClientHandler[100]
      Sending HTTP request POST http://joysmarter2staff-099-site1.btempurl.com/scheduletask/runtask
info: System.Net.Http.HttpClient.default.ClientHandler[101]
      Received HTTP response after 165.5518ms - InternalServerError
info: System.Net.Http.HttpClient.default.LogicalHandler[101]
      End processing HTTP request after 165.8327ms - InternalServerError
info: System.Net.Http.HttpClient.default.LogicalHandler[100]
      Start processing HTTP request POST http://joysmarter2staff-099-site1.btempurl.com/scheduletask/runtask
info: System.Net.Http.HttpClient.default.ClientHandler[100]
      Sending HTTP request POST http://joysmarter2staff-099-site1.btempurl.com/scheduletask/runtask
info: System.Net.Http.HttpClient.default.ClientHandler[101]
      Received HTTP response after 328.8345ms - InternalServerError
info: System.Net.Http.HttpClient.default.LogicalHandler[101]
      End processing HTTP request after 329.1072ms - InternalServerError
