info: Microsoft.Hosting.Lifetime[0]
      Now listening on: http://127.0.0.1:4932
info: Microsoft.Hosting.Lifetime[0]
      Application started. Press Ctrl+C to shut down.
info: Microsoft.Hosting.Lifetime[0]
      Hosting environment: Development
info: Microsoft.Hosting.Lifetime[0]
      Content root path: C:\Users\Tensay Bulcha\Source\Repos\TensuB\NineCommerce\Presentation\Nop.Web
info: Microsoft.AspNetCore.Hosting.Diagnostics[1]
      Request starting HTTP/1.1 GET http://localhost:15536/  
info: Microsoft.AspNetCore.Routing.EndpointMiddleware[0]
      Executing endpoint 'Nop.Web.Controllers.HomeController.Index (Nop.Web)'
info: Microsoft.AspNetCore.Mvc.Infrastructure.ControllerActionInvoker[3]
      Route matched with {action = "Index", controller = "Home", area = ""}. Executing controller action with signature Microsoft.AspNetCore.Mvc.IActionResult Index() on controller Nop.Web.Controllers.HomeController (Nop.Web).
info: Microsoft.AspNetCore.Mvc.ViewFeatures.ViewResultExecutor[1]
      Executing ViewResult, running view Index.
info: Microsoft.AspNetCore.Mvc.ViewFeatures.ViewResultExecutor[4]
      Executed ViewResult - view Index executed in 28504.798ms.
info: Microsoft.AspNetCore.Mvc.Infrastructure.ControllerActionInvoker[2]
      Executed action Nop.Web.Controllers.HomeController.Index (Nop.Web) in 28964.7469ms
info: Microsoft.AspNetCore.Routing.EndpointMiddleware[1]
      Executed endpoint 'Nop.Web.Controllers.HomeController.Index (Nop.Web)'
info: Microsoft.AspNetCore.Hosting.Diagnostics[2]
      Request finished in 37176.4498ms 200 text/html; charset=utf-8
info: System.Net.Http.HttpClient.default.LogicalHandler[100]
      Start processing HTTP request POST http://www.otensu.com/scheduletask/runtask
info: System.Net.Http.HttpClient.default.ClientHandler[100]
      Sending HTTP request POST http://www.otensu.com/scheduletask/runtask
info: System.Net.Http.HttpClient.default.ClientHandler[101]
      Received HTTP response after 6143.0974ms - NoContent
info: System.Net.Http.HttpClient.default.LogicalHandler[101]
      End processing HTTP request after 6150.5092ms - NoContent
info: Microsoft.AspNetCore.Hosting.Diagnostics[1]
      Request starting HTTP/1.1 GET http://localhost:15536/vendor/story  
info: Microsoft.AspNetCore.Routing.EndpointMiddleware[0]
      Executing endpoint 'Nop.Web.Controllers.VendorController.MyStory (Nop.Web)'
info: Microsoft.AspNetCore.Mvc.Infrastructure.ControllerActionInvoker[3]
      Route matched with {action = "MyStory", controller = "Vendor", area = ""}. Executing controller action with signature Microsoft.AspNetCore.Mvc.IActionResult MyStory() on controller Nop.Web.Controllers.VendorController (Nop.Web).
info: Microsoft.AspNetCore.Mvc.ViewFeatures.ViewResultExecutor[1]
      Executing ViewResult, running view MyStory.
info: Microsoft.AspNetCore.Mvc.ViewFeatures.ViewResultExecutor[4]
      Executed ViewResult - view MyStory executed in 454.0364ms.
info: Microsoft.AspNetCore.Mvc.Infrastructure.ControllerActionInvoker[2]
      Executed action Nop.Web.Controllers.VendorController.MyStory (Nop.Web) in 460.3943ms
info: Microsoft.AspNetCore.Routing.EndpointMiddleware[1]
      Executed endpoint 'Nop.Web.Controllers.VendorController.MyStory (Nop.Web)'
info: Microsoft.AspNetCore.Hosting.Diagnostics[2]
      Request finished in 1785.8672ms 200 text/html; charset=utf-8
info: Microsoft.AspNetCore.Hosting.Diagnostics[1]
      Request starting HTTP/1.1 GET http://localhost:15536/vendor/Themes/MukeraCleanTheme/Content/images/logo.png  
info: Microsoft.AspNetCore.Hosting.Diagnostics[1]
      Request starting HTTP/1.1 GET http://localhost:15536/vendor/Themes/MukeraCleanTheme/Content/assets/images/demo/learning/plant-based-program-image-4.png  
info: Microsoft.AspNetCore.Hosting.Diagnostics[2]
      Request finished in 887.6642ms 404 
info: Microsoft.AspNetCore.Hosting.Diagnostics[1]
      Request starting HTTP/1.1 GET http://localhost:15536/Themes/MukeraCleanTheme/Content/js/bootstrap.min.js.map  
info: Microsoft.AspNetCore.Hosting.Diagnostics[1]
      Request starting HTTP/1.1 GET http://localhost:15536/Themes/MukeraCleanTheme/Content/css/style.css.map  
info: Microsoft.AspNetCore.Hosting.Diagnostics[2]
      Request finished in 721.3613ms 404 
info: Microsoft.AspNetCore.Hosting.Diagnostics[2]
      Request finished in 1064.8369ms 404 
info: Microsoft.AspNetCore.Hosting.Diagnostics[2]
      Request finished in 21914.7812ms 404 
info: System.Net.Http.HttpClient.default.LogicalHandler[100]
      Start processing HTTP request POST http://www.otensu.com/scheduletask/runtask
info: System.Net.Http.HttpClient.default.ClientHandler[100]
      Sending HTTP request POST http://www.otensu.com/scheduletask/runtask
info: System.Net.Http.HttpClient.default.ClientHandler[101]
      Received HTTP response after 1690.3361ms - NoContent
info: System.Net.Http.HttpClient.default.LogicalHandler[101]
      End processing HTTP request after 1690.6959ms - NoContent
info: System.Net.Http.HttpClient.default.LogicalHandler[100]
      Start processing HTTP request POST http://www.otensu.com/scheduletask/runtask
info: System.Net.Http.HttpClient.default.ClientHandler[100]
      Sending HTTP request POST http://www.otensu.com/scheduletask/runtask
info: System.Net.Http.HttpClient.default.LogicalHandler[100]
      Start processing HTTP request POST http://www.otensu.com/scheduletask/runtask
info: System.Net.Http.HttpClient.default.ClientHandler[100]
      Sending HTTP request POST http://www.otensu.com/scheduletask/runtask
info: System.Net.Http.HttpClient.default.ClientHandler[101]
      Received HTTP response after 1332.772ms - NoContent
info: System.Net.Http.HttpClient.default.LogicalHandler[101]
      End processing HTTP request after 1332.9923ms - NoContent
info: System.Net.Http.HttpClient.default.LogicalHandler[100]
      Start processing HTTP request POST http://www.otensu.com/scheduletask/runtask
info: System.Net.Http.HttpClient.default.ClientHandler[100]
      Sending HTTP request POST http://www.otensu.com/scheduletask/runtask
info: System.Net.Http.HttpClient.default.ClientHandler[101]
      Received HTTP response after 1382.8416ms - NoContent
info: System.Net.Http.HttpClient.default.LogicalHandler[101]
      End processing HTTP request after 1383.0497ms - NoContent
info: System.Net.Http.HttpClient.default.ClientHandler[101]
      Received HTTP response after 4192.075ms - NoContent
info: System.Net.Http.HttpClient.default.LogicalHandler[101]
      End processing HTTP request after 4192.3348ms - NoContent
info: System.Net.Http.HttpClient.default.LogicalHandler[100]
      Start processing HTTP request POST http://www.otensu.com/scheduletask/runtask
info: System.Net.Http.HttpClient.default.ClientHandler[100]
      Sending HTTP request POST http://www.otensu.com/scheduletask/runtask
info: System.Net.Http.HttpClient.default.ClientHandler[101]
      Received HTTP response after 152.2066ms - NoContent
info: System.Net.Http.HttpClient.default.LogicalHandler[101]
      End processing HTTP request after 152.4744ms - NoContent
