info: Microsoft.Hosting.Lifetime[0]
      Now listening on: http://127.0.0.1:40322
info: Microsoft.Hosting.Lifetime[0]
      Application started. Press Ctrl+C to shut down.
info: Microsoft.Hosting.Lifetime[0]
      Hosting environment: Development
info: Microsoft.Hosting.Lifetime[0]
      Content root path: C:\Users\Tensay Bulcha\Source\Repos\TensuB\NineCommerce\Presentation\Nop.Web
info: Microsoft.AspNetCore.Hosting.Diagnostics[1]
      Request starting HTTP/1.1 GET http://localhost:15536/  
info: Microsoft.AspNetCore.Routing.EndpointMiddleware[0]
      Executing endpoint 'Nop.Web.Controllers.HomeController.Index (Nop.Web)'
info: Microsoft.AspNetCore.Mvc.Infrastructure.ControllerActionInvoker[3]
      Route matched with {action = "Index", controller = "Home", area = ""}. Executing controller action with signature Microsoft.AspNetCore.Mvc.IActionResult Index() on controller Nop.Web.Controllers.HomeController (Nop.Web).
info: System.Net.Http.HttpClient.default.LogicalHandler[100]
      Start processing HTTP request POST http://www.otensu.com/scheduletask/runtask
info: System.Net.Http.HttpClient.default.ClientHandler[100]
      Sending HTTP request POST http://www.otensu.com/scheduletask/runtask
info: Microsoft.AspNetCore.Mvc.ViewFeatures.ViewResultExecutor[1]
      Executing ViewResult, running view Index.
info: System.Net.Http.HttpClient.default.ClientHandler[101]
      Received HTTP response after 645.7076ms - NoContent
info: System.Net.Http.HttpClient.default.LogicalHandler[101]
      End processing HTTP request after 655.0011ms - NoContent
info: Microsoft.AspNetCore.Mvc.ViewFeatures.ViewResultExecutor[4]
      Executed ViewResult - view Index executed in 15551.4592ms.
info: Microsoft.AspNetCore.Mvc.Infrastructure.ControllerActionInvoker[2]
      Executed action Nop.Web.Controllers.HomeController.Index (Nop.Web) in 16964.9157ms
info: Microsoft.AspNetCore.Routing.EndpointMiddleware[1]
      Executed endpoint 'Nop.Web.Controllers.HomeController.Index (Nop.Web)'
info: Microsoft.AspNetCore.Hosting.Diagnostics[2]
      Request finished in 21238.5941ms 200 text/html; charset=utf-8
info: Microsoft.AspNetCore.Hosting.Diagnostics[1]
      Request starting HTTP/1.1 GET http://localhost:15536/Themes/MukeraCleanTheme/Content/assets/css/vendor.css  
info: Microsoft.AspNetCore.Hosting.Diagnostics[1]
      Request starting HTTP/1.1 GET http://localhost:15536/Themes/MukeraCleanTheme/Content/css/styles.css  
info: Microsoft.AspNetCore.Hosting.Diagnostics[1]
      Request starting HTTP/1.1 GET http://localhost:15536/lib/jquery-ui/jquery-ui-1.12.1.custom/jquery-ui.min.css  
info: Microsoft.AspNetCore.StaticFiles.StaticFileMiddleware[2]
      Sending file. Request path: '/lib/jquery-ui/jquery-ui-1.12.1.custom/jquery-ui.min.css'. Physical path: 'C:\Users\Tensay Bulcha\Source\Repos\TensuB\NineCommerce\Presentation\Nop.Web\wwwroot\lib\jquery-ui\jquery-ui-1.12.1.custom\jquery-ui.min.css'
info: Microsoft.AspNetCore.Hosting.Diagnostics[2]
      Request finished in 69.0611ms 200 text/css
info: Microsoft.AspNetCore.Hosting.Diagnostics[1]
      Request starting HTTP/1.1 GET http://localhost:15536/Themes/MukeraCleanTheme/Content/assets/css/style.css  
info: Microsoft.AspNetCore.StaticFiles.StaticFileMiddleware[2]
      Sending file. Request path: '/MukeraCleanTheme/Content/css/styles.css'. Physical path: 'C:\Users\Tensay Bulcha\Source\Repos\TensuB\NineCommerce\Presentation\Nop.Web\Themes\MukeraCleanTheme\Content\css\styles.css'
info: Microsoft.AspNetCore.Hosting.Diagnostics[2]
      Request finished in 293.866ms 200 text/css
info: Microsoft.AspNetCore.Hosting.Diagnostics[1]
      Request starting HTTP/1.1 GET http://localhost:15536/Themes/MukeraCleanTheme/Content/css/bootstrap.min.css  
info: Microsoft.AspNetCore.StaticFiles.StaticFileMiddleware[2]
      Sending file. Request path: '/MukeraCleanTheme/Content/assets/css/vendor.css'. Physical path: 'C:\Users\Tensay Bulcha\Source\Repos\TensuB\NineCommerce\Presentation\Nop.Web\Themes\MukeraCleanTheme\Content\assets\css\vendor.css'
info: Microsoft.AspNetCore.Hosting.Diagnostics[2]
      Request finished in 305.4374ms 200 text/css
info: Microsoft.AspNetCore.Hosting.Diagnostics[1]
      Request starting HTTP/1.1 GET http://localhost:15536/Themes/MukeraCleanTheme/Content/css/rest_theme_css.css  
info: Microsoft.AspNetCore.StaticFiles.StaticFileMiddleware[2]
      Sending file. Request path: '/MukeraCleanTheme/Content/assets/css/style.css'. Physical path: 'C:\Users\Tensay Bulcha\Source\Repos\TensuB\NineCommerce\Presentation\Nop.Web\Themes\MukeraCleanTheme\Content\assets\css\style.css'
info: Microsoft.AspNetCore.Hosting.Diagnostics[2]
      Request finished in 298.5766ms 200 text/css
info: Microsoft.AspNetCore.Hosting.Diagnostics[1]
      Request starting HTTP/1.1 GET http://localhost:15536/Themes/MukeraCleanTheme/Content/css/rest_theme_styles.css  
info: Microsoft.AspNetCore.StaticFiles.StaticFileMiddleware[2]
      Sending file. Request path: '/MukeraCleanTheme/Content/css/rest_theme_css.css'. Physical path: 'C:\Users\Tensay Bulcha\Source\Repos\TensuB\NineCommerce\Presentation\Nop.Web\Themes\MukeraCleanTheme\Content\css\rest_theme_css.css'
info: Microsoft.AspNetCore.Hosting.Diagnostics[2]
      Request finished in 178.3681ms 200 text/css
info: Microsoft.AspNetCore.Hosting.Diagnostics[1]
      Request starting HTTP/1.1 GET http://localhost:15536/Plugins/Widgets.NivoSlider/Content/nivoslider/nivo-slider.css  
info: Microsoft.AspNetCore.StaticFiles.StaticFileMiddleware[2]
      Sending file. Request path: '/Widgets.NivoSlider/Content/nivoslider/nivo-slider.css'. Physical path: 'C:\Users\Tensay Bulcha\Source\Repos\TensuB\NineCommerce\Presentation\Nop.Web\Plugins\Widgets.NivoSlider\Content\nivoslider\nivo-slider.css'
info: Microsoft.AspNetCore.Hosting.Diagnostics[2]
      Request finished in 2.345ms 200 text/css
info: Microsoft.AspNetCore.StaticFiles.StaticFileMiddleware[2]
      Sending file. Request path: '/MukeraCleanTheme/Content/css/bootstrap.min.css'. Physical path: 'C:\Users\Tensay Bulcha\Source\Repos\TensuB\NineCommerce\Presentation\Nop.Web\Themes\MukeraCleanTheme\Content\css\bootstrap.min.css'
info: Microsoft.AspNetCore.Hosting.Diagnostics[2]
      Request finished in 198.795ms 200 text/css
info: Microsoft.AspNetCore.Hosting.Diagnostics[1]
      Request starting HTTP/1.1 GET http://localhost:15536/Plugins/Widgets.NivoSlider/Content/nivoslider/themes/custom/custom.css  
info: Microsoft.AspNetCore.StaticFiles.StaticFileMiddleware[2]
      Sending file. Request path: '/Widgets.NivoSlider/Content/nivoslider/themes/custom/custom.css'. Physical path: 'C:\Users\Tensay Bulcha\Source\Repos\TensuB\NineCommerce\Presentation\Nop.Web\Plugins\Widgets.NivoSlider\Content\nivoslider\themes\custom\custom.css'
info: Microsoft.AspNetCore.Hosting.Diagnostics[2]
      Request finished in 1.7779ms 200 text/css
info: Microsoft.AspNetCore.Hosting.Diagnostics[1]
      Request starting HTTP/1.1 GET http://localhost:15536/lib/jquery/jquery-3.4.1.min.js  
info: Microsoft.AspNetCore.Hosting.Diagnostics[1]
      Request starting HTTP/1.1 GET http://localhost:15536/lib/jquery-validate/jquery.validate-v1.19.1/jquery.validate.min.js  
info: Microsoft.AspNetCore.StaticFiles.StaticFileMiddleware[2]
      Sending file. Request path: '/lib/jquery-validate/jquery.validate-v1.19.1/jquery.validate.min.js'. Physical path: 'C:\Users\Tensay Bulcha\Source\Repos\TensuB\NineCommerce\Presentation\Nop.Web\wwwroot\lib\jquery-validate\jquery.validate-v1.19.1\jquery.validate.min.js'
info: Microsoft.AspNetCore.Hosting.Diagnostics[2]
      Request finished in 57.9178ms 200 application/javascript
info: Microsoft.AspNetCore.Hosting.Diagnostics[1]
      Request starting HTTP/1.1 GET http://localhost:15536/lib/jquery-validate/jquery.validate.unobtrusive-v3.2.11/jquery.validate.unobtrusive.min.js  
info: Microsoft.AspNetCore.StaticFiles.StaticFileMiddleware[2]
      Sending file. Request path: '/lib/jquery/jquery-3.4.1.min.js'. Physical path: 'C:\Users\Tensay Bulcha\Source\Repos\TensuB\NineCommerce\Presentation\Nop.Web\wwwroot\lib\jquery\jquery-3.4.1.min.js'
info: Microsoft.AspNetCore.Hosting.Diagnostics[2]
      Request finished in 115.854ms 200 application/javascript
info: Microsoft.AspNetCore.Hosting.Diagnostics[1]
      Request starting HTTP/1.1 GET http://localhost:15536/lib/jquery-migrate/jquery-migrate-3.1.0.min.js  
info: Microsoft.AspNetCore.StaticFiles.StaticFileMiddleware[2]
      Sending file. Request path: '/lib/jquery-validate/jquery.validate.unobtrusive-v3.2.11/jquery.validate.unobtrusive.min.js'. Physical path: 'C:\Users\Tensay Bulcha\Source\Repos\TensuB\NineCommerce\Presentation\Nop.Web\wwwroot\lib\jquery-validate\jquery.validate.unobtrusive-v3.2.11\jquery.validate.unobtrusive.min.js'
info: Microsoft.AspNetCore.Hosting.Diagnostics[2]
      Request finished in 26.6675ms 200 application/javascript
info: Microsoft.AspNetCore.StaticFiles.StaticFileMiddleware[2]
      Sending file. Request path: '/lib/jquery-migrate/jquery-migrate-3.1.0.min.js'. Physical path: 'C:\Users\Tensay Bulcha\Source\Repos\TensuB\NineCommerce\Presentation\Nop.Web\wwwroot\lib\jquery-migrate\jquery-migrate-3.1.0.min.js'
info: Microsoft.AspNetCore.Hosting.Diagnostics[2]
      Request finished in 16.215ms 200 application/javascript
info: Microsoft.AspNetCore.Hosting.Diagnostics[1]
      Request starting HTTP/1.1 GET http://localhost:15536/lib/jquery-ui/jquery-ui-1.12.1.custom/jquery-ui.min.js  
info: Microsoft.AspNetCore.Hosting.Diagnostics[1]
      Request starting HTTP/1.1 GET http://localhost:15536/js/public.common.js  
info: Microsoft.AspNetCore.StaticFiles.StaticFileMiddleware[2]
      Sending file. Request path: '/lib/jquery-ui/jquery-ui-1.12.1.custom/jquery-ui.min.js'. Physical path: 'C:\Users\Tensay Bulcha\Source\Repos\TensuB\NineCommerce\Presentation\Nop.Web\wwwroot\lib\jquery-ui\jquery-ui-1.12.1.custom\jquery-ui.min.js'
info: Microsoft.AspNetCore.Hosting.Diagnostics[2]
      Request finished in 220.3951ms 200 application/javascript
info: Microsoft.AspNetCore.Hosting.Diagnostics[1]
      Request starting HTTP/1.1 GET http://localhost:15536/js/public.ajaxcart.js  
info: Microsoft.AspNetCore.StaticFiles.StaticFileMiddleware[2]
      Sending file. Request path: '/js/public.ajaxcart.js'. Physical path: 'C:\Users\Tensay Bulcha\Source\Repos\TensuB\NineCommerce\Presentation\Nop.Web\wwwroot\js\public.ajaxcart.js'
info: Microsoft.AspNetCore.Hosting.Diagnostics[2]
      Request finished in 113.5613ms 200 application/javascript
info: Microsoft.AspNetCore.StaticFiles.StaticFileMiddleware[2]
      Sending file. Request path: '/js/public.common.js'. Physical path: 'C:\Users\Tensay Bulcha\Source\Repos\TensuB\NineCommerce\Presentation\Nop.Web\wwwroot\js\public.common.js'
info: Microsoft.AspNetCore.Hosting.Diagnostics[2]
      Request finished in 333.6815ms 200 application/javascript
info: Microsoft.AspNetCore.Hosting.Diagnostics[1]
      Request starting HTTP/1.1 GET http://localhost:15536/js/public.countryselect.js  
info: Microsoft.AspNetCore.Hosting.Diagnostics[1]
      Request starting HTTP/1.1 GET http://localhost:15536/Themes/MukeraCleanTheme/Content/js/bootstrap.min.js  
info: Microsoft.AspNetCore.StaticFiles.StaticFileMiddleware[2]
      Sending file. Request path: '/js/public.countryselect.js'. Physical path: 'C:\Users\Tensay Bulcha\Source\Repos\TensuB\NineCommerce\Presentation\Nop.Web\wwwroot\js\public.countryselect.js'
info: Microsoft.AspNetCore.Hosting.Diagnostics[2]
      Request finished in 11.0906ms 200 application/javascript
info: Microsoft.AspNetCore.Hosting.Diagnostics[1]
      Request starting HTTP/1.1 GET http://localhost:15536/Themes/MukeraCleanTheme/Content/js/core.min.js  
info: Microsoft.AspNetCore.StaticFiles.StaticFileMiddleware[2]
      Sending file. Request path: '/MukeraCleanTheme/Content/js/bootstrap.min.js'. Physical path: 'C:\Users\Tensay Bulcha\Source\Repos\TensuB\NineCommerce\Presentation\Nop.Web\Themes\MukeraCleanTheme\Content\js\bootstrap.min.js'
info: Microsoft.AspNetCore.Hosting.Diagnostics[2]
      Request finished in 24.406ms 200 application/javascript
info: Microsoft.AspNetCore.Hosting.Diagnostics[1]
      Request starting HTTP/1.1 GET http://localhost:15536/Themes/MukeraCleanTheme/Content/js/script.js  
info: Microsoft.AspNetCore.StaticFiles.StaticFileMiddleware[2]
      Sending file. Request path: '/MukeraCleanTheme/Content/js/script.js'. Physical path: 'C:\Users\Tensay Bulcha\Source\Repos\TensuB\NineCommerce\Presentation\Nop.Web\Themes\MukeraCleanTheme\Content\js\script.js'
info: Microsoft.AspNetCore.Hosting.Diagnostics[2]
      Request finished in 129.256ms 200 application/javascript
info: Microsoft.AspNetCore.Hosting.Diagnostics[1]
      Request starting HTTP/1.1 GET http://localhost:15536/Themes/MukeraCleanTheme/Content/assets/js/vendor.js  
info: Microsoft.AspNetCore.StaticFiles.StaticFileMiddleware[2]
      Sending file. Request path: '/MukeraCleanTheme/Content/css/rest_theme_styles.css'. Physical path: 'C:\Users\Tensay Bulcha\Source\Repos\TensuB\NineCommerce\Presentation\Nop.Web\Themes\MukeraCleanTheme\Content\css\rest_theme_styles.css'
info: Microsoft.AspNetCore.Hosting.Diagnostics[2]
      Request finished in 954.3236ms 200 text/css
info: Microsoft.AspNetCore.Hosting.Diagnostics[1]
      Request starting HTTP/1.1 GET http://localhost:15536/Themes/MukeraCleanTheme/Content/assets/js/app.js  
info: Microsoft.AspNetCore.StaticFiles.StaticFileMiddleware[2]
      Sending file. Request path: '/MukeraCleanTheme/Content/assets/js/app.js'. Physical path: 'C:\Users\Tensay Bulcha\Source\Repos\TensuB\NineCommerce\Presentation\Nop.Web\Themes\MukeraCleanTheme\Content\assets\js\app.js'
info: Microsoft.AspNetCore.Hosting.Diagnostics[2]
      Request finished in 30.9329ms 200 application/javascript
info: Microsoft.AspNetCore.Hosting.Diagnostics[1]
      Request starting HTTP/1.1 GET http://localhost:15536/Plugins/Widgets.NivoSlider/Scripts/jquery.nivo.slider.js  
info: Microsoft.AspNetCore.StaticFiles.StaticFileMiddleware[2]
      Sending file. Request path: '/Widgets.NivoSlider/Scripts/jquery.nivo.slider.js'. Physical path: 'C:\Users\Tensay Bulcha\Source\Repos\TensuB\NineCommerce\Presentation\Nop.Web\Plugins\Widgets.NivoSlider\Scripts\jquery.nivo.slider.js'
info: Microsoft.AspNetCore.Hosting.Diagnostics[2]
      Request finished in 2.4189ms 200 application/javascript
info: Microsoft.AspNetCore.Hosting.Diagnostics[1]
      Request starting HTTP/1.1 GET http://localhost:15536/Themes/MukeraCleanTheme/Content/images/logo.png  
info: Microsoft.AspNetCore.StaticFiles.StaticFileMiddleware[2]
      Sending file. Request path: '/MukeraCleanTheme/Content/images/logo.png'. Physical path: 'C:\Users\Tensay Bulcha\Source\Repos\TensuB\NineCommerce\Presentation\Nop.Web\Themes\MukeraCleanTheme\Content\images\logo.png'
info: Microsoft.AspNetCore.Hosting.Diagnostics[2]
      Request finished in 85.4197ms 200 image/png
info: Microsoft.AspNetCore.Hosting.Diagnostics[1]
      Request starting HTTP/1.1 GET http://localhost:15536/images/thumbs/0000034_slider-1-writings-nutrition.png  
info: Microsoft.AspNetCore.StaticFiles.StaticFileMiddleware[2]
      Sending file. Request path: '/images/thumbs/0000034_slider-1-writings-nutrition.png'. Physical path: 'C:\Users\Tensay Bulcha\Source\Repos\TensuB\NineCommerce\Presentation\Nop.Web\wwwroot\images\thumbs\0000034_slider-1-writings-nutrition.png'
info: Microsoft.AspNetCore.Hosting.Diagnostics[2]
      Request finished in 296.0542ms 200 image/png
info: System.Net.Http.HttpClient.default.LogicalHandler[100]
      Start processing HTTP request POST http://www.otensu.com/scheduletask/runtask
info: System.Net.Http.HttpClient.default.ClientHandler[100]
      Sending HTTP request POST http://www.otensu.com/scheduletask/runtask
info: Microsoft.AspNetCore.Hosting.Diagnostics[1]
      Request starting HTTP/1.1 GET http://localhost:15536/images/thumbs/0000035_slider-3-writings-life-style.png  
info: Microsoft.AspNetCore.StaticFiles.StaticFileMiddleware[2]
      Sending file. Request path: '/MukeraCleanTheme/Content/assets/js/vendor.js'. Physical path: 'C:\Users\Tensay Bulcha\Source\Repos\TensuB\NineCommerce\Presentation\Nop.Web\Themes\MukeraCleanTheme\Content\assets\js\vendor.js'
info: Microsoft.AspNetCore.Hosting.Diagnostics[2]
      Request finished in 699.4847ms 200 application/javascript
info: Microsoft.AspNetCore.Hosting.Diagnostics[1]
      Request starting HTTP/1.1 GET http://localhost:15536/images/thumbs/0000036_slider-4-writings-health.png  
info: System.Net.Http.HttpClient.default.ClientHandler[101]
      Received HTTP response after 413.2325ms - NoContent
info: System.Net.Http.HttpClient.default.LogicalHandler[101]
      End processing HTTP request after 413.4804ms - NoContent
info: Microsoft.AspNetCore.StaticFiles.StaticFileMiddleware[2]
      Sending file. Request path: '/MukeraCleanTheme/Content/js/core.min.js'. Physical path: 'C:\Users\Tensay Bulcha\Source\Repos\TensuB\NineCommerce\Presentation\Nop.Web\Themes\MukeraCleanTheme\Content\js\core.min.js'
info: Microsoft.AspNetCore.Hosting.Diagnostics[2]
      Request finished in 1448.2496ms 200 application/javascript
info: Microsoft.AspNetCore.Hosting.Diagnostics[1]
      Request starting HTTP/1.1 GET http://localhost:15536/images/thumbs/0000038_slider-2-writings-medical-conditions.png  
info: Microsoft.AspNetCore.StaticFiles.StaticFileMiddleware[2]
      Sending file. Request path: '/images/thumbs/0000035_slider-3-writings-life-style.png'. Physical path: 'C:\Users\Tensay Bulcha\Source\Repos\TensuB\NineCommerce\Presentation\Nop.Web\wwwroot\images\thumbs\0000035_slider-3-writings-life-style.png'
info: Microsoft.AspNetCore.Hosting.Diagnostics[2]
      Request finished in 1162.468ms 200 image/png
info: Microsoft.AspNetCore.StaticFiles.StaticFileMiddleware[2]
      Sending file. Request path: '/images/thumbs/0000038_slider-2-writings-medical-conditions.png'. Physical path: 'C:\Users\Tensay Bulcha\Source\Repos\TensuB\NineCommerce\Presentation\Nop.Web\wwwroot\images\thumbs\0000038_slider-2-writings-medical-conditions.png'
info: Microsoft.AspNetCore.Hosting.Diagnostics[2]
      Request finished in 523.9209ms 200 image/png
info: Microsoft.AspNetCore.StaticFiles.StaticFileMiddleware[2]
      Sending file. Request path: '/images/thumbs/0000036_slider-4-writings-health.png'. Physical path: 'C:\Users\Tensay Bulcha\Source\Repos\TensuB\NineCommerce\Presentation\Nop.Web\wwwroot\images\thumbs\0000036_slider-4-writings-health.png'
info: Microsoft.AspNetCore.Hosting.Diagnostics[2]
      Request finished in 1042.4277ms 200 image/png
info: Microsoft.AspNetCore.Hosting.Diagnostics[1]
      Request starting HTTP/1.1 GET http://localhost:15536/Themes/MukeraCleanTheme/Content/fonts/fontawesome-webfont.woff2?v=4.5.0  
info: Microsoft.AspNetCore.StaticFiles.StaticFileMiddleware[2]
      Sending file. Request path: '/MukeraCleanTheme/Content/fonts/fontawesome-webfont.woff2'. Physical path: 'C:\Users\Tensay Bulcha\Source\Repos\TensuB\NineCommerce\Presentation\Nop.Web\Themes\MukeraCleanTheme\Content\fonts\fontawesome-webfont.woff2'
info: Microsoft.AspNetCore.Hosting.Diagnostics[2]
      Request finished in 136.7262ms 200 font/woff2
info: Microsoft.AspNetCore.Hosting.Diagnostics[1]
      Request starting HTTP/1.1 GET http://localhost:15536/Themes/MukeraCleanTheme/Content/assets/fonts/icomoon.ttf?q2xewv  
info: Microsoft.AspNetCore.Hosting.Diagnostics[1]
      Request starting HTTP/1.1 GET http://localhost:15536/Themes/MukeraCleanTheme/Content/images/writings-nutrition.png  
info: Microsoft.AspNetCore.Hosting.Diagnostics[1]
      Request starting HTTP/1.1 GET http://localhost:15536/Themes/MukeraCleanTheme/Content/images/writings-diet.png  
info: Microsoft.AspNetCore.StaticFiles.StaticFileMiddleware[2]
      Sending file. Request path: '/MukeraCleanTheme/Content/images/writings-nutrition.png'. Physical path: 'C:\Users\Tensay Bulcha\Source\Repos\TensuB\NineCommerce\Presentation\Nop.Web\Themes\MukeraCleanTheme\Content\images\writings-nutrition.png'
info: Microsoft.AspNetCore.Hosting.Diagnostics[2]
      Request finished in 2962.6501ms 200 image/png
info: Microsoft.AspNetCore.Hosting.Diagnostics[1]
      Request starting HTTP/1.1 GET http://localhost:15536/Themes/MukeraCleanTheme/Content/images/writings-aging.png  
info: Microsoft.AspNetCore.StaticFiles.StaticFileMiddleware[2]
      Sending file. Request path: '/MukeraCleanTheme/Content/assets/fonts/icomoon.ttf'. Physical path: 'C:\Users\Tensay Bulcha\Source\Repos\TensuB\NineCommerce\Presentation\Nop.Web\Themes\MukeraCleanTheme\Content\assets\fonts\icomoon.ttf'
info: Microsoft.AspNetCore.Hosting.Diagnostics[2]
      Request finished in 2993.8503ms 200 application/x-font-ttf
info: Microsoft.AspNetCore.Hosting.Diagnostics[1]
      Request starting HTTP/1.1 GET http://localhost:15536/Themes/MukeraCleanTheme/Content/images/writings-life-style.png  
info: Microsoft.AspNetCore.StaticFiles.StaticFileMiddleware[2]
      Sending file. Request path: '/MukeraCleanTheme/Content/images/writings-diet.png'. Physical path: 'C:\Users\Tensay Bulcha\Source\Repos\TensuB\NineCommerce\Presentation\Nop.Web\Themes\MukeraCleanTheme\Content\images\writings-diet.png'
info: Microsoft.AspNetCore.Hosting.Diagnostics[2]
      Request finished in 3476.1533ms 200 image/png
info: Microsoft.AspNetCore.Hosting.Diagnostics[1]
      Request starting HTTP/1.1 GET http://localhost:15536/Themes/MukeraCleanTheme/Content/images/writings-medical-conditions.png  
info: Microsoft.AspNetCore.StaticFiles.StaticFileMiddleware[2]
      Sending file. Request path: '/MukeraCleanTheme/Content/images/writings-life-style.png'. Physical path: 'C:\Users\Tensay Bulcha\Source\Repos\TensuB\NineCommerce\Presentation\Nop.Web\Themes\MukeraCleanTheme\Content\images\writings-life-style.png'
info: Microsoft.AspNetCore.Hosting.Diagnostics[2]
      Request finished in 699.8496ms 200 image/png
info: Microsoft.AspNetCore.Hosting.Diagnostics[1]
      Request starting HTTP/1.1 GET http://localhost:15536/Themes/MukeraCleanTheme/Content/images/writings-health.png  
info: Microsoft.AspNetCore.StaticFiles.StaticFileMiddleware[2]
      Sending file. Request path: '/MukeraCleanTheme/Content/images/writings-medical-conditions.png'. Physical path: 'C:\Users\Tensay Bulcha\Source\Repos\TensuB\NineCommerce\Presentation\Nop.Web\Themes\MukeraCleanTheme\Content\images\writings-medical-conditions.png'
info: Microsoft.AspNetCore.Hosting.Diagnostics[2]
      Request finished in 688.1949ms 200 image/png
info: Microsoft.AspNetCore.Hosting.Diagnostics[1]
      Request starting HTTP/1.1 GET http://localhost:15536/Plugins/Widgets.NivoSlider/Content/nivoslider/themes/custom/loading.gif  
info: Microsoft.AspNetCore.StaticFiles.StaticFileMiddleware[2]
      Sending file. Request path: '/Widgets.NivoSlider/Content/nivoslider/themes/custom/loading.gif'. Physical path: 'C:\Users\Tensay Bulcha\Source\Repos\TensuB\NineCommerce\Presentation\Nop.Web\Plugins\Widgets.NivoSlider\Content\nivoslider\themes\custom\loading.gif'
info: Microsoft.AspNetCore.Hosting.Diagnostics[2]
      Request finished in 57.2302ms 200 image/gif
info: Microsoft.AspNetCore.Hosting.Diagnostics[1]
      Request starting HTTP/1.1 GET http://localhost:15536/Themes/MukeraCleanTheme/Content/images/loading.gif  
info: Microsoft.AspNetCore.StaticFiles.StaticFileMiddleware[2]
      Sending file. Request path: '/MukeraCleanTheme/Content/images/loading.gif'. Physical path: 'C:\Users\Tensay Bulcha\Source\Repos\TensuB\NineCommerce\Presentation\Nop.Web\Themes\MukeraCleanTheme\Content\images\loading.gif'
info: Microsoft.AspNetCore.Hosting.Diagnostics[2]
      Request finished in 108.423ms 200 image/gif
info: Microsoft.AspNetCore.Hosting.Diagnostics[1]
      Request starting HTTP/1.1 GET http://localhost:15536/Themes/MukeraCleanTheme/Content/images/writings-nutrition-footer-background.png  
info: Microsoft.AspNetCore.StaticFiles.StaticFileMiddleware[2]
      Sending file. Request path: '/MukeraCleanTheme/Content/images/writings-health.png'. Physical path: 'C:\Users\Tensay Bulcha\Source\Repos\TensuB\NineCommerce\Presentation\Nop.Web\Themes\MukeraCleanTheme\Content\images\writings-health.png'
info: Microsoft.AspNetCore.Hosting.Diagnostics[2]
      Request finished in 1667.5575ms 200 image/png
info: Microsoft.AspNetCore.StaticFiles.StaticFileMiddleware[2]
      Sending file. Request path: '/MukeraCleanTheme/Content/images/writings-nutrition-footer-background.png'. Physical path: 'C:\Users\Tensay Bulcha\Source\Repos\TensuB\NineCommerce\Presentation\Nop.Web\Themes\MukeraCleanTheme\Content\images\writings-nutrition-footer-background.png'
info: Microsoft.AspNetCore.Hosting.Diagnostics[2]
      Request finished in 541.8843ms 200 image/png
info: Microsoft.AspNetCore.StaticFiles.StaticFileMiddleware[2]
      Sending file. Request path: '/MukeraCleanTheme/Content/images/writings-aging.png'. Physical path: 'C:\Users\Tensay Bulcha\Source\Repos\TensuB\NineCommerce\Presentation\Nop.Web\Themes\MukeraCleanTheme\Content\images\writings-aging.png'
info: Microsoft.AspNetCore.Hosting.Diagnostics[2]
      Request finished in 3860.2036ms 200 image/png
info: Microsoft.AspNetCore.Hosting.Diagnostics[1]
      Request starting HTTP/1.1 GET http://localhost:15536/icons/icons_0/site.webmanifest  
info: Microsoft.AspNetCore.Hosting.Diagnostics[1]
      Request starting HTTP/1.1 GET http://localhost:15536/icons/icons_0/favicon.ico  
info: Microsoft.AspNetCore.StaticFiles.StaticFileMiddleware[2]
      Sending file. Request path: '/icons/icons_0/favicon.ico'. Physical path: 'C:\Users\Tensay Bulcha\Source\Repos\TensuB\NineCommerce\Presentation\Nop.Web\wwwroot\icons\icons_0\favicon.ico'
info: Microsoft.AspNetCore.Hosting.Diagnostics[2]
      Request finished in 13.235ms 200 image/x-icon
info: Microsoft.AspNetCore.StaticFiles.StaticFileMiddleware[2]
      Sending file. Request path: '/icons_0/site.webmanifest'. Physical path: 'C:\Users\Tensay Bulcha\Source\Repos\TensuB\NineCommerce\Presentation\Nop.Web\wwwroot\icons\icons_0\site.webmanifest'
info: Microsoft.AspNetCore.Hosting.Diagnostics[2]
      Request finished in 43.5628ms 200 application/manifest+json
info: Microsoft.AspNetCore.Hosting.Diagnostics[1]
      Request starting HTTP/1.1 GET http://localhost:15536/  
info: Microsoft.AspNetCore.Routing.EndpointMiddleware[0]
      Executing endpoint 'Nop.Web.Controllers.HomeController.Index (Nop.Web)'
info: Microsoft.AspNetCore.Mvc.Infrastructure.ControllerActionInvoker[3]
      Route matched with {action = "Index", controller = "Home", area = ""}. Executing controller action with signature Microsoft.AspNetCore.Mvc.IActionResult Index() on controller Nop.Web.Controllers.HomeController (Nop.Web).
info: Microsoft.AspNetCore.Mvc.ViewFeatures.ViewResultExecutor[1]
      Executing ViewResult, running view Index.
info: Microsoft.AspNetCore.Mvc.ViewFeatures.ViewResultExecutor[4]
      Executed ViewResult - view Index executed in 118.5288ms.
info: Microsoft.AspNetCore.Mvc.Infrastructure.ControllerActionInvoker[2]
      Executed action Nop.Web.Controllers.HomeController.Index (Nop.Web) in 119.7595ms
info: Microsoft.AspNetCore.Routing.EndpointMiddleware[1]
      Executed endpoint 'Nop.Web.Controllers.HomeController.Index (Nop.Web)'
info: Microsoft.AspNetCore.Hosting.Diagnostics[2]
      Request finished in 875.4741ms 200 text/html; charset=utf-8
info: Microsoft.AspNetCore.Hosting.Diagnostics[1]
      Request starting HTTP/1.1 GET http://localhost:15536/icons/icons_0/favicon.ico  
info: Microsoft.AspNetCore.StaticFiles.StaticFileMiddleware[2]
      Sending file. Request path: '/icons/icons_0/favicon.ico'. Physical path: 'C:\Users\Tensay Bulcha\Source\Repos\TensuB\NineCommerce\Presentation\Nop.Web\wwwroot\icons\icons_0\favicon.ico'
info: Microsoft.AspNetCore.Hosting.Diagnostics[2]
      Request finished in 2.6155ms 200 image/x-icon
info: System.Net.Http.HttpClient.default.LogicalHandler[100]
      Start processing HTTP request POST http://www.otensu.com/scheduletask/runtask
info: System.Net.Http.HttpClient.default.ClientHandler[100]
      Sending HTTP request POST http://www.otensu.com/scheduletask/runtask
info: System.Net.Http.HttpClient.default.ClientHandler[101]
      Received HTTP response after 97.517ms - NoContent
info: System.Net.Http.HttpClient.default.LogicalHandler[101]
      End processing HTTP request after 97.8522ms - NoContent
info: System.Net.Http.HttpClient.default.LogicalHandler[100]
      Start processing HTTP request POST http://www.otensu.com/scheduletask/runtask
info: System.Net.Http.HttpClient.default.ClientHandler[100]
      Sending HTTP request POST http://www.otensu.com/scheduletask/runtask
info: System.Net.Http.HttpClient.default.ClientHandler[101]
      Received HTTP response after 583.1146ms - NoContent
info: System.Net.Http.HttpClient.default.LogicalHandler[101]
      End processing HTTP request after 583.3142ms - NoContent
info: System.Net.Http.HttpClient.default.LogicalHandler[100]
      Start processing HTTP request POST http://www.otensu.com/scheduletask/runtask
info: System.Net.Http.HttpClient.default.ClientHandler[100]
      Sending HTTP request POST http://www.otensu.com/scheduletask/runtask
info: System.Net.Http.HttpClient.default.ClientHandler[101]
      Received HTTP response after 125.9255ms - NoContent
info: System.Net.Http.HttpClient.default.LogicalHandler[101]
      End processing HTTP request after 126.1652ms - NoContent
info: System.Net.Http.HttpClient.default.LogicalHandler[100]
      Start processing HTTP request POST http://www.otensu.com/scheduletask/runtask
info: System.Net.Http.HttpClient.default.ClientHandler[100]
      Sending HTTP request POST http://www.otensu.com/scheduletask/runtask
info: System.Net.Http.HttpClient.default.ClientHandler[101]
      Received HTTP response after 115.8471ms - NoContent
info: System.Net.Http.HttpClient.default.LogicalHandler[101]
      End processing HTTP request after 115.9933ms - NoContent
info: System.Net.Http.HttpClient.default.LogicalHandler[100]
      Start processing HTTP request POST http://www.otensu.com/scheduletask/runtask
info: System.Net.Http.HttpClient.default.ClientHandler[100]
      Sending HTTP request POST http://www.otensu.com/scheduletask/runtask
info: System.Net.Http.HttpClient.default.ClientHandler[101]
      Received HTTP response after 90.1747ms - NoContent
info: System.Net.Http.HttpClient.default.LogicalHandler[101]
      End processing HTTP request after 90.9432ms - NoContent
info: System.Net.Http.HttpClient.default.LogicalHandler[100]
      Start processing HTTP request POST http://www.otensu.com/scheduletask/runtask
info: System.Net.Http.HttpClient.default.ClientHandler[100]
      Sending HTTP request POST http://www.otensu.com/scheduletask/runtask
info: System.Net.Http.HttpClient.default.ClientHandler[101]
      Received HTTP response after 86.424ms - NoContent
info: System.Net.Http.HttpClient.default.LogicalHandler[101]
      End processing HTTP request after 86.9477ms - NoContent
info: System.Net.Http.HttpClient.default.LogicalHandler[100]
      Start processing HTTP request POST http://www.otensu.com/scheduletask/runtask
info: System.Net.Http.HttpClient.default.ClientHandler[100]
      Sending HTTP request POST http://www.otensu.com/scheduletask/runtask
info: System.Net.Http.HttpClient.default.ClientHandler[101]
      Received HTTP response after 71.6439ms - NoContent
info: System.Net.Http.HttpClient.default.LogicalHandler[101]
      End processing HTTP request after 71.8ms - NoContent
