info: System.Net.Http.HttpClient.default.LogicalHandler[100]
      Start processing HTTP request POST http://joysmarter2staff-099-site1.btempurl.com/scheduletask/runtask
info: System.Net.Http.HttpClient.default.ClientHandler[100]
      Sending HTTP request POST http://joysmarter2staff-099-site1.btempurl.com/scheduletask/runtask
info: Microsoft.Hosting.Lifetime[0]
      Now listening on: http://127.0.0.1:29980
info: Microsoft.Hosting.Lifetime[0]
      Application started. Press Ctrl+C to shut down.
info: Microsoft.Hosting.Lifetime[0]
      Hosting environment: Development
info: Microsoft.Hosting.Lifetime[0]
      Content root path: C:\Users\Tensay Bulcha\Source\Repos\TensuB\NineCommerce\Presentation\Nop.Web
info: Microsoft.AspNetCore.Hosting.Diagnostics[1]
      Request starting HTTP/1.1 GET http://localhost:15536/  
info: Microsoft.AspNetCore.Routing.EndpointMiddleware[0]
      Executing endpoint 'Nop.Web.Controllers.HomeController.Index (Nop.Web)'
info: Microsoft.AspNetCore.Mvc.Infrastructure.ControllerActionInvoker[3]
      Route matched with {action = "Index", controller = "Home", area = ""}. Executing controller action with signature Microsoft.AspNetCore.Mvc.IActionResult Index() on controller Nop.Web.Controllers.HomeController (Nop.Web).
info: Microsoft.AspNetCore.Mvc.ViewFeatures.ViewResultExecutor[1]
      Executing ViewResult, running view Index.
info: Microsoft.AspNetCore.Mvc.ViewFeatures.ViewResultExecutor[4]
      Executed ViewResult - view Index executed in 13880.5236ms.
info: Microsoft.AspNetCore.Mvc.Infrastructure.ControllerActionInvoker[2]
      Executed action Nop.Web.Controllers.HomeController.Index (Nop.Web) in 14219.7441ms
info: Microsoft.AspNetCore.Routing.EndpointMiddleware[1]
      Executed endpoint 'Nop.Web.Controllers.HomeController.Index (Nop.Web)'
info: Microsoft.AspNetCore.Hosting.Diagnostics[2]
      Request finished in 17077.0676ms 200 text/html; charset=utf-8
info: Microsoft.AspNetCore.Hosting.Diagnostics[1]
      Request starting HTTP/1.1 GET http://localhost:15536/Themes/MukeraCleanTheme/Content/css/styles.css  
info: Microsoft.AspNetCore.Hosting.Diagnostics[1]
      Request starting HTTP/1.1 GET http://localhost:15536/lib/jquery-ui/jquery-ui-1.12.1.custom/jquery-ui.min.css  
info: Microsoft.AspNetCore.Hosting.Diagnostics[1]
      Request starting HTTP/1.1 GET http://localhost:15536/Themes/MukeraCleanTheme/Content/css/rest_theme_css.css  
info: Microsoft.AspNetCore.Hosting.Diagnostics[1]
      Request starting HTTP/1.1 GET http://localhost:15536/Themes/MukeraCleanTheme/Content/css/bootstrap.min.css  
info: Microsoft.AspNetCore.Hosting.Diagnostics[1]
      Request starting HTTP/1.1 GET http://localhost:15536/Themes/MukeraCleanTheme/Content/assets/css/style.css  
info: Microsoft.AspNetCore.Hosting.Diagnostics[1]
      Request starting HTTP/1.1 GET http://localhost:15536/Themes/MukeraCleanTheme/Content/assets/css/vendor.css  
info: Microsoft.AspNetCore.StaticFiles.StaticFileMiddleware[2]
      Sending file. Request path: '/MukeraCleanTheme/Content/assets/css/style.css'. Physical path: 'C:\Users\Tensay Bulcha\Source\Repos\TensuB\NineCommerce\Presentation\Nop.Web\Themes\MukeraCleanTheme\Content\assets\css\style.css'
info: Microsoft.AspNetCore.Hosting.Diagnostics[2]
      Request finished in 26.3856ms 200 text/css
info: Microsoft.AspNetCore.Hosting.Diagnostics[1]
      Request starting HTTP/1.1 GET http://localhost:15536/Themes/MukeraCleanTheme/Content/css/rest_theme_styles.css  
info: Microsoft.AspNetCore.StaticFiles.StaticFileMiddleware[2]
      Sending file. Request path: '/MukeraCleanTheme/Content/css/rest_theme_css.css'. Physical path: 'C:\Users\Tensay Bulcha\Source\Repos\TensuB\NineCommerce\Presentation\Nop.Web\Themes\MukeraCleanTheme\Content\css\rest_theme_css.css'
info: Microsoft.AspNetCore.Hosting.Diagnostics[2]
      Request finished in 1101.2005ms 200 text/css
info: Microsoft.AspNetCore.StaticFiles.StaticFileMiddleware[2]
      Sending file. Request path: '/MukeraCleanTheme/Content/css/styles.css'. Physical path: 'C:\Users\Tensay Bulcha\Source\Repos\TensuB\NineCommerce\Presentation\Nop.Web\Themes\MukeraCleanTheme\Content\css\styles.css'
info: Microsoft.AspNetCore.Hosting.Diagnostics[2]
      Request finished in 1164.8157ms 200 text/css
info: Microsoft.AspNetCore.Hosting.Diagnostics[1]
      Request starting HTTP/1.1 GET http://localhost:15536/Plugins/Widgets.NivoSlider/Content/nivoslider/nivo-slider.css  
info: Microsoft.AspNetCore.StaticFiles.StaticFileMiddleware[2]
      Sending file. Request path: '/Widgets.NivoSlider/Content/nivoslider/nivo-slider.css'. Physical path: 'C:\Users\Tensay Bulcha\Source\Repos\TensuB\NineCommerce\Presentation\Nop.Web\Plugins\Widgets.NivoSlider\Content\nivoslider\nivo-slider.css'
info: Microsoft.AspNetCore.Hosting.Diagnostics[2]
      Request finished in 2.1626ms 200 text/css
info: Microsoft.AspNetCore.Hosting.Diagnostics[1]
      Request starting HTTP/1.1 GET http://localhost:15536/Plugins/Widgets.NivoSlider/Content/nivoslider/themes/custom/custom.css  
info: Microsoft.AspNetCore.StaticFiles.StaticFileMiddleware[2]
      Sending file. Request path: '/Widgets.NivoSlider/Content/nivoslider/themes/custom/custom.css'. Physical path: 'C:\Users\Tensay Bulcha\Source\Repos\TensuB\NineCommerce\Presentation\Nop.Web\Plugins\Widgets.NivoSlider\Content\nivoslider\themes\custom\custom.css'
info: Microsoft.AspNetCore.Hosting.Diagnostics[2]
      Request finished in 1.9369ms 200 text/css
info: Microsoft.AspNetCore.StaticFiles.StaticFileMiddleware[2]
      Sending file. Request path: '/MukeraCleanTheme/Content/css/bootstrap.min.css'. Physical path: 'C:\Users\Tensay Bulcha\Source\Repos\TensuB\NineCommerce\Presentation\Nop.Web\Themes\MukeraCleanTheme\Content\css\bootstrap.min.css'
info: Microsoft.AspNetCore.Hosting.Diagnostics[2]
      Request finished in 1246.747ms 200 text/css
info: Microsoft.AspNetCore.StaticFiles.StaticFileMiddleware[2]
      Sending file. Request path: '/lib/jquery-ui/jquery-ui-1.12.1.custom/jquery-ui.min.css'. Physical path: 'C:\Users\Tensay Bulcha\Source\Repos\TensuB\NineCommerce\Presentation\Nop.Web\wwwroot\lib\jquery-ui\jquery-ui-1.12.1.custom\jquery-ui.min.css'
info: Microsoft.AspNetCore.Hosting.Diagnostics[2]
      Request finished in 1305.4754ms 200 text/css
info: Microsoft.AspNetCore.StaticFiles.StaticFileMiddleware[2]
      Sending file. Request path: '/MukeraCleanTheme/Content/assets/css/vendor.css'. Physical path: 'C:\Users\Tensay Bulcha\Source\Repos\TensuB\NineCommerce\Presentation\Nop.Web\Themes\MukeraCleanTheme\Content\assets\css\vendor.css'
info: Microsoft.AspNetCore.Hosting.Diagnostics[2]
      Request finished in 763.2999ms 200 text/css
info: Microsoft.AspNetCore.Hosting.Diagnostics[1]
      Request starting HTTP/1.1 GET http://localhost:15536/lib/jquery/jquery-3.4.1.min.js  
info: Microsoft.AspNetCore.StaticFiles.StaticFileMiddleware[2]
      Sending file. Request path: '/lib/jquery/jquery-3.4.1.min.js'. Physical path: 'C:\Users\Tensay Bulcha\Source\Repos\TensuB\NineCommerce\Presentation\Nop.Web\wwwroot\lib\jquery\jquery-3.4.1.min.js'
info: Microsoft.AspNetCore.Hosting.Diagnostics[2]
      Request finished in 206.0443ms 200 application/javascript
info: Microsoft.AspNetCore.StaticFiles.StaticFileMiddleware[2]
      Sending file. Request path: '/MukeraCleanTheme/Content/css/rest_theme_styles.css'. Physical path: 'C:\Users\Tensay Bulcha\Source\Repos\TensuB\NineCommerce\Presentation\Nop.Web\Themes\MukeraCleanTheme\Content\css\rest_theme_styles.css'
info: Microsoft.AspNetCore.Hosting.Diagnostics[2]
      Request finished in 1856.4308ms 200 text/css
info: Microsoft.AspNetCore.Hosting.Diagnostics[1]
      Request starting HTTP/1.1 GET http://localhost:15536/lib/jquery-validate/jquery.validate-v1.19.1/jquery.validate.min.js  
info: Microsoft.AspNetCore.StaticFiles.StaticFileMiddleware[2]
      Sending file. Request path: '/lib/jquery-validate/jquery.validate-v1.19.1/jquery.validate.min.js'. Physical path: 'C:\Users\Tensay Bulcha\Source\Repos\TensuB\NineCommerce\Presentation\Nop.Web\wwwroot\lib\jquery-validate\jquery.validate-v1.19.1\jquery.validate.min.js'
info: Microsoft.AspNetCore.Hosting.Diagnostics[2]
      Request finished in 30.2953ms 200 application/javascript
info: Microsoft.AspNetCore.Hosting.Diagnostics[1]
      Request starting HTTP/1.1 GET http://localhost:15536/lib/jquery-validate/jquery.validate.unobtrusive-v3.2.11/jquery.validate.unobtrusive.min.js  
info: Microsoft.AspNetCore.StaticFiles.StaticFileMiddleware[2]
      Sending file. Request path: '/lib/jquery-validate/jquery.validate.unobtrusive-v3.2.11/jquery.validate.unobtrusive.min.js'. Physical path: 'C:\Users\Tensay Bulcha\Source\Repos\TensuB\NineCommerce\Presentation\Nop.Web\wwwroot\lib\jquery-validate\jquery.validate.unobtrusive-v3.2.11\jquery.validate.unobtrusive.min.js'
info: Microsoft.AspNetCore.Hosting.Diagnostics[2]
      Request finished in 17.1947ms 200 application/javascript
info: Microsoft.AspNetCore.Hosting.Diagnostics[1]
      Request starting HTTP/1.1 GET http://localhost:15536/js/public.common.js  
info: Microsoft.AspNetCore.Hosting.Diagnostics[1]
      Request starting HTTP/1.1 GET http://localhost:15536/lib/jquery-migrate/jquery-migrate-3.1.0.min.js  
info: Microsoft.AspNetCore.Hosting.Diagnostics[1]
      Request starting HTTP/1.1 GET http://localhost:15536/js/public.ajaxcart.js  
info: Microsoft.AspNetCore.StaticFiles.StaticFileMiddleware[2]
      Sending file. Request path: '/js/public.common.js'. Physical path: 'C:\Users\Tensay Bulcha\Source\Repos\TensuB\NineCommerce\Presentation\Nop.Web\wwwroot\js\public.common.js'
info: Microsoft.AspNetCore.Hosting.Diagnostics[2]
      Request finished in 19.3008ms 200 application/javascript
info: Microsoft.AspNetCore.Hosting.Diagnostics[1]
      Request starting HTTP/1.1 GET http://localhost:15536/Themes/MukeraCleanTheme/Content/js/bootstrap.min.js  
info: Microsoft.AspNetCore.Hosting.Diagnostics[1]
      Request starting HTTP/1.1 GET http://localhost:15536/js/public.countryselect.js  
info: Microsoft.AspNetCore.StaticFiles.StaticFileMiddleware[2]
      Sending file. Request path: '/js/public.ajaxcart.js'. Physical path: 'C:\Users\Tensay Bulcha\Source\Repos\TensuB\NineCommerce\Presentation\Nop.Web\wwwroot\js\public.ajaxcart.js'
info: Microsoft.AspNetCore.Hosting.Diagnostics[2]
      Request finished in 27.9537ms 200 application/javascript
info: Microsoft.AspNetCore.Hosting.Diagnostics[1]
      Request starting HTTP/1.1 GET http://localhost:15536/lib/jquery-ui/jquery-ui-1.12.1.custom/jquery-ui.min.js  
info: Microsoft.AspNetCore.StaticFiles.StaticFileMiddleware[2]
      Sending file. Request path: '/js/public.countryselect.js'. Physical path: 'C:\Users\Tensay Bulcha\Source\Repos\TensuB\NineCommerce\Presentation\Nop.Web\wwwroot\js\public.countryselect.js'
info: Microsoft.AspNetCore.Hosting.Diagnostics[2]
      Request finished in 27.3162ms 200 application/javascript
info: Microsoft.AspNetCore.StaticFiles.StaticFileMiddleware[2]
      Sending file. Request path: '/lib/jquery-migrate/jquery-migrate-3.1.0.min.js'. Physical path: 'C:\Users\Tensay Bulcha\Source\Repos\TensuB\NineCommerce\Presentation\Nop.Web\wwwroot\lib\jquery-migrate\jquery-migrate-3.1.0.min.js'
info: Microsoft.AspNetCore.Hosting.Diagnostics[2]
      Request finished in 81.8732ms 200 application/javascript
info: Microsoft.AspNetCore.StaticFiles.StaticFileMiddleware[2]
      Sending file. Request path: '/MukeraCleanTheme/Content/js/bootstrap.min.js'. Physical path: 'C:\Users\Tensay Bulcha\Source\Repos\TensuB\NineCommerce\Presentation\Nop.Web\Themes\MukeraCleanTheme\Content\js\bootstrap.min.js'
info: Microsoft.AspNetCore.Hosting.Diagnostics[2]
      Request finished in 98.0456ms 200 application/javascript
info: Microsoft.AspNetCore.StaticFiles.StaticFileMiddleware[2]
      Sending file. Request path: '/lib/jquery-ui/jquery-ui-1.12.1.custom/jquery-ui.min.js'. Physical path: 'C:\Users\Tensay Bulcha\Source\Repos\TensuB\NineCommerce\Presentation\Nop.Web\wwwroot\lib\jquery-ui\jquery-ui-1.12.1.custom\jquery-ui.min.js'
info: Microsoft.AspNetCore.Hosting.Diagnostics[2]
      Request finished in 296.6629ms 200 application/javascript
info: Microsoft.AspNetCore.Hosting.Diagnostics[1]
      Request starting HTTP/1.1 GET http://localhost:15536/Themes/MukeraCleanTheme/Content/assets/js/app.js  
info: Microsoft.AspNetCore.Hosting.Diagnostics[1]
      Request starting HTTP/1.1 GET http://localhost:15536/Themes/MukeraCleanTheme/Content/assets/js/vendor.js  
info: Microsoft.AspNetCore.Hosting.Diagnostics[1]
      Request starting HTTP/1.1 GET http://localhost:15536/Plugins/Widgets.NivoSlider/Scripts/jquery.nivo.slider.js  
info: Microsoft.AspNetCore.Hosting.Diagnostics[1]
      Request starting HTTP/1.1 GET http://localhost:15536/Themes/MukeraCleanTheme/Content/js/core.min.js  
info: Microsoft.AspNetCore.Hosting.Diagnostics[1]
      Request starting HTTP/1.1 GET http://localhost:15536/Themes/MukeraCleanTheme/Content/js/script.js  
info: Microsoft.AspNetCore.StaticFiles.StaticFileMiddleware[2]
      Sending file. Request path: '/Widgets.NivoSlider/Scripts/jquery.nivo.slider.js'. Physical path: 'C:\Users\Tensay Bulcha\Source\Repos\TensuB\NineCommerce\Presentation\Nop.Web\Plugins\Widgets.NivoSlider\Scripts\jquery.nivo.slider.js'
info: Microsoft.AspNetCore.Hosting.Diagnostics[2]
      Request finished in 5.9439ms 200 application/javascript
info: Microsoft.AspNetCore.Hosting.Diagnostics[1]
      Request starting HTTP/1.1 GET http://localhost:15536/Themes/MukeraCleanTheme/Content/images/logo.png  
info: Microsoft.AspNetCore.StaticFiles.StaticFileMiddleware[2]
      Sending file. Request path: '/MukeraCleanTheme/Content/assets/js/app.js'. Physical path: 'C:\Users\Tensay Bulcha\Source\Repos\TensuB\NineCommerce\Presentation\Nop.Web\Themes\MukeraCleanTheme\Content\assets\js\app.js'
info: Microsoft.AspNetCore.Hosting.Diagnostics[2]
      Request finished in 16.5472ms 200 application/javascript
info: Microsoft.AspNetCore.Hosting.Diagnostics[1]
      Request starting HTTP/1.1 GET http://localhost:15536/images/thumbs/0000009_slider_image_one.png  
info: Microsoft.AspNetCore.Hosting.Diagnostics[1]
      Request starting HTTP/1.1 GET http://localhost:15536/images/thumbs/0000013_restaurant-image.png  
info: Microsoft.AspNetCore.StaticFiles.StaticFileMiddleware[2]
      Sending file. Request path: '/MukeraCleanTheme/Content/js/script.js'. Physical path: 'C:\Users\Tensay Bulcha\Source\Repos\TensuB\NineCommerce\Presentation\Nop.Web\Themes\MukeraCleanTheme\Content\js\script.js'
info: Microsoft.AspNetCore.Hosting.Diagnostics[2]
      Request finished in 100.341ms 200 application/javascript
info: Microsoft.AspNetCore.Hosting.Diagnostics[1]
      Request starting HTTP/1.1 GET http://localhost:15536/images/thumbs/0000012_slider_image_two.png  
info: Microsoft.AspNetCore.StaticFiles.StaticFileMiddleware[2]
      Sending file. Request path: '/images/thumbs/0000012_slider_image_two.png'. Physical path: 'C:\Users\Tensay Bulcha\Source\Repos\TensuB\NineCommerce\Presentation\Nop.Web\wwwroot\images\thumbs\0000012_slider_image_two.png'
info: Microsoft.AspNetCore.Hosting.Diagnostics[2]
      Request finished in 250.7839ms 200 image/png
info: Microsoft.AspNetCore.StaticFiles.StaticFileMiddleware[2]
      Sending file. Request path: '/MukeraCleanTheme/Content/images/logo.png'. Physical path: 'C:\Users\Tensay Bulcha\Source\Repos\TensuB\NineCommerce\Presentation\Nop.Web\Themes\MukeraCleanTheme\Content\images\logo.png'
info: Microsoft.AspNetCore.Hosting.Diagnostics[2]
      Request finished in 415.2321ms 200 image/png
info: Microsoft.AspNetCore.Hosting.Diagnostics[1]
      Request starting HTTP/1.1 GET http://localhost:15536/Themes/MukeraCleanTheme/Content/images/loading.gif  
info: Microsoft.AspNetCore.StaticFiles.StaticFileMiddleware[2]
      Sending file. Request path: '/MukeraCleanTheme/Content/images/loading.gif'. Physical path: 'C:\Users\Tensay Bulcha\Source\Repos\TensuB\NineCommerce\Presentation\Nop.Web\Themes\MukeraCleanTheme\Content\images\loading.gif'
info: Microsoft.AspNetCore.Hosting.Diagnostics[2]
      Request finished in 205.5894ms 200 image/gif
info: Microsoft.AspNetCore.StaticFiles.StaticFileMiddleware[2]
      Sending file. Request path: '/images/thumbs/0000013_restaurant-image.png'. Physical path: 'C:\Users\Tensay Bulcha\Source\Repos\TensuB\NineCommerce\Presentation\Nop.Web\wwwroot\images\thumbs\0000013_restaurant-image.png'
info: Microsoft.AspNetCore.Hosting.Diagnostics[2]
      Request finished in 1569.4626ms 200 image/png
info: Microsoft.AspNetCore.Hosting.Diagnostics[1]
      Request starting HTTP/1.1 GET http://localhost:15536/Plugins/Widgets.NivoSlider/Content/nivoslider/themes/custom/loading.gif  
info: Microsoft.AspNetCore.StaticFiles.StaticFileMiddleware[2]
      Sending file. Request path: '/Widgets.NivoSlider/Content/nivoslider/themes/custom/loading.gif'. Physical path: 'C:\Users\Tensay Bulcha\Source\Repos\TensuB\NineCommerce\Presentation\Nop.Web\Plugins\Widgets.NivoSlider\Content\nivoslider\themes\custom\loading.gif'
info: Microsoft.AspNetCore.Hosting.Diagnostics[2]
      Request finished in 9.4083ms 200 image/gif
info: Microsoft.AspNetCore.StaticFiles.StaticFileMiddleware[2]
      Sending file. Request path: '/images/thumbs/0000009_slider_image_one.png'. Physical path: 'C:\Users\Tensay Bulcha\Source\Repos\TensuB\NineCommerce\Presentation\Nop.Web\wwwroot\images\thumbs\0000009_slider_image_one.png'
info: Microsoft.AspNetCore.Hosting.Diagnostics[2]
      Request finished in 2120.7941ms 200 image/png
info: Microsoft.AspNetCore.Hosting.Diagnostics[1]
      Request starting HTTP/1.1 GET http://localhost:15536/Themes/MukeraCleanTheme/Content/images/new-background-dark.png  
info: Microsoft.AspNetCore.StaticFiles.StaticFileMiddleware[2]
      Sending file. Request path: '/MukeraCleanTheme/Content/assets/js/vendor.js'. Physical path: 'C:\Users\Tensay Bulcha\Source\Repos\TensuB\NineCommerce\Presentation\Nop.Web\Themes\MukeraCleanTheme\Content\assets\js\vendor.js'
info: Microsoft.AspNetCore.Hosting.Diagnostics[2]
      Request finished in 3689.5688ms 200 application/javascript
info: Microsoft.AspNetCore.Hosting.Diagnostics[1]
      Request starting HTTP/1.1 GET http://localhost:15536/Themes/MukeraCleanTheme/Content/fonts/fontawesome-webfont.woff2?v=4.5.0  
info: Microsoft.AspNetCore.StaticFiles.StaticFileMiddleware[2]
      Sending file. Request path: '/MukeraCleanTheme/Content/fonts/fontawesome-webfont.woff2'. Physical path: 'C:\Users\Tensay Bulcha\Source\Repos\TensuB\NineCommerce\Presentation\Nop.Web\Themes\MukeraCleanTheme\Content\fonts\fontawesome-webfont.woff2'
info: Microsoft.AspNetCore.Hosting.Diagnostics[2]
      Request finished in 69.6307ms 200 font/woff2
info: Microsoft.AspNetCore.Hosting.Diagnostics[1]
      Request starting HTTP/1.1 GET http://localhost:15536/Themes/MukeraCleanTheme/Content/assets/fonts/icomoon.ttf?q2xewv  
info: Microsoft.AspNetCore.StaticFiles.StaticFileMiddleware[2]
      Sending file. Request path: '/MukeraCleanTheme/Content/js/core.min.js'. Physical path: 'C:\Users\Tensay Bulcha\Source\Repos\TensuB\NineCommerce\Presentation\Nop.Web\Themes\MukeraCleanTheme\Content\js\core.min.js'
info: Microsoft.AspNetCore.Hosting.Diagnostics[2]
      Request finished in 4272.9341ms 200 application/javascript
info: Microsoft.AspNetCore.StaticFiles.StaticFileMiddleware[2]
      Sending file. Request path: '/MukeraCleanTheme/Content/assets/fonts/icomoon.ttf'. Physical path: 'C:\Users\Tensay Bulcha\Source\Repos\TensuB\NineCommerce\Presentation\Nop.Web\Themes\MukeraCleanTheme\Content\assets\fonts\icomoon.ttf'
info: Microsoft.AspNetCore.Hosting.Diagnostics[2]
      Request finished in 283.3256ms 200 application/x-font-ttf
info: Microsoft.AspNetCore.StaticFiles.StaticFileMiddleware[2]
      Sending file. Request path: '/MukeraCleanTheme/Content/images/new-background-dark.png'. Physical path: 'C:\Users\Tensay Bulcha\Source\Repos\TensuB\NineCommerce\Presentation\Nop.Web\Themes\MukeraCleanTheme\Content\images\new-background-dark.png'
info: Microsoft.AspNetCore.Hosting.Diagnostics[2]
      Request finished in 2556.5265ms 200 image/png
info: Microsoft.AspNetCore.Hosting.Diagnostics[1]
      Request starting HTTP/1.1 GET http://localhost:15536/icons/icons_0/site.webmanifest  
info: Microsoft.AspNetCore.Hosting.Diagnostics[1]
      Request starting HTTP/1.1 GET http://localhost:15536/icons/icons_0/favicon.ico  
info: Microsoft.AspNetCore.StaticFiles.StaticFileMiddleware[2]
      Sending file. Request path: '/icons/icons_0/favicon.ico'. Physical path: 'C:\Users\Tensay Bulcha\Source\Repos\TensuB\NineCommerce\Presentation\Nop.Web\wwwroot\icons\icons_0\favicon.ico'
info: Microsoft.AspNetCore.Hosting.Diagnostics[2]
      Request finished in 32.7913ms 200 image/x-icon
info: Microsoft.AspNetCore.StaticFiles.StaticFileMiddleware[2]
      Sending file. Request path: '/icons_0/site.webmanifest'. Physical path: 'C:\Users\Tensay Bulcha\Source\Repos\TensuB\NineCommerce\Presentation\Nop.Web\wwwroot\icons\icons_0\site.webmanifest'
info: Microsoft.AspNetCore.Hosting.Diagnostics[2]
      Request finished in 59.1608ms 200 application/manifest+json
info: System.Net.Http.HttpClient.default.LogicalHandler[100]
      Start processing HTTP request POST http://joysmarter2staff-099-site1.btempurl.com/scheduletask/runtask
info: System.Net.Http.HttpClient.default.ClientHandler[100]
      Sending HTTP request POST http://joysmarter2staff-099-site1.btempurl.com/scheduletask/runtask
info: Microsoft.AspNetCore.Hosting.Diagnostics[1]
      Request starting HTTP/1.1 GET http://localhost:15536/customer/info  
info: Microsoft.AspNetCore.Routing.EndpointMiddleware[0]
      Executing endpoint 'Nop.Web.Controllers.CustomerController.Info (Nop.Web)'
info: Microsoft.AspNetCore.Mvc.Infrastructure.ControllerActionInvoker[3]
      Route matched with {action = "Info", controller = "Customer", area = ""}. Executing controller action with signature Microsoft.AspNetCore.Mvc.IActionResult Info() on controller Nop.Web.Controllers.CustomerController (Nop.Web).
info: Microsoft.AspNetCore.Mvc.ChallengeResult[1]
      Executing ChallengeResult with authentication schemes ().
info: Microsoft.AspNetCore.Authentication.Cookies.CookieAuthenticationHandler[12]
      AuthenticationScheme: Authentication was challenged.
info: Microsoft.AspNetCore.Mvc.Infrastructure.ControllerActionInvoker[2]
      Executed action Nop.Web.Controllers.CustomerController.Info (Nop.Web) in 27.8605ms
info: Microsoft.AspNetCore.Routing.EndpointMiddleware[1]
      Executed endpoint 'Nop.Web.Controllers.CustomerController.Info (Nop.Web)'
info: Microsoft.AspNetCore.Hosting.Diagnostics[2]
      Request finished in 1146.519ms 302 
info: Microsoft.AspNetCore.Hosting.Diagnostics[1]
      Request starting HTTP/1.1 GET http://localhost:15536/login?ReturnUrl=%2Fcustomer%2Finfo  
info: Microsoft.AspNetCore.Routing.EndpointMiddleware[0]
      Executing endpoint 'Nop.Web.Controllers.CustomerController.Login (Nop.Web)'
info: Microsoft.AspNetCore.Mvc.Infrastructure.ControllerActionInvoker[3]
      Route matched with {action = "Login", controller = "Customer", area = ""}. Executing controller action with signature Microsoft.AspNetCore.Mvc.IActionResult Login(System.Nullable`1[System.Boolean]) on controller Nop.Web.Controllers.CustomerController (Nop.Web).
info: Microsoft.AspNetCore.Mvc.ViewFeatures.ViewResultExecutor[1]
      Executing ViewResult, running view Login.
info: Microsoft.AspNetCore.Mvc.ViewFeatures.ViewResultExecutor[4]
      Executed ViewResult - view Login executed in 1081.1789ms.
info: Microsoft.AspNetCore.Mvc.Infrastructure.ControllerActionInvoker[2]
      Executed action Nop.Web.Controllers.CustomerController.Login (Nop.Web) in 1094.9629ms
info: Microsoft.AspNetCore.Routing.EndpointMiddleware[1]
      Executed endpoint 'Nop.Web.Controllers.CustomerController.Login (Nop.Web)'
info: Microsoft.AspNetCore.Hosting.Diagnostics[2]
      Request finished in 1392.5856ms 200 text/html; charset=utf-8
info: System.Net.Http.HttpClient.default.LogicalHandler[100]
      Start processing HTTP request POST http://joysmarter2staff-099-site1.btempurl.com/scheduletask/runtask
info: System.Net.Http.HttpClient.default.ClientHandler[100]
      Sending HTTP request POST http://joysmarter2staff-099-site1.btempurl.com/scheduletask/runtask
info: System.Net.Http.HttpClient.default.LogicalHandler[100]
      Start processing HTTP request POST http://joysmarter2staff-099-site1.btempurl.com/scheduletask/runtask
info: System.Net.Http.HttpClient.default.ClientHandler[100]
      Sending HTTP request POST http://joysmarter2staff-099-site1.btempurl.com/scheduletask/runtask
info: Microsoft.AspNetCore.Hosting.Diagnostics[1]
      Request starting HTTP/1.1 GET http://localhost:15536/register?returnUrl=%2Fcustomer%2Finfo  
info: Microsoft.AspNetCore.Routing.EndpointMiddleware[0]
      Executing endpoint 'Nop.Web.Controllers.CustomerController.Register (Nop.Web)'
info: Microsoft.AspNetCore.Mvc.Infrastructure.ControllerActionInvoker[3]
      Route matched with {action = "Register", controller = "Customer", area = ""}. Executing controller action with signature Microsoft.AspNetCore.Mvc.IActionResult Register() on controller Nop.Web.Controllers.CustomerController (Nop.Web).
info: Microsoft.AspNetCore.Mvc.ViewFeatures.ViewResultExecutor[1]
      Executing ViewResult, running view Register.
info: Microsoft.AspNetCore.Mvc.ViewFeatures.ViewResultExecutor[4]
      Executed ViewResult - view Register executed in 1401.5604ms.
info: Microsoft.AspNetCore.Mvc.Infrastructure.ControllerActionInvoker[2]
      Executed action Nop.Web.Controllers.CustomerController.Register (Nop.Web) in 1646.7866ms
info: Microsoft.AspNetCore.Routing.EndpointMiddleware[1]
      Executed endpoint 'Nop.Web.Controllers.CustomerController.Register (Nop.Web)'
info: Microsoft.AspNetCore.Hosting.Diagnostics[2]
      Request finished in 1931.6762ms 200 text/html; charset=utf-8
info: Microsoft.AspNetCore.Hosting.Diagnostics[1]
      Request starting HTTP/1.1 GET http://localhost:15536/login?ReturnUrl=%2Fcustomer%2Finfo  
info: Microsoft.AspNetCore.Routing.EndpointMiddleware[0]
      Executing endpoint 'Nop.Web.Controllers.CustomerController.Login (Nop.Web)'
info: Microsoft.AspNetCore.Mvc.Infrastructure.ControllerActionInvoker[3]
      Route matched with {action = "Login", controller = "Customer", area = ""}. Executing controller action with signature Microsoft.AspNetCore.Mvc.IActionResult Login(System.Nullable`1[System.Boolean]) on controller Nop.Web.Controllers.CustomerController (Nop.Web).
info: Microsoft.AspNetCore.Mvc.ViewFeatures.ViewResultExecutor[1]
      Executing ViewResult, running view Login.
info: Microsoft.AspNetCore.Mvc.ViewFeatures.ViewResultExecutor[4]
      Executed ViewResult - view Login executed in 1422.9331ms.
info: Microsoft.AspNetCore.Mvc.Infrastructure.ControllerActionInvoker[2]
      Executed action Nop.Web.Controllers.CustomerController.Login (Nop.Web) in 1427.0545ms
info: Microsoft.AspNetCore.Routing.EndpointMiddleware[1]
      Executed endpoint 'Nop.Web.Controllers.CustomerController.Login (Nop.Web)'
info: Microsoft.AspNetCore.Hosting.Diagnostics[2]
      Request finished in 2113.4223ms 200 text/html; charset=utf-8
info: System.Net.Http.HttpClient.default.LogicalHandler[100]
      Start processing HTTP request POST http://joysmarter2staff-099-site1.btempurl.com/scheduletask/runtask
info: System.Net.Http.HttpClient.default.ClientHandler[100]
      Sending HTTP request POST http://joysmarter2staff-099-site1.btempurl.com/scheduletask/runtask
info: System.Net.Http.HttpClient.default.LogicalHandler[100]
      Start processing HTTP request POST http://joysmarter2staff-099-site1.btempurl.com/scheduletask/runtask
info: System.Net.Http.HttpClient.default.ClientHandler[100]
      Sending HTTP request POST http://joysmarter2staff-099-site1.btempurl.com/scheduletask/runtask
info: System.Net.Http.HttpClient.default.LogicalHandler[100]
      Start processing HTTP request POST http://joysmarter2staff-099-site1.btempurl.com/scheduletask/runtask
info: System.Net.Http.HttpClient.default.ClientHandler[100]
      Sending HTTP request POST http://joysmarter2staff-099-site1.btempurl.com/scheduletask/runtask
info: System.Net.Http.HttpClient.default.LogicalHandler[100]
      Start processing HTTP request POST http://joysmarter2staff-099-site1.btempurl.com/scheduletask/runtask
info: System.Net.Http.HttpClient.default.ClientHandler[100]
      Sending HTTP request POST http://joysmarter2staff-099-site1.btempurl.com/scheduletask/runtask
info: Microsoft.AspNetCore.Hosting.Diagnostics[1]
      Request starting HTTP/1.1 GET http://localhost:15536/login?ReturnUrl=%2Fcustomer%2Finfo  
info: System.Net.Http.HttpClient.default.LogicalHandler[100]
      Start processing HTTP request POST http://joysmarter2staff-099-site1.btempurl.com/scheduletask/runtask
info: System.Net.Http.HttpClient.default.ClientHandler[100]
      Sending HTTP request POST http://joysmarter2staff-099-site1.btempurl.com/scheduletask/runtask
info: Microsoft.AspNetCore.Routing.EndpointMiddleware[0]
      Executing endpoint 'Nop.Web.Controllers.CustomerController.Login (Nop.Web)'
info: Microsoft.AspNetCore.Mvc.Infrastructure.ControllerActionInvoker[3]
      Route matched with {action = "Login", controller = "Customer", area = ""}. Executing controller action with signature Microsoft.AspNetCore.Mvc.IActionResult Login(System.Nullable`1[System.Boolean]) on controller Nop.Web.Controllers.CustomerController (Nop.Web).
info: Microsoft.AspNetCore.Mvc.ViewFeatures.ViewResultExecutor[1]
      Executing ViewResult, running view Login.
info: Microsoft.AspNetCore.Mvc.ViewFeatures.ViewResultExecutor[4]
      Executed ViewResult - view Login executed in 5037.3583ms.
info: Microsoft.AspNetCore.Mvc.Infrastructure.ControllerActionInvoker[2]
      Executed action Nop.Web.Controllers.CustomerController.Login (Nop.Web) in 5040.9996ms
info: Microsoft.AspNetCore.Routing.EndpointMiddleware[1]
      Executed endpoint 'Nop.Web.Controllers.CustomerController.Login (Nop.Web)'
info: Microsoft.AspNetCore.Hosting.Diagnostics[2]
      Request finished in 6185.7796ms 200 text/html; charset=utf-8
info: Microsoft.AspNetCore.Hosting.Diagnostics[1]
      Request starting HTTP/1.1 GET http://localhost:15536/icons/icons_0/favicon.ico  
info: Microsoft.AspNetCore.StaticFiles.StaticFileMiddleware[2]
      Sending file. Request path: '/icons/icons_0/favicon.ico'. Physical path: 'C:\Users\Tensay Bulcha\Source\Repos\TensuB\NineCommerce\Presentation\Nop.Web\wwwroot\icons\icons_0\favicon.ico'
info: Microsoft.AspNetCore.Hosting.Diagnostics[2]
      Request finished in 6.8545ms 200 image/x-icon
info: System.Net.Http.HttpClient.default.LogicalHandler[100]
      Start processing HTTP request POST http://joysmarter2staff-099-site1.btempurl.com/scheduletask/runtask
info: System.Net.Http.HttpClient.default.ClientHandler[100]
      Sending HTTP request POST http://joysmarter2staff-099-site1.btempurl.com/scheduletask/runtask
info: Microsoft.AspNetCore.Hosting.Diagnostics[1]
      Request starting HTTP/1.1 GET http://localhost:15536/Themes/MukeraCleanTheme/Content/js/bootstrap.min.js.map  
info: Microsoft.AspNetCore.Hosting.Diagnostics[1]
      Request starting HTTP/1.1 GET http://localhost:15536/Themes/MukeraCleanTheme/Content/assets/css/style.css.map  
info: Microsoft.AspNetCore.Hosting.Diagnostics[1]
      Request starting HTTP/1.1 GET http://localhost:15536/Themes/MukeraCleanTheme/Content/css/style.css.map  
info: Microsoft.AspNetCore.Hosting.Diagnostics[1]
      Request starting HTTP/1.1 GET http://localhost:15536/Themes/MukeraCleanTheme/Content/assets/js/vendor.js.map  
info: Microsoft.AspNetCore.StaticFiles.StaticFileMiddleware[2]
      Sending file. Request path: '/MukeraCleanTheme/Content/assets/css/style.css.map'. Physical path: 'C:\Users\Tensay Bulcha\Source\Repos\TensuB\NineCommerce\Presentation\Nop.Web\Themes\MukeraCleanTheme\Content\assets\css\style.css.map'
info: Microsoft.AspNetCore.Hosting.Diagnostics[2]
      Request finished in 381.8247ms 200 text/plain
info: Microsoft.AspNetCore.Hosting.Diagnostics[2]
      Request finished in 838.1683ms 404 
info: Microsoft.AspNetCore.Hosting.Diagnostics[2]
      Request finished in 864.9469ms 404 
info: Microsoft.AspNetCore.StaticFiles.StaticFileMiddleware[2]
      Sending file. Request path: '/MukeraCleanTheme/Content/assets/js/vendor.js.map'. Physical path: 'C:\Users\Tensay Bulcha\Source\Repos\TensuB\NineCommerce\Presentation\Nop.Web\Themes\MukeraCleanTheme\Content\assets\js\vendor.js.map'
info: Microsoft.AspNetCore.Hosting.Diagnostics[2]
      Request finished in 1166.6764ms 200 text/plain
info: System.Net.Http.HttpClient.default.LogicalHandler[100]
      Start processing HTTP request POST http://joysmarter2staff-099-site1.btempurl.com/scheduletask/runtask
info: System.Net.Http.HttpClient.default.ClientHandler[100]
      Sending HTTP request POST http://joysmarter2staff-099-site1.btempurl.com/scheduletask/runtask
info: System.Net.Http.HttpClient.default.LogicalHandler[100]
      Start processing HTTP request POST http://joysmarter2staff-099-site1.btempurl.com/scheduletask/runtask
info: System.Net.Http.HttpClient.default.ClientHandler[100]
      Sending HTTP request POST http://joysmarter2staff-099-site1.btempurl.com/scheduletask/runtask
info: System.Net.Http.HttpClient.default.LogicalHandler[100]
      Start processing HTTP request POST http://joysmarter2staff-099-site1.btempurl.com/scheduletask/runtask
info: System.Net.Http.HttpClient.default.ClientHandler[100]
      Sending HTTP request POST http://joysmarter2staff-099-site1.btempurl.com/scheduletask/runtask
info: System.Net.Http.HttpClient.default.LogicalHandler[100]
      Start processing HTTP request POST http://joysmarter2staff-099-site1.btempurl.com/scheduletask/runtask
info: System.Net.Http.HttpClient.default.ClientHandler[100]
      Sending HTTP request POST http://joysmarter2staff-099-site1.btempurl.com/scheduletask/runtask
info: System.Net.Http.HttpClient.default.LogicalHandler[100]
      Start processing HTTP request POST http://joysmarter2staff-099-site1.btempurl.com/scheduletask/runtask
info: System.Net.Http.HttpClient.default.ClientHandler[100]
      Sending HTTP request POST http://joysmarter2staff-099-site1.btempurl.com/scheduletask/runtask
info: System.Net.Http.HttpClient.default.LogicalHandler[100]
      Start processing HTTP request POST http://joysmarter2staff-099-site1.btempurl.com/scheduletask/runtask
info: System.Net.Http.HttpClient.default.ClientHandler[100]
      Sending HTTP request POST http://joysmarter2staff-099-site1.btempurl.com/scheduletask/runtask
info: Microsoft.AspNetCore.Hosting.Diagnostics[1]
      Request starting HTTP/1.1 GET http://localhost:15536/login?ReturnUrl=%2Fcustomer%2Finfo  
info: Microsoft.AspNetCore.Routing.EndpointMiddleware[0]
      Executing endpoint 'Nop.Web.Controllers.CustomerController.Login (Nop.Web)'
info: Microsoft.AspNetCore.Mvc.Infrastructure.ControllerActionInvoker[3]
      Route matched with {action = "Login", controller = "Customer", area = ""}. Executing controller action with signature Microsoft.AspNetCore.Mvc.IActionResult Login(System.Nullable`1[System.Boolean]) on controller Nop.Web.Controllers.CustomerController (Nop.Web).
info: Microsoft.AspNetCore.Mvc.ViewFeatures.ViewResultExecutor[1]
      Executing ViewResult, running view Login.
info: Microsoft.AspNetCore.Mvc.ViewFeatures.ViewResultExecutor[4]
      Executed ViewResult - view Login executed in 719.8804ms.
info: Microsoft.AspNetCore.Mvc.Infrastructure.ControllerActionInvoker[2]
      Executed action Nop.Web.Controllers.CustomerController.Login (Nop.Web) in 724.0589ms
info: Microsoft.AspNetCore.Routing.EndpointMiddleware[1]
      Executed endpoint 'Nop.Web.Controllers.CustomerController.Login (Nop.Web)'
info: Microsoft.AspNetCore.Hosting.Diagnostics[2]
      Request finished in 1095.9814ms 200 text/html; charset=utf-8
info: Microsoft.AspNetCore.Hosting.Diagnostics[1]
      Request starting HTTP/1.1 GET http://localhost:15536/icons/icons_0/favicon.ico  
info: Microsoft.AspNetCore.StaticFiles.StaticFileMiddleware[2]
      Sending file. Request path: '/icons/icons_0/favicon.ico'. Physical path: 'C:\Users\Tensay Bulcha\Source\Repos\TensuB\NineCommerce\Presentation\Nop.Web\wwwroot\icons\icons_0\favicon.ico'
info: Microsoft.AspNetCore.Hosting.Diagnostics[2]
      Request finished in 1.6539ms 200 image/x-icon
info: System.Net.Http.HttpClient.default.LogicalHandler[100]
      Start processing HTTP request POST http://joysmarter2staff-099-site1.btempurl.com/scheduletask/runtask
info: System.Net.Http.HttpClient.default.ClientHandler[100]
      Sending HTTP request POST http://joysmarter2staff-099-site1.btempurl.com/scheduletask/runtask
info: Microsoft.AspNetCore.Hosting.Diagnostics[1]
      Request starting HTTP/1.1 GET http://localhost:15536/login?ReturnUrl=%2Fcustomer%2Finfo  
info: Microsoft.AspNetCore.Routing.EndpointMiddleware[0]
      Executing endpoint 'Nop.Web.Controllers.CustomerController.Login (Nop.Web)'
info: Microsoft.AspNetCore.Mvc.Infrastructure.ControllerActionInvoker[3]
      Route matched with {action = "Login", controller = "Customer", area = ""}. Executing controller action with signature Microsoft.AspNetCore.Mvc.IActionResult Login(System.Nullable`1[System.Boolean]) on controller Nop.Web.Controllers.CustomerController (Nop.Web).
info: Microsoft.AspNetCore.Mvc.ViewFeatures.ViewResultExecutor[1]
      Executing ViewResult, running view Login.
info: Microsoft.AspNetCore.Mvc.ViewFeatures.ViewResultExecutor[4]
      Executed ViewResult - view Login executed in 2216.7885ms.
info: Microsoft.AspNetCore.Mvc.Infrastructure.ControllerActionInvoker[2]
      Executed action Nop.Web.Controllers.CustomerController.Login (Nop.Web) in 2222.8945ms
info: Microsoft.AspNetCore.Routing.EndpointMiddleware[1]
      Executed endpoint 'Nop.Web.Controllers.CustomerController.Login (Nop.Web)'
info: Microsoft.AspNetCore.Hosting.Diagnostics[2]
      Request finished in 2678.8832ms 200 text/html; charset=utf-8
info: Microsoft.AspNetCore.Hosting.Diagnostics[1]
      Request starting HTTP/1.1 GET http://localhost:15536/icons/icons_0/favicon.ico  
info: Microsoft.AspNetCore.StaticFiles.StaticFileMiddleware[2]
      Sending file. Request path: '/icons/icons_0/favicon.ico'. Physical path: 'C:\Users\Tensay Bulcha\Source\Repos\TensuB\NineCommerce\Presentation\Nop.Web\wwwroot\icons\icons_0\favicon.ico'
info: Microsoft.AspNetCore.Hosting.Diagnostics[2]
      Request finished in 2.0521ms 200 image/x-icon
info: Microsoft.AspNetCore.Hosting.Diagnostics[1]
      Request starting HTTP/1.1 GET http://localhost:15536/login?ReturnUrl=%2Fcustomer%2Finfo  
info: Microsoft.AspNetCore.Routing.EndpointMiddleware[0]
      Executing endpoint 'Nop.Web.Controllers.CustomerController.Login (Nop.Web)'
info: Microsoft.AspNetCore.Mvc.Infrastructure.ControllerActionInvoker[3]
      Route matched with {action = "Login", controller = "Customer", area = ""}. Executing controller action with signature Microsoft.AspNetCore.Mvc.IActionResult Login(System.Nullable`1[System.Boolean]) on controller Nop.Web.Controllers.CustomerController (Nop.Web).
info: Microsoft.AspNetCore.Mvc.ViewFeatures.ViewResultExecutor[1]
      Executing ViewResult, running view Login.
info: Microsoft.AspNetCore.Mvc.ViewFeatures.ViewResultExecutor[4]
      Executed ViewResult - view Login executed in 2504.1224ms.
info: Microsoft.AspNetCore.Mvc.Infrastructure.ControllerActionInvoker[2]
      Executed action Nop.Web.Controllers.CustomerController.Login (Nop.Web) in 2507.6324ms
info: Microsoft.AspNetCore.Routing.EndpointMiddleware[1]
      Executed endpoint 'Nop.Web.Controllers.CustomerController.Login (Nop.Web)'
info: Microsoft.AspNetCore.Hosting.Diagnostics[2]
      Request finished in 6543.5808ms 200 text/html; charset=utf-8
info: Microsoft.AspNetCore.Hosting.Diagnostics[1]
      Request starting HTTP/1.1 GET http://localhost:15536/icons/icons_0/favicon.ico  
info: Microsoft.AspNetCore.StaticFiles.StaticFileMiddleware[2]
      Sending file. Request path: '/icons/icons_0/favicon.ico'. Physical path: 'C:\Users\Tensay Bulcha\Source\Repos\TensuB\NineCommerce\Presentation\Nop.Web\wwwroot\icons\icons_0\favicon.ico'
info: Microsoft.AspNetCore.Hosting.Diagnostics[2]
      Request finished in 1.8932ms 200 image/x-icon
info: System.Net.Http.HttpClient.default.LogicalHandler[100]
      Start processing HTTP request POST http://joysmarter2staff-099-site1.btempurl.com/scheduletask/runtask
info: System.Net.Http.HttpClient.default.ClientHandler[100]
      Sending HTTP request POST http://joysmarter2staff-099-site1.btempurl.com/scheduletask/runtask
info: Microsoft.AspNetCore.Hosting.Diagnostics[1]
      Request starting HTTP/1.1 GET http://localhost:15536/Themes/MukeraCleanTheme/Content/js/bootstrap.min.js.map  
info: Microsoft.AspNetCore.Hosting.Diagnostics[1]
      Request starting HTTP/1.1 GET http://localhost:15536/Themes/MukeraCleanTheme/Content/css/style.css.map  
info: Microsoft.AspNetCore.Hosting.Diagnostics[2]
      Request finished in 190.5568ms 404 
info: Microsoft.AspNetCore.Hosting.Diagnostics[2]
      Request finished in 224.9793ms 404 
info: System.Net.Http.HttpClient.default.LogicalHandler[100]
      Start processing HTTP request POST http://joysmarter2staff-099-site1.btempurl.com/scheduletask/runtask
info: System.Net.Http.HttpClient.default.ClientHandler[100]
      Sending HTTP request POST http://joysmarter2staff-099-site1.btempurl.com/scheduletask/runtask
info: System.Net.Http.HttpClient.default.LogicalHandler[100]
      Start processing HTTP request POST http://joysmarter2staff-099-site1.btempurl.com/scheduletask/runtask
info: System.Net.Http.HttpClient.default.ClientHandler[100]
      Sending HTTP request POST http://joysmarter2staff-099-site1.btempurl.com/scheduletask/runtask
info: System.Net.Http.HttpClient.default.LogicalHandler[100]
      Start processing HTTP request POST http://joysmarter2staff-099-site1.btempurl.com/scheduletask/runtask
info: System.Net.Http.HttpClient.default.ClientHandler[100]
      Sending HTTP request POST http://joysmarter2staff-099-site1.btempurl.com/scheduletask/runtask


































































































































































































