info: Microsoft.Hosting.Lifetime[0]
      Now listening on: http://127.0.0.1:38808
info: Microsoft.Hosting.Lifetime[0]
      Application started. Press Ctrl+C to shut down.
info: Microsoft.Hosting.Lifetime[0]
      Hosting environment: Development
info: Microsoft.Hosting.Lifetime[0]
      Content root path: C:\Users\Tensay Bulcha\Source\Repos\TensuB\NineCommerce\Presentation\Nop.Web
info: Microsoft.AspNetCore.Hosting.Diagnostics[1]
      Request starting HTTP/1.1 GET http://localhost:15536/  
info: Microsoft.AspNetCore.Routing.EndpointMiddleware[0]
      Executing endpoint 'Nop.Web.Controllers.HomeController.Index (Nop.Web)'
info: Microsoft.AspNetCore.Mvc.Infrastructure.ControllerActionInvoker[3]
      Route matched with {action = "Index", controller = "Home", area = ""}. Executing controller action with signature Microsoft.AspNetCore.Mvc.IActionResult Index() on controller Nop.Web.Controllers.HomeController (Nop.Web).
info: Microsoft.AspNetCore.Mvc.ViewFeatures.ViewResultExecutor[1]
      Executing ViewResult, running view Index.
info: System.Net.Http.HttpClient.default.LogicalHandler[100]
      Start processing HTTP request POST http://www.otensu.com/scheduletask/runtask
info: System.Net.Http.HttpClient.default.ClientHandler[100]
      Sending HTTP request POST http://www.otensu.com/scheduletask/runtask
info: System.Net.Http.HttpClient.default.ClientHandler[101]
      Received HTTP response after 876.9207ms - NoContent
info: System.Net.Http.HttpClient.default.LogicalHandler[101]
      End processing HTTP request after 885.2289ms - NoContent
info: Microsoft.AspNetCore.Mvc.ViewFeatures.ViewResultExecutor[4]
      Executed ViewResult - view Index executed in 15049.1228ms.
info: Microsoft.AspNetCore.Mvc.Infrastructure.ControllerActionInvoker[2]
      Executed action Nop.Web.Controllers.HomeController.Index (Nop.Web) in 15728.2102ms
info: Microsoft.AspNetCore.Routing.EndpointMiddleware[1]
      Executed endpoint 'Nop.Web.Controllers.HomeController.Index (Nop.Web)'
info: Microsoft.AspNetCore.Hosting.Diagnostics[2]
      Request finished in 20132.2023ms 200 text/html; charset=utf-8
info: Microsoft.AspNetCore.Hosting.Diagnostics[1]
      Request starting HTTP/1.1 GET http://localhost:15536/Themes/MukeraCleanTheme/Content/css/rest_theme_css.css  
info: Microsoft.AspNetCore.Hosting.Diagnostics[1]
      Request starting HTTP/1.1 GET http://localhost:15536/Themes/MukeraCleanTheme/Content/assets/css/vendor.css  
info: Microsoft.AspNetCore.Hosting.Diagnostics[1]
      Request starting HTTP/1.1 GET http://localhost:15536/Themes/MukeraCleanTheme/Content/css/bootstrap.min.css  
info: Microsoft.AspNetCore.Hosting.Diagnostics[1]
      Request starting HTTP/1.1 GET http://localhost:15536/Themes/MukeraCleanTheme/Content/assets/css/style.css  
info: Microsoft.AspNetCore.Hosting.Diagnostics[1]
      Request starting HTTP/1.1 GET http://localhost:15536/Themes/MukeraCleanTheme/Content/css/styles.css  
info: Microsoft.AspNetCore.StaticFiles.StaticFileMiddleware[2]
      Sending file. Request path: '/MukeraCleanTheme/Content/css/rest_theme_css.css'. Physical path: 'C:\Users\Tensay Bulcha\Source\Repos\TensuB\NineCommerce\Presentation\Nop.Web\Themes\MukeraCleanTheme\Content\css\rest_theme_css.css'
info: Microsoft.AspNetCore.Hosting.Diagnostics[2]
      Request finished in 206.2654ms 200 text/css
info: Microsoft.AspNetCore.Hosting.Diagnostics[1]
      Request starting HTTP/1.1 GET http://localhost:15536/Themes/MukeraCleanTheme/Content/css/rest_theme_styles.css  
info: Microsoft.AspNetCore.Hosting.Diagnostics[1]
      Request starting HTTP/1.1 GET http://localhost:15536/lib/jquery-ui/jquery-ui-1.12.1.custom/jquery-ui.min.css  
info: Microsoft.AspNetCore.StaticFiles.StaticFileMiddleware[2]
      Sending file. Request path: '/MukeraCleanTheme/Content/css/bootstrap.min.css'. Physical path: 'C:\Users\Tensay Bulcha\Source\Repos\TensuB\NineCommerce\Presentation\Nop.Web\Themes\MukeraCleanTheme\Content\css\bootstrap.min.css'
info: Microsoft.AspNetCore.Hosting.Diagnostics[2]
      Request finished in 223.7224ms 200 text/css
info: Microsoft.AspNetCore.Hosting.Diagnostics[1]
      Request starting HTTP/1.1 GET http://localhost:15536/Plugins/Widgets.NivoSlider/Content/nivoslider/nivo-slider.css  
info: Microsoft.AspNetCore.StaticFiles.StaticFileMiddleware[2]
      Sending file. Request path: '/Widgets.NivoSlider/Content/nivoslider/nivo-slider.css'. Physical path: 'C:\Users\Tensay Bulcha\Source\Repos\TensuB\NineCommerce\Presentation\Nop.Web\Plugins\Widgets.NivoSlider\Content\nivoslider\nivo-slider.css'
info: Microsoft.AspNetCore.Hosting.Diagnostics[2]
      Request finished in 2.1529ms 200 text/css
info: Microsoft.AspNetCore.Hosting.Diagnostics[1]
      Request starting HTTP/1.1 GET http://localhost:15536/Plugins/Widgets.NivoSlider/Content/nivoslider/themes/custom/custom.css  
info: Microsoft.AspNetCore.StaticFiles.StaticFileMiddleware[2]
      Sending file. Request path: '/Widgets.NivoSlider/Content/nivoslider/themes/custom/custom.css'. Physical path: 'C:\Users\Tensay Bulcha\Source\Repos\TensuB\NineCommerce\Presentation\Nop.Web\Plugins\Widgets.NivoSlider\Content\nivoslider\themes\custom\custom.css'
info: Microsoft.AspNetCore.Hosting.Diagnostics[2]
      Request finished in 2.7983ms 200 text/css
info: Microsoft.AspNetCore.Hosting.Diagnostics[1]
      Request starting HTTP/1.1 GET http://localhost:15536/lib/jquery/jquery-3.4.1.min.js  
info: Microsoft.AspNetCore.StaticFiles.StaticFileMiddleware[2]
      Sending file. Request path: '/MukeraCleanTheme/Content/assets/css/vendor.css'. Physical path: 'C:\Users\Tensay Bulcha\Source\Repos\TensuB\NineCommerce\Presentation\Nop.Web\Themes\MukeraCleanTheme\Content\assets\css\vendor.css'
info: Microsoft.AspNetCore.Hosting.Diagnostics[2]
      Request finished in 366.0995ms 200 text/css
info: Microsoft.AspNetCore.StaticFiles.StaticFileMiddleware[2]
      Sending file. Request path: '/lib/jquery/jquery-3.4.1.min.js'. Physical path: 'C:\Users\Tensay Bulcha\Source\Repos\TensuB\NineCommerce\Presentation\Nop.Web\wwwroot\lib\jquery\jquery-3.4.1.min.js'
info: Microsoft.AspNetCore.Hosting.Diagnostics[2]
      Request finished in 30.2751ms 200 application/javascript
info: Microsoft.AspNetCore.StaticFiles.StaticFileMiddleware[2]
      Sending file. Request path: '/MukeraCleanTheme/Content/css/styles.css'. Physical path: 'C:\Users\Tensay Bulcha\Source\Repos\TensuB\NineCommerce\Presentation\Nop.Web\Themes\MukeraCleanTheme\Content\css\styles.css'
info: Microsoft.AspNetCore.Hosting.Diagnostics[2]
      Request finished in 318.133ms 200 text/css
info: Microsoft.AspNetCore.Hosting.Diagnostics[1]
      Request starting HTTP/1.1 GET http://localhost:15536/lib/jquery-validate/jquery.validate.unobtrusive-v3.2.11/jquery.validate.unobtrusive.min.js  
info: Microsoft.AspNetCore.Hosting.Diagnostics[1]
      Request starting HTTP/1.1 GET http://localhost:15536/lib/jquery-validate/jquery.validate-v1.19.1/jquery.validate.min.js  
info: Microsoft.AspNetCore.Hosting.Diagnostics[1]
      Request starting HTTP/1.1 GET http://localhost:15536/lib/jquery-migrate/jquery-migrate-3.1.0.min.js  
info: Microsoft.AspNetCore.StaticFiles.StaticFileMiddleware[2]
      Sending file. Request path: '/lib/jquery-validate/jquery.validate.unobtrusive-v3.2.11/jquery.validate.unobtrusive.min.js'. Physical path: 'C:\Users\Tensay Bulcha\Source\Repos\TensuB\NineCommerce\Presentation\Nop.Web\wwwroot\lib\jquery-validate\jquery.validate.unobtrusive-v3.2.11\jquery.validate.unobtrusive.min.js'
info: Microsoft.AspNetCore.Hosting.Diagnostics[2]
      Request finished in 74.0881ms 200 application/javascript
info: Microsoft.AspNetCore.StaticFiles.StaticFileMiddleware[2]
      Sending file. Request path: '/lib/jquery-migrate/jquery-migrate-3.1.0.min.js'. Physical path: 'C:\Users\Tensay Bulcha\Source\Repos\TensuB\NineCommerce\Presentation\Nop.Web\wwwroot\lib\jquery-migrate\jquery-migrate-3.1.0.min.js'
info: Microsoft.AspNetCore.Hosting.Diagnostics[2]
      Request finished in 80.8035ms 200 application/javascript
info: Microsoft.AspNetCore.Hosting.Diagnostics[1]
      Request starting HTTP/1.1 GET http://localhost:15536/lib/jquery-ui/jquery-ui-1.12.1.custom/jquery-ui.min.js  
info: Microsoft.AspNetCore.StaticFiles.StaticFileMiddleware[2]
      Sending file. Request path: '/lib/jquery-ui/jquery-ui-1.12.1.custom/jquery-ui.min.css'. Physical path: 'C:\Users\Tensay Bulcha\Source\Repos\TensuB\NineCommerce\Presentation\Nop.Web\wwwroot\lib\jquery-ui\jquery-ui-1.12.1.custom\jquery-ui.min.css'
info: Microsoft.AspNetCore.Hosting.Diagnostics[2]
      Request finished in 345.0649ms 200 text/css
info: Microsoft.AspNetCore.Hosting.Diagnostics[1]
      Request starting HTTP/1.1 GET http://localhost:15536/js/public.common.js  
info: Microsoft.AspNetCore.StaticFiles.StaticFileMiddleware[2]
      Sending file. Request path: '/js/public.common.js'. Physical path: 'C:\Users\Tensay Bulcha\Source\Repos\TensuB\NineCommerce\Presentation\Nop.Web\wwwroot\js\public.common.js'
info: Microsoft.AspNetCore.Hosting.Diagnostics[2]
      Request finished in 62.9644ms 200 application/javascript
info: Microsoft.AspNetCore.Hosting.Diagnostics[1]
      Request starting HTTP/1.1 GET http://localhost:15536/js/public.ajaxcart.js  
info: Microsoft.AspNetCore.Hosting.Diagnostics[1]
      Request starting HTTP/1.1 GET http://localhost:15536/js/public.countryselect.js  
info: Microsoft.AspNetCore.StaticFiles.StaticFileMiddleware[2]
      Sending file. Request path: '/MukeraCleanTheme/Content/assets/css/style.css'. Physical path: 'C:\Users\Tensay Bulcha\Source\Repos\TensuB\NineCommerce\Presentation\Nop.Web\Themes\MukeraCleanTheme\Content\assets\css\style.css'
info: Microsoft.AspNetCore.Hosting.Diagnostics[2]
      Request finished in 669.3506ms 200 text/css
info: Microsoft.AspNetCore.StaticFiles.StaticFileMiddleware[2]
      Sending file. Request path: '/lib/jquery-ui/jquery-ui-1.12.1.custom/jquery-ui.min.js'. Physical path: 'C:\Users\Tensay Bulcha\Source\Repos\TensuB\NineCommerce\Presentation\Nop.Web\wwwroot\lib\jquery-ui\jquery-ui-1.12.1.custom\jquery-ui.min.js'
info: Microsoft.AspNetCore.Hosting.Diagnostics[2]
      Request finished in 187.0225ms 200 application/javascript
info: Microsoft.AspNetCore.StaticFiles.StaticFileMiddleware[2]
      Sending file. Request path: '/js/public.ajaxcart.js'. Physical path: 'C:\Users\Tensay Bulcha\Source\Repos\TensuB\NineCommerce\Presentation\Nop.Web\wwwroot\js\public.ajaxcart.js'
info: Microsoft.AspNetCore.Hosting.Diagnostics[2]
      Request finished in 206.651ms 200 application/javascript
info: Microsoft.AspNetCore.StaticFiles.StaticFileMiddleware[2]
      Sending file. Request path: '/lib/jquery-validate/jquery.validate-v1.19.1/jquery.validate.min.js'. Physical path: 'C:\Users\Tensay Bulcha\Source\Repos\TensuB\NineCommerce\Presentation\Nop.Web\wwwroot\lib\jquery-validate\jquery.validate-v1.19.1\jquery.validate.min.js'
info: Microsoft.AspNetCore.Hosting.Diagnostics[2]
      Request finished in 412.5878ms 200 application/javascript
info: Microsoft.AspNetCore.Hosting.Diagnostics[1]
      Request starting HTTP/1.1 GET http://localhost:15536/Themes/MukeraCleanTheme/Content/js/core.min.js  
info: Microsoft.AspNetCore.Hosting.Diagnostics[1]
      Request starting HTTP/1.1 GET http://localhost:15536/Themes/MukeraCleanTheme/Content/js/bootstrap.min.js  
info: Microsoft.AspNetCore.Hosting.Diagnostics[1]
      Request starting HTTP/1.1 GET http://localhost:15536/Themes/MukeraCleanTheme/Content/js/script.js  
info: Microsoft.AspNetCore.StaticFiles.StaticFileMiddleware[2]
      Sending file. Request path: '/MukeraCleanTheme/Content/js/bootstrap.min.js'. Physical path: 'C:\Users\Tensay Bulcha\Source\Repos\TensuB\NineCommerce\Presentation\Nop.Web\Themes\MukeraCleanTheme\Content\js\bootstrap.min.js'
info: Microsoft.AspNetCore.Hosting.Diagnostics[2]
      Request finished in 433.1286ms 200 application/javascript
info: Microsoft.AspNetCore.Hosting.Diagnostics[1]
      Request starting HTTP/1.1 GET http://localhost:15536/Themes/MukeraCleanTheme/Content/assets/js/app.js  
info: Microsoft.AspNetCore.StaticFiles.StaticFileMiddleware[2]
      Sending file. Request path: '/MukeraCleanTheme/Content/assets/js/app.js'. Physical path: 'C:\Users\Tensay Bulcha\Source\Repos\TensuB\NineCommerce\Presentation\Nop.Web\Themes\MukeraCleanTheme\Content\assets\js\app.js'
info: Microsoft.AspNetCore.Hosting.Diagnostics[2]
      Request finished in 19.3825ms 200 application/javascript
info: Microsoft.AspNetCore.StaticFiles.StaticFileMiddleware[2]
      Sending file. Request path: '/js/public.countryselect.js'. Physical path: 'C:\Users\Tensay Bulcha\Source\Repos\TensuB\NineCommerce\Presentation\Nop.Web\wwwroot\js\public.countryselect.js'
info: Microsoft.AspNetCore.Hosting.Diagnostics[2]
      Request finished in 817.3407ms 200 application/javascript
info: Microsoft.AspNetCore.Hosting.Diagnostics[1]
      Request starting HTTP/1.1 GET http://localhost:15536/Plugins/Widgets.NivoSlider/Scripts/jquery.nivo.slider.js  
info: Microsoft.AspNetCore.StaticFiles.StaticFileMiddleware[2]
      Sending file. Request path: '/Widgets.NivoSlider/Scripts/jquery.nivo.slider.js'. Physical path: 'C:\Users\Tensay Bulcha\Source\Repos\TensuB\NineCommerce\Presentation\Nop.Web\Plugins\Widgets.NivoSlider\Scripts\jquery.nivo.slider.js'
info: Microsoft.AspNetCore.Hosting.Diagnostics[2]
      Request finished in 3.7499ms 200 application/javascript
info: Microsoft.AspNetCore.StaticFiles.StaticFileMiddleware[2]
      Sending file. Request path: '/MukeraCleanTheme/Content/js/script.js'. Physical path: 'C:\Users\Tensay Bulcha\Source\Repos\TensuB\NineCommerce\Presentation\Nop.Web\Themes\MukeraCleanTheme\Content\js\script.js'
info: Microsoft.AspNetCore.Hosting.Diagnostics[2]
      Request finished in 90.4969ms 200 application/javascript
info: Microsoft.AspNetCore.Hosting.Diagnostics[1]
      Request starting HTTP/1.1 GET http://localhost:15536/Themes/MukeraCleanTheme/Content/assets/js/vendor.js  
info: Microsoft.AspNetCore.Hosting.Diagnostics[1]
      Request starting HTTP/1.1 GET http://localhost:15536/Themes/MukeraCleanTheme/Content/images/logo.png  
info: Microsoft.AspNetCore.StaticFiles.StaticFileMiddleware[2]
      Sending file. Request path: '/MukeraCleanTheme/Content/images/logo.png'. Physical path: 'C:\Users\Tensay Bulcha\Source\Repos\TensuB\NineCommerce\Presentation\Nop.Web\Themes\MukeraCleanTheme\Content\images\logo.png'
info: Microsoft.AspNetCore.Hosting.Diagnostics[2]
      Request finished in 284.7127ms 200 image/png
info: Microsoft.AspNetCore.StaticFiles.StaticFileMiddleware[2]
      Sending file. Request path: '/MukeraCleanTheme/Content/css/rest_theme_styles.css'. Physical path: 'C:\Users\Tensay Bulcha\Source\Repos\TensuB\NineCommerce\Presentation\Nop.Web\Themes\MukeraCleanTheme\Content\css\rest_theme_styles.css'
info: Microsoft.AspNetCore.Hosting.Diagnostics[2]
      Request finished in 1973.022ms 200 text/css
info: Microsoft.AspNetCore.Hosting.Diagnostics[1]
      Request starting HTTP/1.1 GET http://localhost:15536/Themes/MukeraCleanTheme/Content/assets/fonts/icomoon.ttf?q2xewv  
info: Microsoft.AspNetCore.Hosting.Diagnostics[1]
      Request starting HTTP/1.1 GET http://localhost:15536/Themes/MukeraCleanTheme/Content/images/loading.gif  
info: Microsoft.AspNetCore.StaticFiles.StaticFileMiddleware[2]
      Sending file. Request path: '/MukeraCleanTheme/Content/assets/fonts/icomoon.ttf'. Physical path: 'C:\Users\Tensay Bulcha\Source\Repos\TensuB\NineCommerce\Presentation\Nop.Web\Themes\MukeraCleanTheme\Content\assets\fonts\icomoon.ttf'
info: Microsoft.AspNetCore.Hosting.Diagnostics[2]
      Request finished in 230.7366ms 200 application/x-font-ttf
info: Microsoft.AspNetCore.Hosting.Diagnostics[1]
      Request starting HTTP/1.1 GET http://localhost:15536/Plugins/Widgets.NivoSlider/Content/nivoslider/themes/custom/loading.gif  
info: Microsoft.AspNetCore.StaticFiles.StaticFileMiddleware[2]
      Sending file. Request path: '/Widgets.NivoSlider/Content/nivoslider/themes/custom/loading.gif'. Physical path: 'C:\Users\Tensay Bulcha\Source\Repos\TensuB\NineCommerce\Presentation\Nop.Web\Plugins\Widgets.NivoSlider\Content\nivoslider\themes\custom\loading.gif'
info: Microsoft.AspNetCore.Hosting.Diagnostics[2]
      Request finished in 4.0093ms 200 image/gif
info: Microsoft.AspNetCore.StaticFiles.StaticFileMiddleware[2]
      Sending file. Request path: '/MukeraCleanTheme/Content/images/loading.gif'. Physical path: 'C:\Users\Tensay Bulcha\Source\Repos\TensuB\NineCommerce\Presentation\Nop.Web\Themes\MukeraCleanTheme\Content\images\loading.gif'
info: Microsoft.AspNetCore.Hosting.Diagnostics[2]
      Request finished in 156.7295ms 200 image/gif
info: Microsoft.AspNetCore.StaticFiles.StaticFileMiddleware[2]
      Sending file. Request path: '/MukeraCleanTheme/Content/assets/js/vendor.js'. Physical path: 'C:\Users\Tensay Bulcha\Source\Repos\TensuB\NineCommerce\Presentation\Nop.Web\Themes\MukeraCleanTheme\Content\assets\js\vendor.js'
info: Microsoft.AspNetCore.Hosting.Diagnostics[2]
      Request finished in 1145.4871ms 200 application/javascript
info: Microsoft.AspNetCore.Hosting.Diagnostics[1]
      Request starting HTTP/1.1 GET http://localhost:15536/Themes/MukeraCleanTheme/Content/images/writings-diet.png  
info: Microsoft.AspNetCore.Hosting.Diagnostics[1]
      Request starting HTTP/1.1 GET http://localhost:15536/Themes/MukeraCleanTheme/Content/images/writings-nutrition.png  
info: Microsoft.AspNetCore.Hosting.Diagnostics[1]
      Request starting HTTP/1.1 GET http://localhost:15536/Themes/MukeraCleanTheme/Content/images/writings-aging.png  
info: Microsoft.AspNetCore.StaticFiles.StaticFileMiddleware[2]
      Sending file. Request path: '/MukeraCleanTheme/Content/js/core.min.js'. Physical path: 'C:\Users\Tensay Bulcha\Source\Repos\TensuB\NineCommerce\Presentation\Nop.Web\Themes\MukeraCleanTheme\Content\js\core.min.js'
info: Microsoft.AspNetCore.Hosting.Diagnostics[2]
      Request finished in 2091.8469ms 200 application/javascript
info: Microsoft.AspNetCore.Hosting.Diagnostics[1]
      Request starting HTTP/1.1 GET http://localhost:15536/Themes/MukeraCleanTheme/Content/images/writings-life-style.png  
info: Microsoft.AspNetCore.Hosting.Diagnostics[1]
      Request starting HTTP/1.1 GET http://localhost:15536/Themes/MukeraCleanTheme/Content/images/writings-medical-conditions.png  
info: Microsoft.AspNetCore.StaticFiles.StaticFileMiddleware[2]
      Sending file. Request path: '/MukeraCleanTheme/Content/images/writings-life-style.png'. Physical path: 'C:\Users\Tensay Bulcha\Source\Repos\TensuB\NineCommerce\Presentation\Nop.Web\Themes\MukeraCleanTheme\Content\images\writings-life-style.png'
info: Microsoft.AspNetCore.Hosting.Diagnostics[2]
      Request finished in 641.9559ms 200 image/png
info: Microsoft.AspNetCore.StaticFiles.StaticFileMiddleware[2]
      Sending file. Request path: '/MukeraCleanTheme/Content/images/writings-medical-conditions.png'. Physical path: 'C:\Users\Tensay Bulcha\Source\Repos\TensuB\NineCommerce\Presentation\Nop.Web\Themes\MukeraCleanTheme\Content\images\writings-medical-conditions.png'
info: Microsoft.AspNetCore.Hosting.Diagnostics[2]
      Request finished in 1692.2708ms 200 image/png
info: Microsoft.AspNetCore.StaticFiles.StaticFileMiddleware[2]
      Sending file. Request path: '/MukeraCleanTheme/Content/images/writings-nutrition.png'. Physical path: 'C:\Users\Tensay Bulcha\Source\Repos\TensuB\NineCommerce\Presentation\Nop.Web\Themes\MukeraCleanTheme\Content\images\writings-nutrition.png'
info: Microsoft.AspNetCore.Hosting.Diagnostics[2]
      Request finished in 2251.2344ms 200 image/png
info: Microsoft.AspNetCore.StaticFiles.StaticFileMiddleware[2]
      Sending file. Request path: '/MukeraCleanTheme/Content/images/writings-diet.png'. Physical path: 'C:\Users\Tensay Bulcha\Source\Repos\TensuB\NineCommerce\Presentation\Nop.Web\Themes\MukeraCleanTheme\Content\images\writings-diet.png'
info: Microsoft.AspNetCore.Hosting.Diagnostics[2]
      Request finished in 2512.8276ms 200 image/png
info: Microsoft.AspNetCore.StaticFiles.StaticFileMiddleware[2]
      Sending file. Request path: '/MukeraCleanTheme/Content/images/writings-aging.png'. Physical path: 'C:\Users\Tensay Bulcha\Source\Repos\TensuB\NineCommerce\Presentation\Nop.Web\Themes\MukeraCleanTheme\Content\images\writings-aging.png'
info: Microsoft.AspNetCore.Hosting.Diagnostics[2]
      Request finished in 3863.0453ms 200 image/png
info: Microsoft.AspNetCore.Hosting.Diagnostics[1]
      Request starting HTTP/1.1 GET http://localhost:15536/Themes/MukeraCleanTheme/Content/images/writings-health.png  
info: Microsoft.AspNetCore.StaticFiles.StaticFileMiddleware[2]
      Sending file. Request path: '/MukeraCleanTheme/Content/images/writings-health.png'. Physical path: 'C:\Users\Tensay Bulcha\Source\Repos\TensuB\NineCommerce\Presentation\Nop.Web\Themes\MukeraCleanTheme\Content\images\writings-health.png'
info: Microsoft.AspNetCore.Hosting.Diagnostics[2]
      Request finished in 50.3052ms 200 image/png
info: Microsoft.AspNetCore.Hosting.Diagnostics[1]
      Request starting HTTP/1.1 GET http://localhost:15536/Themes/MukeraCleanTheme/Content/images/writings-nutrition-news-entry-background.png  
info: Microsoft.AspNetCore.Hosting.Diagnostics[1]
      Request starting HTTP/1.1 GET http://localhost:15536/Themes/MukeraCleanTheme/Content/images/writings-nutrition-footer-background.png  
info: Microsoft.AspNetCore.Hosting.Diagnostics[1]
      Request starting HTTP/1.1 GET http://localhost:15536/Themes/MukeraCleanTheme/Content/fonts/fontawesome-webfont.woff2?v=4.5.0  
info: Microsoft.AspNetCore.StaticFiles.StaticFileMiddleware[2]
      Sending file. Request path: '/MukeraCleanTheme/Content/fonts/fontawesome-webfont.woff2'. Physical path: 'C:\Users\Tensay Bulcha\Source\Repos\TensuB\NineCommerce\Presentation\Nop.Web\Themes\MukeraCleanTheme\Content\fonts\fontawesome-webfont.woff2'
info: Microsoft.AspNetCore.Hosting.Diagnostics[2]
      Request finished in 81.2699ms 200 font/woff2
info: Microsoft.AspNetCore.Hosting.Diagnostics[1]
      Request starting HTTP/1.1 GET http://localhost:15536/Themes/MukeraCleanTheme/Content/images/writing-entries-section-background.png  
info: Microsoft.AspNetCore.StaticFiles.StaticFileMiddleware[2]
      Sending file. Request path: '/MukeraCleanTheme/Content/images/writings-nutrition-footer-background.png'. Physical path: 'C:\Users\Tensay Bulcha\Source\Repos\TensuB\NineCommerce\Presentation\Nop.Web\Themes\MukeraCleanTheme\Content\images\writings-nutrition-footer-background.png'
info: Microsoft.AspNetCore.Hosting.Diagnostics[2]
      Request finished in 675.9689ms 200 image/png
info: Microsoft.AspNetCore.StaticFiles.StaticFileMiddleware[2]
      Sending file. Request path: '/MukeraCleanTheme/Content/images/writings-nutrition-news-entry-background.png'. Physical path: 'C:\Users\Tensay Bulcha\Source\Repos\TensuB\NineCommerce\Presentation\Nop.Web\Themes\MukeraCleanTheme\Content\images\writings-nutrition-news-entry-background.png'
info: Microsoft.AspNetCore.Hosting.Diagnostics[2]
      Request finished in 1661.1654ms 200 image/png
info: Microsoft.AspNetCore.StaticFiles.StaticFileMiddleware[2]
      Sending file. Request path: '/MukeraCleanTheme/Content/images/writing-entries-section-background.png'. Physical path: 'C:\Users\Tensay Bulcha\Source\Repos\TensuB\NineCommerce\Presentation\Nop.Web\Themes\MukeraCleanTheme\Content\images\writing-entries-section-background.png'
info: Microsoft.AspNetCore.Hosting.Diagnostics[2]
      Request finished in 1388.6833ms 200 image/png
info: Microsoft.AspNetCore.Hosting.Diagnostics[1]
      Request starting HTTP/1.1 GET http://localhost:15536/icons/icons_0/favicon.ico  
info: Microsoft.AspNetCore.Hosting.Diagnostics[1]
      Request starting HTTP/1.1 GET http://localhost:15536/icons/icons_0/site.webmanifest  
info: Microsoft.AspNetCore.StaticFiles.StaticFileMiddleware[2]
      Sending file. Request path: '/icons_0/site.webmanifest'. Physical path: 'C:\Users\Tensay Bulcha\Source\Repos\TensuB\NineCommerce\Presentation\Nop.Web\wwwroot\icons\icons_0\site.webmanifest'
info: Microsoft.AspNetCore.Hosting.Diagnostics[2]
      Request finished in 15.3102ms 200 application/manifest+json
info: Microsoft.AspNetCore.StaticFiles.StaticFileMiddleware[2]
      Sending file. Request path: '/icons/icons_0/favicon.ico'. Physical path: 'C:\Users\Tensay Bulcha\Source\Repos\TensuB\NineCommerce\Presentation\Nop.Web\wwwroot\icons\icons_0\favicon.ico'
info: Microsoft.AspNetCore.Hosting.Diagnostics[2]
      Request finished in 41.1676ms 200 image/x-icon
info: System.Net.Http.HttpClient.default.LogicalHandler[100]
      Start processing HTTP request POST http://www.otensu.com/scheduletask/runtask
info: System.Net.Http.HttpClient.default.ClientHandler[100]
      Sending HTTP request POST http://www.otensu.com/scheduletask/runtask
info: System.Net.Http.HttpClient.default.ClientHandler[101]
      Received HTTP response after 76.0121ms - NoContent
info: System.Net.Http.HttpClient.default.LogicalHandler[101]
      End processing HTTP request after 76.2575ms - NoContent
info: System.Net.Http.HttpClient.default.LogicalHandler[100]
      Start processing HTTP request POST http://www.otensu.com/scheduletask/runtask
info: System.Net.Http.HttpClient.default.ClientHandler[100]
      Sending HTTP request POST http://www.otensu.com/scheduletask/runtask
info: System.Net.Http.HttpClient.default.ClientHandler[101]
      Received HTTP response after 109.4418ms - NoContent
info: System.Net.Http.HttpClient.default.LogicalHandler[101]
      End processing HTTP request after 109.6319ms - NoContent
info: System.Net.Http.HttpClient.default.LogicalHandler[100]
      Start processing HTTP request POST http://www.otensu.com/scheduletask/runtask
info: System.Net.Http.HttpClient.default.ClientHandler[100]
      Sending HTTP request POST http://www.otensu.com/scheduletask/runtask
info: System.Net.Http.HttpClient.default.ClientHandler[101]
      Received HTTP response after 95.6067ms - NoContent
info: System.Net.Http.HttpClient.default.LogicalHandler[101]
      End processing HTTP request after 95.8323ms - NoContent
info: Microsoft.AspNetCore.Hosting.Diagnostics[1]
      Request starting HTTP/1.1 GET http://localhost:15536/  
info: Microsoft.AspNetCore.Routing.EndpointMiddleware[0]
      Executing endpoint 'Nop.Web.Controllers.HomeController.Index (Nop.Web)'
info: Microsoft.AspNetCore.Mvc.Infrastructure.ControllerActionInvoker[3]
      Route matched with {action = "Index", controller = "Home", area = ""}. Executing controller action with signature Microsoft.AspNetCore.Mvc.IActionResult Index() on controller Nop.Web.Controllers.HomeController (Nop.Web).
info: Microsoft.AspNetCore.Mvc.ViewFeatures.ViewResultExecutor[1]
      Executing ViewResult, running view Index.
info: System.Net.Http.HttpClient.default.LogicalHandler[100]
      Start processing HTTP request POST http://www.otensu.com/scheduletask/runtask
info: System.Net.Http.HttpClient.default.ClientHandler[100]
      Sending HTTP request POST http://www.otensu.com/scheduletask/runtask
info: System.Net.Http.HttpClient.default.ClientHandler[101]
      Received HTTP response after 76.724ms - NoContent
info: System.Net.Http.HttpClient.default.LogicalHandler[101]
      End processing HTTP request after 76.8912ms - NoContent
info: Microsoft.AspNetCore.Mvc.ViewFeatures.ViewResultExecutor[4]
      Executed ViewResult - view Index executed in 2749.0943ms.
info: Microsoft.AspNetCore.Mvc.Infrastructure.ControllerActionInvoker[2]
      Executed action Nop.Web.Controllers.HomeController.Index (Nop.Web) in 2750.5196ms
info: Microsoft.AspNetCore.Routing.EndpointMiddleware[1]
      Executed endpoint 'Nop.Web.Controllers.HomeController.Index (Nop.Web)'
info: Microsoft.AspNetCore.Hosting.Diagnostics[2]
      Request finished in 3292.1491ms 200 text/html; charset=utf-8
info: Microsoft.AspNetCore.Hosting.Diagnostics[1]
      Request starting HTTP/1.1 GET http://localhost:15536/icons/icons_0/favicon.ico  
info: Microsoft.AspNetCore.StaticFiles.StaticFileMiddleware[2]
      Sending file. Request path: '/icons/icons_0/favicon.ico'. Physical path: 'C:\Users\Tensay Bulcha\Source\Repos\TensuB\NineCommerce\Presentation\Nop.Web\wwwroot\icons\icons_0\favicon.ico'
info: Microsoft.AspNetCore.Hosting.Diagnostics[2]
      Request finished in 4.105ms 200 image/x-icon
info: Microsoft.AspNetCore.Hosting.Diagnostics[1]
      Request starting HTTP/1.1 GET http://localhost:15536/  
info: Microsoft.AspNetCore.Routing.EndpointMiddleware[0]
      Executing endpoint 'Nop.Web.Controllers.HomeController.Index (Nop.Web)'
info: Microsoft.AspNetCore.Mvc.Infrastructure.ControllerActionInvoker[3]
      Route matched with {action = "Index", controller = "Home", area = ""}. Executing controller action with signature Microsoft.AspNetCore.Mvc.IActionResult Index() on controller Nop.Web.Controllers.HomeController (Nop.Web).
info: Microsoft.AspNetCore.Mvc.ViewFeatures.ViewResultExecutor[1]
      Executing ViewResult, running view Index.
info: Microsoft.AspNetCore.Mvc.ViewFeatures.ViewResultExecutor[4]
      Executed ViewResult - view Index executed in 26.8141ms.
info: Microsoft.AspNetCore.Mvc.Infrastructure.ControllerActionInvoker[2]
      Executed action Nop.Web.Controllers.HomeController.Index (Nop.Web) in 28.8873ms
info: Microsoft.AspNetCore.Routing.EndpointMiddleware[1]
      Executed endpoint 'Nop.Web.Controllers.HomeController.Index (Nop.Web)'
info: Microsoft.AspNetCore.Hosting.Diagnostics[2]
      Request finished in 275.1266ms 200 text/html; charset=utf-8
info: Microsoft.AspNetCore.Hosting.Diagnostics[1]
      Request starting HTTP/1.1 GET http://localhost:15536/icons/icons_0/favicon.ico  
info: Microsoft.AspNetCore.StaticFiles.StaticFileMiddleware[2]
      Sending file. Request path: '/icons/icons_0/favicon.ico'. Physical path: 'C:\Users\Tensay Bulcha\Source\Repos\TensuB\NineCommerce\Presentation\Nop.Web\wwwroot\icons\icons_0\favicon.ico'
info: Microsoft.AspNetCore.Hosting.Diagnostics[2]
      Request finished in 7.7682ms 200 image/x-icon
info: Microsoft.AspNetCore.Hosting.Diagnostics[1]
      Request starting HTTP/1.1 GET http://localhost:15536/Themes/MukeraCleanTheme/Content/js/bootstrap.min.js.map  
info: Microsoft.AspNetCore.Hosting.Diagnostics[1]
      Request starting HTTP/1.1 GET http://localhost:15536/Themes/MukeraCleanTheme/Content/assets/js/vendor.js.map  
info: Microsoft.AspNetCore.Hosting.Diagnostics[2]
      Request finished in 182.1322ms 404 
info: Microsoft.AspNetCore.Hosting.Diagnostics[1]
      Request starting HTTP/1.1 GET http://localhost:15536/Themes/MukeraCleanTheme/Content/css/style.css.map  
info: Microsoft.AspNetCore.Hosting.Diagnostics[1]
      Request starting HTTP/1.1 GET http://localhost:15536/Themes/MukeraCleanTheme/Content/assets/css/style.css.map  
info: Microsoft.AspNetCore.Hosting.Diagnostics[2]
      Request finished in 175.4172ms 404 
info: Microsoft.AspNetCore.StaticFiles.StaticFileMiddleware[2]
      Sending file. Request path: '/MukeraCleanTheme/Content/assets/css/style.css.map'. Physical path: 'C:\Users\Tensay Bulcha\Source\Repos\TensuB\NineCommerce\Presentation\Nop.Web\Themes\MukeraCleanTheme\Content\assets\css\style.css.map'
info: Microsoft.AspNetCore.Hosting.Diagnostics[2]
      Request finished in 408.4931ms 200 text/plain
info: Microsoft.AspNetCore.StaticFiles.StaticFileMiddleware[2]
      Sending file. Request path: '/MukeraCleanTheme/Content/assets/js/vendor.js.map'. Physical path: 'C:\Users\Tensay Bulcha\Source\Repos\TensuB\NineCommerce\Presentation\Nop.Web\Themes\MukeraCleanTheme\Content\assets\js\vendor.js.map'
info: Microsoft.AspNetCore.Hosting.Diagnostics[2]
      Request finished in 626.9044ms 200 text/plain
info: System.Net.Http.HttpClient.default.LogicalHandler[100]
      Start processing HTTP request POST http://www.otensu.com/scheduletask/runtask
info: System.Net.Http.HttpClient.default.ClientHandler[100]
      Sending HTTP request POST http://www.otensu.com/scheduletask/runtask
info: System.Net.Http.HttpClient.default.ClientHandler[101]
      Received HTTP response after 141.9128ms - NoContent
info: System.Net.Http.HttpClient.default.LogicalHandler[101]
      End processing HTTP request after 150.402ms - NoContent
info: Microsoft.AspNetCore.Hosting.Diagnostics[1]
      Request starting HTTP/1.1 GET http://localhost:15536/  
info: Microsoft.AspNetCore.Routing.EndpointMiddleware[0]
      Executing endpoint 'Nop.Web.Controllers.HomeController.Index (Nop.Web)'
info: Microsoft.AspNetCore.Mvc.Infrastructure.ControllerActionInvoker[3]
      Route matched with {action = "Index", controller = "Home", area = ""}. Executing controller action with signature Microsoft.AspNetCore.Mvc.IActionResult Index() on controller Nop.Web.Controllers.HomeController (Nop.Web).
info: Microsoft.AspNetCore.Mvc.ViewFeatures.ViewResultExecutor[1]
      Executing ViewResult, running view Index.
info: Microsoft.AspNetCore.Mvc.ViewFeatures.ViewResultExecutor[4]
      Executed ViewResult - view Index executed in 58.7207ms.
info: Microsoft.AspNetCore.Mvc.Infrastructure.ControllerActionInvoker[2]
      Executed action Nop.Web.Controllers.HomeController.Index (Nop.Web) in 60.0342ms
info: Microsoft.AspNetCore.Routing.EndpointMiddleware[1]
      Executed endpoint 'Nop.Web.Controllers.HomeController.Index (Nop.Web)'
info: Microsoft.AspNetCore.Hosting.Diagnostics[2]
      Request finished in 334.867ms 200 text/html; charset=utf-8
info: Microsoft.AspNetCore.Hosting.Diagnostics[1]
      Request starting HTTP/1.1 GET http://localhost:15536/icons/icons_0/favicon.ico  
info: Microsoft.AspNetCore.StaticFiles.StaticFileMiddleware[2]
      Sending file. Request path: '/icons/icons_0/favicon.ico'. Physical path: 'C:\Users\Tensay Bulcha\Source\Repos\TensuB\NineCommerce\Presentation\Nop.Web\wwwroot\icons\icons_0\favicon.ico'
info: Microsoft.AspNetCore.Hosting.Diagnostics[2]
      Request finished in 2.5357ms 200 image/x-icon
info: System.Net.Http.HttpClient.default.LogicalHandler[100]
      Start processing HTTP request POST http://www.otensu.com/scheduletask/runtask
info: System.Net.Http.HttpClient.default.ClientHandler[100]
      Sending HTTP request POST http://www.otensu.com/scheduletask/runtask
info: System.Net.Http.HttpClient.default.ClientHandler[101]
      Received HTTP response after 97.5263ms - NoContent
info: System.Net.Http.HttpClient.default.LogicalHandler[101]
      End processing HTTP request after 97.7924ms - NoContent
info: System.Net.Http.HttpClient.default.LogicalHandler[100]
      Start processing HTTP request POST http://www.otensu.com/scheduletask/runtask
info: System.Net.Http.HttpClient.default.ClientHandler[100]
      Sending HTTP request POST http://www.otensu.com/scheduletask/runtask
info: System.Net.Http.HttpClient.default.ClientHandler[101]
      Received HTTP response after 123.063ms - NoContent
info: System.Net.Http.HttpClient.default.LogicalHandler[101]
      End processing HTTP request after 123.3064ms - NoContent
info: Microsoft.AspNetCore.Hosting.Diagnostics[1]
      Request starting HTTP/1.1 GET http://localhost:15536/  
info: Microsoft.AspNetCore.Routing.EndpointMiddleware[0]
      Executing endpoint 'Nop.Web.Controllers.HomeController.Index (Nop.Web)'
info: Microsoft.AspNetCore.Mvc.Infrastructure.ControllerActionInvoker[3]
      Route matched with {action = "Index", controller = "Home", area = ""}. Executing controller action with signature Microsoft.AspNetCore.Mvc.IActionResult Index() on controller Nop.Web.Controllers.HomeController (Nop.Web).
info: Microsoft.AspNetCore.Mvc.ViewFeatures.ViewResultExecutor[1]
      Executing ViewResult, running view Index.
info: Microsoft.AspNetCore.Mvc.ViewFeatures.ViewResultExecutor[4]
      Executed ViewResult - view Index executed in 912.9728ms.
info: Microsoft.AspNetCore.Mvc.Infrastructure.ControllerActionInvoker[2]
      Executed action Nop.Web.Controllers.HomeController.Index (Nop.Web) in 914.7506ms
info: Microsoft.AspNetCore.Routing.EndpointMiddleware[1]
      Executed endpoint 'Nop.Web.Controllers.HomeController.Index (Nop.Web)'
info: Microsoft.AspNetCore.Hosting.Diagnostics[2]
      Request finished in 1844.8277ms 200 text/html; charset=utf-8
info: Microsoft.AspNetCore.Hosting.Diagnostics[1]
      Request starting HTTP/1.1 GET http://localhost:15536/icons/icons_0/favicon.ico  
info: Microsoft.AspNetCore.StaticFiles.StaticFileMiddleware[2]
      Sending file. Request path: '/icons/icons_0/favicon.ico'. Physical path: 'C:\Users\Tensay Bulcha\Source\Repos\TensuB\NineCommerce\Presentation\Nop.Web\wwwroot\icons\icons_0\favicon.ico'
info: Microsoft.AspNetCore.Hosting.Diagnostics[2]
      Request finished in 3.6297ms 200 image/x-icon
info: System.Net.Http.HttpClient.default.LogicalHandler[100]
      Start processing HTTP request POST http://www.otensu.com/scheduletask/runtask
info: System.Net.Http.HttpClient.default.ClientHandler[100]
      Sending HTTP request POST http://www.otensu.com/scheduletask/runtask
info: System.Net.Http.HttpClient.default.ClientHandler[101]
      Received HTTP response after 82.0734ms - NoContent
info: System.Net.Http.HttpClient.default.LogicalHandler[101]
      End processing HTTP request after 82.5924ms - NoContent
info: System.Net.Http.HttpClient.default.LogicalHandler[100]
      Start processing HTTP request POST http://www.otensu.com/scheduletask/runtask
info: System.Net.Http.HttpClient.default.ClientHandler[100]
      Sending HTTP request POST http://www.otensu.com/scheduletask/runtask
info: System.Net.Http.HttpClient.default.ClientHandler[101]
      Received HTTP response after 73.1644ms - NoContent
info: System.Net.Http.HttpClient.default.LogicalHandler[101]
      End processing HTTP request after 73.3179ms - NoContent
info: System.Net.Http.HttpClient.default.LogicalHandler[100]
      Start processing HTTP request POST http://www.otensu.com/scheduletask/runtask
info: System.Net.Http.HttpClient.default.ClientHandler[100]
      Sending HTTP request POST http://www.otensu.com/scheduletask/runtask
info: System.Net.Http.HttpClient.default.ClientHandler[101]
      Received HTTP response after 87.525ms - NoContent
info: System.Net.Http.HttpClient.default.LogicalHandler[101]
      End processing HTTP request after 87.6605ms - NoContent
info: System.Net.Http.HttpClient.default.LogicalHandler[100]
      Start processing HTTP request POST http://www.otensu.com/scheduletask/runtask
info: System.Net.Http.HttpClient.default.ClientHandler[100]
      Sending HTTP request POST http://www.otensu.com/scheduletask/runtask
info: System.Net.Http.HttpClient.default.ClientHandler[101]
      Received HTTP response after 113.9213ms - NoContent
info: System.Net.Http.HttpClient.default.LogicalHandler[101]
      End processing HTTP request after 114.4997ms - NoContent
info: System.Net.Http.HttpClient.default.LogicalHandler[100]
      Start processing HTTP request POST http://www.otensu.com/scheduletask/runtask
info: System.Net.Http.HttpClient.default.ClientHandler[100]
      Sending HTTP request POST http://www.otensu.com/scheduletask/runtask
info: System.Net.Http.HttpClient.default.ClientHandler[101]
      Received HTTP response after 73.4708ms - NoContent
info: System.Net.Http.HttpClient.default.LogicalHandler[101]
      End processing HTTP request after 73.6106ms - NoContent
info: System.Net.Http.HttpClient.default.LogicalHandler[100]
      Start processing HTTP request POST http://www.otensu.com/scheduletask/runtask
info: System.Net.Http.HttpClient.default.ClientHandler[100]
      Sending HTTP request POST http://www.otensu.com/scheduletask/runtask
info: System.Net.Http.HttpClient.default.ClientHandler[101]
      Received HTTP response after 110.2132ms - NoContent
info: System.Net.Http.HttpClient.default.LogicalHandler[101]
      End processing HTTP request after 110.3537ms - NoContent
info: System.Net.Http.HttpClient.default.LogicalHandler[100]
      Start processing HTTP request POST http://www.otensu.com/scheduletask/runtask
info: System.Net.Http.HttpClient.default.ClientHandler[100]
      Sending HTTP request POST http://www.otensu.com/scheduletask/runtask
info: System.Net.Http.HttpClient.default.ClientHandler[101]
      Received HTTP response after 344.1638ms - NoContent
info: System.Net.Http.HttpClient.default.LogicalHandler[101]
      End processing HTTP request after 344.3141ms - NoContent
info: System.Net.Http.HttpClient.default.LogicalHandler[100]
      Start processing HTTP request POST http://www.otensu.com/scheduletask/runtask
info: System.Net.Http.HttpClient.default.ClientHandler[100]
      Sending HTTP request POST http://www.otensu.com/scheduletask/runtask
info: System.Net.Http.HttpClient.default.ClientHandler[101]
      Received HTTP response after 136.2559ms - NoContent
info: System.Net.Http.HttpClient.default.LogicalHandler[101]
      End processing HTTP request after 136.4438ms - NoContent
info: System.Net.Http.HttpClient.default.LogicalHandler[100]
      Start processing HTTP request POST http://www.otensu.com/scheduletask/runtask
info: System.Net.Http.HttpClient.default.ClientHandler[100]
      Sending HTTP request POST http://www.otensu.com/scheduletask/runtask
info: System.Net.Http.HttpClient.default.ClientHandler[101]
      Received HTTP response after 131.4521ms - NoContent
info: System.Net.Http.HttpClient.default.LogicalHandler[101]
      End processing HTTP request after 131.641ms - NoContent
info: System.Net.Http.HttpClient.default.LogicalHandler[100]
      Start processing HTTP request POST http://www.otensu.com/scheduletask/runtask
info: System.Net.Http.HttpClient.default.ClientHandler[100]
      Sending HTTP request POST http://www.otensu.com/scheduletask/runtask
info: System.Net.Http.HttpClient.default.ClientHandler[101]
      Received HTTP response after 97.74ms - NoContent
info: System.Net.Http.HttpClient.default.LogicalHandler[101]
      End processing HTTP request after 97.9212ms - NoContent
info: System.Net.Http.HttpClient.default.LogicalHandler[100]
      Start processing HTTP request POST http://www.otensu.com/scheduletask/runtask
info: System.Net.Http.HttpClient.default.ClientHandler[100]
      Sending HTTP request POST http://www.otensu.com/scheduletask/runtask
info: System.Net.Http.HttpClient.default.ClientHandler[101]
      Received HTTP response after 136.267ms - NoContent
info: System.Net.Http.HttpClient.default.LogicalHandler[101]
      End processing HTTP request after 136.3861ms - NoContent
info: System.Net.Http.HttpClient.default.LogicalHandler[100]
      Start processing HTTP request POST http://www.otensu.com/scheduletask/runtask
info: System.Net.Http.HttpClient.default.ClientHandler[100]
      Sending HTTP request POST http://www.otensu.com/scheduletask/runtask
info: System.Net.Http.HttpClient.default.ClientHandler[101]
      Received HTTP response after 105.1081ms - NoContent
info: System.Net.Http.HttpClient.default.LogicalHandler[101]
      End processing HTTP request after 105.2412ms - NoContent
info: System.Net.Http.HttpClient.default.LogicalHandler[100]
      Start processing HTTP request POST http://www.otensu.com/scheduletask/runtask
info: System.Net.Http.HttpClient.default.ClientHandler[100]
      Sending HTTP request POST http://www.otensu.com/scheduletask/runtask
info: System.Net.Http.HttpClient.default.ClientHandler[101]
      Received HTTP response after 258.3115ms - NoContent
info: System.Net.Http.HttpClient.default.LogicalHandler[101]
      End processing HTTP request after 258.4295ms - NoContent
info: System.Net.Http.HttpClient.default.LogicalHandler[100]
      Start processing HTTP request POST http://www.otensu.com/scheduletask/runtask
info: System.Net.Http.HttpClient.default.ClientHandler[100]
      Sending HTTP request POST http://www.otensu.com/scheduletask/runtask
info: System.Net.Http.HttpClient.default.ClientHandler[101]
      Received HTTP response after 354.9218ms - NoContent
info: System.Net.Http.HttpClient.default.LogicalHandler[101]
      End processing HTTP request after 355.0192ms - NoContent
info: System.Net.Http.HttpClient.default.LogicalHandler[100]
      Start processing HTTP request POST http://www.otensu.com/scheduletask/runtask
info: System.Net.Http.HttpClient.default.ClientHandler[100]
      Sending HTTP request POST http://www.otensu.com/scheduletask/runtask
info: System.Net.Http.HttpClient.default.ClientHandler[101]
      Received HTTP response after 104.544ms - NoContent
info: System.Net.Http.HttpClient.default.LogicalHandler[101]
      End processing HTTP request after 104.6656ms - NoContent
info: System.Net.Http.HttpClient.default.LogicalHandler[100]
      Start processing HTTP request POST http://www.otensu.com/scheduletask/runtask
info: System.Net.Http.HttpClient.default.ClientHandler[100]
      Sending HTTP request POST http://www.otensu.com/scheduletask/runtask
info: System.Net.Http.HttpClient.default.ClientHandler[101]
      Received HTTP response after 200.1176ms - NoContent
info: System.Net.Http.HttpClient.default.LogicalHandler[101]
      End processing HTTP request after 200.2598ms - NoContent
info: System.Net.Http.HttpClient.default.LogicalHandler[100]
      Start processing HTTP request POST http://www.otensu.com/scheduletask/runtask
info: System.Net.Http.HttpClient.default.ClientHandler[100]
      Sending HTTP request POST http://www.otensu.com/scheduletask/runtask
info: System.Net.Http.HttpClient.default.ClientHandler[101]
      Received HTTP response after 1435.9101ms - NoContent
info: System.Net.Http.HttpClient.default.LogicalHandler[101]
      End processing HTTP request after 1436.1929ms - NoContent
info: System.Net.Http.HttpClient.default.LogicalHandler[100]
      Start processing HTTP request POST http://www.otensu.com/scheduletask/runtask
info: System.Net.Http.HttpClient.default.ClientHandler[100]
      Sending HTTP request POST http://www.otensu.com/scheduletask/runtask
info: System.Net.Http.HttpClient.default.ClientHandler[101]
      Received HTTP response after 490.5803ms - NoContent
info: System.Net.Http.HttpClient.default.LogicalHandler[101]
      End processing HTTP request after 490.7081ms - NoContent
info: System.Net.Http.HttpClient.default.LogicalHandler[100]
      Start processing HTTP request POST http://www.otensu.com/scheduletask/runtask
info: System.Net.Http.HttpClient.default.ClientHandler[100]
      Sending HTTP request POST http://www.otensu.com/scheduletask/runtask
info: System.Net.Http.HttpClient.default.ClientHandler[101]
      Received HTTP response after 89.9778ms - NoContent
info: System.Net.Http.HttpClient.default.LogicalHandler[101]
      End processing HTTP request after 90.1133ms - NoContent
info: System.Net.Http.HttpClient.default.LogicalHandler[100]
      Start processing HTTP request POST http://www.otensu.com/scheduletask/runtask
info: System.Net.Http.HttpClient.default.ClientHandler[100]
      Sending HTTP request POST http://www.otensu.com/scheduletask/runtask
info: System.Net.Http.HttpClient.default.ClientHandler[101]
      Received HTTP response after 158.1611ms - NoContent
info: System.Net.Http.HttpClient.default.LogicalHandler[101]
      End processing HTTP request after 158.271ms - NoContent
info: System.Net.Http.HttpClient.default.LogicalHandler[100]
      Start processing HTTP request POST http://www.otensu.com/scheduletask/runtask
info: System.Net.Http.HttpClient.default.ClientHandler[100]
      Sending HTTP request POST http://www.otensu.com/scheduletask/runtask
info: System.Net.Http.HttpClient.default.ClientHandler[101]
      Received HTTP response after 84.9321ms - NoContent
info: System.Net.Http.HttpClient.default.LogicalHandler[101]
      End processing HTTP request after 85.6823ms - NoContent
info: System.Net.Http.HttpClient.default.LogicalHandler[100]
      Start processing HTTP request POST http://www.otensu.com/scheduletask/runtask
info: System.Net.Http.HttpClient.default.ClientHandler[100]
      Sending HTTP request POST http://www.otensu.com/scheduletask/runtask
info: System.Net.Http.HttpClient.default.ClientHandler[101]
      Received HTTP response after 244.5831ms - NoContent
info: System.Net.Http.HttpClient.default.LogicalHandler[101]
      End processing HTTP request after 244.6949ms - NoContent
info: System.Net.Http.HttpClient.default.LogicalHandler[100]
      Start processing HTTP request POST http://www.otensu.com/scheduletask/runtask
info: System.Net.Http.HttpClient.default.ClientHandler[100]
      Sending HTTP request POST http://www.otensu.com/scheduletask/runtask
info: System.Net.Http.HttpClient.default.ClientHandler[101]
      Received HTTP response after 572.4012ms - NoContent
info: System.Net.Http.HttpClient.default.LogicalHandler[101]
      End processing HTTP request after 572.5597ms - NoContent
info: System.Net.Http.HttpClient.default.LogicalHandler[100]
      Start processing HTTP request POST http://www.otensu.com/scheduletask/runtask
info: System.Net.Http.HttpClient.default.ClientHandler[100]
      Sending HTTP request POST http://www.otensu.com/scheduletask/runtask
info: System.Net.Http.HttpClient.default.ClientHandler[101]
      Received HTTP response after 434.5418ms - NoContent
info: System.Net.Http.HttpClient.default.LogicalHandler[101]
      End processing HTTP request after 434.6187ms - NoContent
info: System.Net.Http.HttpClient.default.LogicalHandler[100]
      Start processing HTTP request POST http://www.otensu.com/scheduletask/runtask
info: System.Net.Http.HttpClient.default.ClientHandler[100]
      Sending HTTP request POST http://www.otensu.com/scheduletask/runtask
info: System.Net.Http.HttpClient.default.ClientHandler[101]
      Received HTTP response after 577.5574ms - NoContent
info: System.Net.Http.HttpClient.default.LogicalHandler[101]
      End processing HTTP request after 577.6252ms - NoContent
info: System.Net.Http.HttpClient.default.LogicalHandler[100]
      Start processing HTTP request POST http://www.otensu.com/scheduletask/runtask
info: System.Net.Http.HttpClient.default.ClientHandler[100]
      Sending HTTP request POST http://www.otensu.com/scheduletask/runtask
info: System.Net.Http.HttpClient.default.ClientHandler[101]
      Received HTTP response after 375.1864ms - NoContent
info: System.Net.Http.HttpClient.default.LogicalHandler[101]
      End processing HTTP request after 375.2699ms - NoContent
info: System.Net.Http.HttpClient.default.LogicalHandler[100]
      Start processing HTTP request POST http://www.otensu.com/scheduletask/runtask
info: System.Net.Http.HttpClient.default.ClientHandler[100]
      Sending HTTP request POST http://www.otensu.com/scheduletask/runtask
info: System.Net.Http.HttpClient.default.ClientHandler[101]
      Received HTTP response after 106.2728ms - NoContent
info: System.Net.Http.HttpClient.default.LogicalHandler[101]
      End processing HTTP request after 106.3491ms - NoContent
info: System.Net.Http.HttpClient.default.LogicalHandler[100]
      Start processing HTTP request POST http://www.otensu.com/scheduletask/runtask
info: System.Net.Http.HttpClient.default.ClientHandler[100]
      Sending HTTP request POST http://www.otensu.com/scheduletask/runtask
info: System.Net.Http.HttpClient.default.ClientHandler[101]
      Received HTTP response after 72.1608ms - NoContent
info: System.Net.Http.HttpClient.default.LogicalHandler[101]
      End processing HTTP request after 72.2452ms - NoContent
info: System.Net.Http.HttpClient.default.LogicalHandler[100]
      Start processing HTTP request POST http://www.otensu.com/scheduletask/runtask
info: System.Net.Http.HttpClient.default.ClientHandler[100]
      Sending HTTP request POST http://www.otensu.com/scheduletask/runtask
info: System.Net.Http.HttpClient.default.ClientHandler[101]
      Received HTTP response after 238.2982ms - NoContent
info: System.Net.Http.HttpClient.default.LogicalHandler[101]
      End processing HTTP request after 238.3922ms - NoContent
info: System.Net.Http.HttpClient.default.LogicalHandler[100]
      Start processing HTTP request POST http://www.otensu.com/scheduletask/runtask
info: System.Net.Http.HttpClient.default.ClientHandler[100]
      Sending HTTP request POST http://www.otensu.com/scheduletask/runtask
info: System.Net.Http.HttpClient.default.ClientHandler[101]
      Received HTTP response after 64.8202ms - NoContent
info: System.Net.Http.HttpClient.default.LogicalHandler[101]
      End processing HTTP request after 64.8879ms - NoContent
info: System.Net.Http.HttpClient.default.LogicalHandler[100]
      Start processing HTTP request POST http://www.otensu.com/scheduletask/runtask
info: System.Net.Http.HttpClient.default.ClientHandler[100]
      Sending HTTP request POST http://www.otensu.com/scheduletask/runtask
info: System.Net.Http.HttpClient.default.ClientHandler[101]
      Received HTTP response after 612.4909ms - NoContent
info: System.Net.Http.HttpClient.default.LogicalHandler[101]
      End processing HTTP request after 613.5676ms - NoContent
info: System.Net.Http.HttpClient.default.LogicalHandler[100]
      Start processing HTTP request POST http://www.otensu.com/scheduletask/runtask
info: System.Net.Http.HttpClient.default.ClientHandler[100]
      Sending HTTP request POST http://www.otensu.com/scheduletask/runtask
info: System.Net.Http.HttpClient.default.ClientHandler[101]
      Received HTTP response after 84.038ms - NoContent
info: System.Net.Http.HttpClient.default.LogicalHandler[101]
      End processing HTTP request after 84.1218ms - NoContent
info: System.Net.Http.HttpClient.default.LogicalHandler[100]
      Start processing HTTP request POST http://www.otensu.com/scheduletask/runtask
info: System.Net.Http.HttpClient.default.ClientHandler[100]
      Sending HTTP request POST http://www.otensu.com/scheduletask/runtask
info: System.Net.Http.HttpClient.default.ClientHandler[101]
      Received HTTP response after 115.3229ms - NoContent
info: System.Net.Http.HttpClient.default.LogicalHandler[101]
      End processing HTTP request after 115.531ms - NoContent
info: System.Net.Http.HttpClient.default.LogicalHandler[100]
      Start processing HTTP request POST http://www.otensu.com/scheduletask/runtask
info: System.Net.Http.HttpClient.default.ClientHandler[100]
      Sending HTTP request POST http://www.otensu.com/scheduletask/runtask
info: System.Net.Http.HttpClient.default.ClientHandler[101]
      Received HTTP response after 78.3386ms - NoContent
info: System.Net.Http.HttpClient.default.LogicalHandler[101]
      End processing HTTP request after 78.464ms - NoContent
info: System.Net.Http.HttpClient.default.LogicalHandler[100]
      Start processing HTTP request POST http://www.otensu.com/scheduletask/runtask
info: System.Net.Http.HttpClient.default.ClientHandler[100]
      Sending HTTP request POST http://www.otensu.com/scheduletask/runtask
info: System.Net.Http.HttpClient.default.ClientHandler[101]
      Received HTTP response after 107.3139ms - NoContent
info: System.Net.Http.HttpClient.default.LogicalHandler[101]
      End processing HTTP request after 107.4027ms - NoContent
info: System.Net.Http.HttpClient.default.LogicalHandler[100]
      Start processing HTTP request POST http://www.otensu.com/scheduletask/runtask
info: System.Net.Http.HttpClient.default.ClientHandler[100]
      Sending HTTP request POST http://www.otensu.com/scheduletask/runtask
info: System.Net.Http.HttpClient.default.ClientHandler[101]
      Received HTTP response after 71.5014ms - NoContent
info: System.Net.Http.HttpClient.default.LogicalHandler[101]
      End processing HTTP request after 71.8786ms - NoContent
info: System.Net.Http.HttpClient.default.LogicalHandler[100]
      Start processing HTTP request POST http://www.otensu.com/scheduletask/runtask
info: System.Net.Http.HttpClient.default.ClientHandler[100]
      Sending HTTP request POST http://www.otensu.com/scheduletask/runtask
info: System.Net.Http.HttpClient.default.ClientHandler[101]
      Received HTTP response after 74.6155ms - NoContent
info: System.Net.Http.HttpClient.default.LogicalHandler[101]
      End processing HTTP request after 74.6947ms - NoContent
info: System.Net.Http.HttpClient.default.LogicalHandler[100]
      Start processing HTTP request POST http://www.otensu.com/scheduletask/runtask
info: System.Net.Http.HttpClient.default.ClientHandler[100]
      Sending HTTP request POST http://www.otensu.com/scheduletask/runtask
info: System.Net.Http.HttpClient.default.ClientHandler[101]
      Received HTTP response after 115.8055ms - NoContent
info: System.Net.Http.HttpClient.default.LogicalHandler[101]
      End processing HTTP request after 115.8782ms - NoContent
info: System.Net.Http.HttpClient.default.LogicalHandler[100]
      Start processing HTTP request POST http://www.otensu.com/scheduletask/runtask
info: System.Net.Http.HttpClient.default.ClientHandler[100]
      Sending HTTP request POST http://www.otensu.com/scheduletask/runtask
info: System.Net.Http.HttpClient.default.ClientHandler[101]
      Received HTTP response after 79.4928ms - NoContent
info: System.Net.Http.HttpClient.default.LogicalHandler[101]
      End processing HTTP request after 79.9823ms - NoContent
info: System.Net.Http.HttpClient.default.LogicalHandler[100]
      Start processing HTTP request POST http://www.otensu.com/scheduletask/runtask
info: System.Net.Http.HttpClient.default.ClientHandler[100]
      Sending HTTP request POST http://www.otensu.com/scheduletask/runtask
info: System.Net.Http.HttpClient.default.ClientHandler[101]
      Received HTTP response after 122.8454ms - NoContent
info: System.Net.Http.HttpClient.default.LogicalHandler[101]
      End processing HTTP request after 122.9239ms - NoContent
info: System.Net.Http.HttpClient.default.LogicalHandler[100]
      Start processing HTTP request POST http://www.otensu.com/scheduletask/runtask
info: System.Net.Http.HttpClient.default.ClientHandler[100]
      Sending HTTP request POST http://www.otensu.com/scheduletask/runtask
info: System.Net.Http.HttpClient.default.ClientHandler[101]
      Received HTTP response after 77.7231ms - NoContent
info: System.Net.Http.HttpClient.default.LogicalHandler[101]
      End processing HTTP request after 77.855ms - NoContent
info: System.Net.Http.HttpClient.default.LogicalHandler[100]
      Start processing HTTP request POST http://www.otensu.com/scheduletask/runtask
info: System.Net.Http.HttpClient.default.ClientHandler[100]
      Sending HTTP request POST http://www.otensu.com/scheduletask/runtask
info: System.Net.Http.HttpClient.default.LogicalHandler[100]
      Start processing HTTP request POST http://www.otensu.com/scheduletask/runtask
info: System.Net.Http.HttpClient.default.ClientHandler[100]
      Sending HTTP request POST http://www.otensu.com/scheduletask/runtask
info: System.Net.Http.HttpClient.default.ClientHandler[101]
      Received HTTP response after 3556.9ms - NoContent
info: System.Net.Http.HttpClient.default.LogicalHandler[101]
      End processing HTTP request after 3556.9763ms - NoContent
info: System.Net.Http.HttpClient.default.ClientHandler[101]
      Received HTTP response after 6933.0414ms - NoContent
info: System.Net.Http.HttpClient.default.LogicalHandler[101]
      End processing HTTP request after 6933.124ms - NoContent
info: System.Net.Http.HttpClient.default.LogicalHandler[100]
      Start processing HTTP request POST http://www.otensu.com/scheduletask/runtask
info: System.Net.Http.HttpClient.default.ClientHandler[100]
      Sending HTTP request POST http://www.otensu.com/scheduletask/runtask
info: System.Net.Http.HttpClient.default.ClientHandler[101]
      Received HTTP response after 689.2384ms - NoContent
info: System.Net.Http.HttpClient.default.LogicalHandler[101]
      End processing HTTP request after 689.2966ms - NoContent
info: System.Net.Http.HttpClient.default.LogicalHandler[100]
      Start processing HTTP request POST http://www.otensu.com/scheduletask/runtask
info: System.Net.Http.HttpClient.default.ClientHandler[100]
      Sending HTTP request POST http://www.otensu.com/scheduletask/runtask
info: System.Net.Http.HttpClient.default.ClientHandler[101]
      Received HTTP response after 990.6962ms - NoContent
info: System.Net.Http.HttpClient.default.LogicalHandler[101]
      End processing HTTP request after 990.7969ms - NoContent
info: System.Net.Http.HttpClient.default.LogicalHandler[100]
      Start processing HTTP request POST http://www.otensu.com/scheduletask/runtask
info: System.Net.Http.HttpClient.default.ClientHandler[100]
      Sending HTTP request POST http://www.otensu.com/scheduletask/runtask
info: System.Net.Http.HttpClient.default.ClientHandler[101]
      Received HTTP response after 433.1807ms - NoContent
info: System.Net.Http.HttpClient.default.LogicalHandler[101]
      End processing HTTP request after 433.2589ms - NoContent
info: System.Net.Http.HttpClient.default.LogicalHandler[100]
      Start processing HTTP request POST http://www.otensu.com/scheduletask/runtask
info: System.Net.Http.HttpClient.default.ClientHandler[100]
      Sending HTTP request POST http://www.otensu.com/scheduletask/runtask
info: System.Net.Http.HttpClient.default.ClientHandler[101]
      Received HTTP response after 90.267ms - NoContent
info: System.Net.Http.HttpClient.default.LogicalHandler[101]
      End processing HTTP request after 90.3504ms - NoContent
info: System.Net.Http.HttpClient.default.LogicalHandler[100]
      Start processing HTTP request POST http://www.otensu.com/scheduletask/runtask
info: System.Net.Http.HttpClient.default.ClientHandler[100]
      Sending HTTP request POST http://www.otensu.com/scheduletask/runtask
info: System.Net.Http.HttpClient.default.ClientHandler[101]
      Received HTTP response after 107.9316ms - NoContent
info: System.Net.Http.HttpClient.default.LogicalHandler[101]
      End processing HTTP request after 108.0071ms - NoContent
info: System.Net.Http.HttpClient.default.LogicalHandler[100]
      Start processing HTTP request POST http://www.otensu.com/scheduletask/runtask
info: System.Net.Http.HttpClient.default.ClientHandler[100]
      Sending HTTP request POST http://www.otensu.com/scheduletask/runtask
info: System.Net.Http.HttpClient.default.ClientHandler[101]
      Received HTTP response after 305.2981ms - NoContent
info: System.Net.Http.HttpClient.default.LogicalHandler[101]
      End processing HTTP request after 305.3874ms - NoContent
info: System.Net.Http.HttpClient.default.LogicalHandler[100]
      Start processing HTTP request POST http://www.otensu.com/scheduletask/runtask
info: System.Net.Http.HttpClient.default.ClientHandler[100]
      Sending HTTP request POST http://www.otensu.com/scheduletask/runtask
info: System.Net.Http.HttpClient.default.ClientHandler[101]
      Received HTTP response after 100.767ms - NoContent
info: System.Net.Http.HttpClient.default.LogicalHandler[101]
      End processing HTTP request after 100.8384ms - NoContent
info: System.Net.Http.HttpClient.default.LogicalHandler[100]
      Start processing HTTP request POST http://www.otensu.com/scheduletask/runtask
info: System.Net.Http.HttpClient.default.ClientHandler[100]
      Sending HTTP request POST http://www.otensu.com/scheduletask/runtask
info: System.Net.Http.HttpClient.default.ClientHandler[101]
      Received HTTP response after 501.5607ms - NoContent
info: System.Net.Http.HttpClient.default.LogicalHandler[101]
      End processing HTTP request after 501.6364ms - NoContent
info: System.Net.Http.HttpClient.default.LogicalHandler[100]
      Start processing HTTP request POST http://www.otensu.com/scheduletask/runtask
info: System.Net.Http.HttpClient.default.ClientHandler[100]
      Sending HTTP request POST http://www.otensu.com/scheduletask/runtask
info: System.Net.Http.HttpClient.default.ClientHandler[101]
      Received HTTP response after 209.7917ms - NoContent
info: System.Net.Http.HttpClient.default.LogicalHandler[101]
      End processing HTTP request after 209.937ms - NoContent
info: System.Net.Http.HttpClient.default.LogicalHandler[100]
      Start processing HTTP request POST http://www.otensu.com/scheduletask/runtask
info: System.Net.Http.HttpClient.default.ClientHandler[100]
      Sending HTTP request POST http://www.otensu.com/scheduletask/runtask
info: System.Net.Http.HttpClient.default.ClientHandler[101]
      Received HTTP response after 236.1144ms - NoContent
info: System.Net.Http.HttpClient.default.LogicalHandler[101]
      End processing HTTP request after 236.1905ms - NoContent
info: System.Net.Http.HttpClient.default.LogicalHandler[100]
      Start processing HTTP request POST http://www.otensu.com/scheduletask/runtask
info: System.Net.Http.HttpClient.default.ClientHandler[100]
      Sending HTTP request POST http://www.otensu.com/scheduletask/runtask
info: System.Net.Http.HttpClient.default.ClientHandler[101]
      Received HTTP response after 448.6121ms - NoContent
info: System.Net.Http.HttpClient.default.LogicalHandler[101]
      End processing HTTP request after 448.699ms - NoContent
info: System.Net.Http.HttpClient.default.LogicalHandler[100]
      Start processing HTTP request POST http://www.otensu.com/scheduletask/runtask
info: System.Net.Http.HttpClient.default.ClientHandler[100]
      Sending HTTP request POST http://www.otensu.com/scheduletask/runtask
info: System.Net.Http.HttpClient.default.ClientHandler[101]
      Received HTTP response after 110.2308ms - NoContent
info: System.Net.Http.HttpClient.default.LogicalHandler[101]
      End processing HTTP request after 110.3397ms - NoContent
info: System.Net.Http.HttpClient.default.LogicalHandler[100]
      Start processing HTTP request POST http://www.otensu.com/scheduletask/runtask
info: System.Net.Http.HttpClient.default.ClientHandler[100]
      Sending HTTP request POST http://www.otensu.com/scheduletask/runtask
info: System.Net.Http.HttpClient.default.ClientHandler[101]
      Received HTTP response after 526.1786ms - NoContent
info: System.Net.Http.HttpClient.default.LogicalHandler[101]
      End processing HTTP request after 526.2597ms - NoContent
info: System.Net.Http.HttpClient.default.LogicalHandler[100]
      Start processing HTTP request POST http://www.otensu.com/scheduletask/runtask
info: System.Net.Http.HttpClient.default.ClientHandler[100]
      Sending HTTP request POST http://www.otensu.com/scheduletask/runtask
info: System.Net.Http.HttpClient.default.ClientHandler[101]
      Received HTTP response after 1169.678ms - NoContent
info: System.Net.Http.HttpClient.default.LogicalHandler[101]
      End processing HTTP request after 1169.7514ms - NoContent
info: System.Net.Http.HttpClient.default.LogicalHandler[100]
      Start processing HTTP request POST http://www.otensu.com/scheduletask/runtask
info: System.Net.Http.HttpClient.default.ClientHandler[100]
      Sending HTTP request POST http://www.otensu.com/scheduletask/runtask
info: System.Net.Http.HttpClient.default.ClientHandler[101]
      Received HTTP response after 1580.5854ms - NoContent
info: System.Net.Http.HttpClient.default.LogicalHandler[101]
      End processing HTTP request after 1580.6762ms - NoContent
info: System.Net.Http.HttpClient.default.LogicalHandler[100]
      Start processing HTTP request POST http://www.otensu.com/scheduletask/runtask
info: System.Net.Http.HttpClient.default.ClientHandler[100]
      Sending HTTP request POST http://www.otensu.com/scheduletask/runtask
info: System.Net.Http.HttpClient.default.ClientHandler[101]
      Received HTTP response after 1312.6299ms - NoContent
info: System.Net.Http.HttpClient.default.LogicalHandler[101]
      End processing HTTP request after 1312.7208ms - NoContent
info: Microsoft.AspNetCore.Hosting.Diagnostics[1]
      Request starting HTTP/1.1 GET http://localhost:15536/Themes/MukeraCleanTheme/Content/js/bootstrap.min.js.map  
info: Microsoft.AspNetCore.Hosting.Diagnostics[1]
      Request starting HTTP/1.1 GET http://localhost:15536/Themes/MukeraCleanTheme/Content/css/style.css.map  
info: Microsoft.AspNetCore.Hosting.Diagnostics[2]
      Request finished in 584.9435ms 404 
info: Microsoft.AspNetCore.Hosting.Diagnostics[2]
      Request finished in 820.5894ms 404 
info: System.Net.Http.HttpClient.default.LogicalHandler[100]
      Start processing HTTP request POST http://www.otensu.com/scheduletask/runtask
info: System.Net.Http.HttpClient.default.ClientHandler[100]
      Sending HTTP request POST http://www.otensu.com/scheduletask/runtask
info: System.Net.Http.HttpClient.default.ClientHandler[101]
      Received HTTP response after 90.5585ms - NoContent
info: System.Net.Http.HttpClient.default.LogicalHandler[101]
      End processing HTTP request after 90.6137ms - NoContent
info: System.Net.Http.HttpClient.default.LogicalHandler[100]
      Start processing HTTP request POST http://www.otensu.com/scheduletask/runtask
info: System.Net.Http.HttpClient.default.ClientHandler[100]
      Sending HTTP request POST http://www.otensu.com/scheduletask/runtask
info: System.Net.Http.HttpClient.default.ClientHandler[101]
      Received HTTP response after 90.4578ms - NoContent
info: System.Net.Http.HttpClient.default.LogicalHandler[101]
      End processing HTTP request after 90.5245ms - NoContent
info: System.Net.Http.HttpClient.default.LogicalHandler[100]
      Start processing HTTP request POST http://www.otensu.com/scheduletask/runtask
info: System.Net.Http.HttpClient.default.ClientHandler[100]
      Sending HTTP request POST http://www.otensu.com/scheduletask/runtask
info: System.Net.Http.HttpClient.default.ClientHandler[101]
      Received HTTP response after 428.7069ms - NoContent
info: System.Net.Http.HttpClient.default.LogicalHandler[101]
      End processing HTTP request after 428.7735ms - NoContent
info: System.Net.Http.HttpClient.default.LogicalHandler[100]
      Start processing HTTP request POST http://www.otensu.com/scheduletask/runtask
info: System.Net.Http.HttpClient.default.ClientHandler[100]
      Sending HTTP request POST http://www.otensu.com/scheduletask/runtask
info: System.Net.Http.HttpClient.default.ClientHandler[101]
      Received HTTP response after 1085.7749ms - NoContent
info: System.Net.Http.HttpClient.default.LogicalHandler[101]
      End processing HTTP request after 1085.9151ms - NoContent
info: System.Net.Http.HttpClient.default.LogicalHandler[100]
      Start processing HTTP request POST http://www.otensu.com/scheduletask/runtask
info: System.Net.Http.HttpClient.default.ClientHandler[100]
      Sending HTTP request POST http://www.otensu.com/scheduletask/runtask
info: System.Net.Http.HttpClient.default.ClientHandler[101]
      Received HTTP response after 173.2909ms - NoContent
info: System.Net.Http.HttpClient.default.LogicalHandler[101]
      End processing HTTP request after 173.3912ms - NoContent
info: System.Net.Http.HttpClient.default.LogicalHandler[100]
      Start processing HTTP request POST http://www.otensu.com/scheduletask/runtask
info: System.Net.Http.HttpClient.default.ClientHandler[100]
      Sending HTTP request POST http://www.otensu.com/scheduletask/runtask
info: System.Net.Http.HttpClient.default.ClientHandler[101]
      Received HTTP response after 115.9389ms - NoContent
info: System.Net.Http.HttpClient.default.LogicalHandler[101]
      End processing HTTP request after 116.0643ms - NoContent
info: System.Net.Http.HttpClient.default.LogicalHandler[100]
      Start processing HTTP request POST http://www.otensu.com/scheduletask/runtask
info: System.Net.Http.HttpClient.default.ClientHandler[100]
      Sending HTTP request POST http://www.otensu.com/scheduletask/runtask
info: System.Net.Http.HttpClient.default.ClientHandler[101]
      Received HTTP response after 1355.6412ms - NoContent
info: System.Net.Http.HttpClient.default.LogicalHandler[101]
      End processing HTTP request after 1355.8071ms - NoContent
info: System.Net.Http.HttpClient.default.LogicalHandler[100]
      Start processing HTTP request POST http://www.otensu.com/scheduletask/runtask
info: System.Net.Http.HttpClient.default.ClientHandler[100]
      Sending HTTP request POST http://www.otensu.com/scheduletask/runtask
info: System.Net.Http.HttpClient.default.ClientHandler[101]
      Received HTTP response after 107.809ms - NoContent
info: System.Net.Http.HttpClient.default.LogicalHandler[101]
      End processing HTTP request after 107.9267ms - NoContent
info: Microsoft.AspNetCore.Hosting.Diagnostics[1]
      Request starting HTTP/1.1 GET http://localhost:15536/Themes/MukeraCleanTheme/Content/css/style.css.map  
info: Microsoft.AspNetCore.Hosting.Diagnostics[1]
      Request starting HTTP/1.1 GET http://localhost:15536/Themes/MukeraCleanTheme/Content/js/bootstrap.min.js.map  
info: Microsoft.AspNetCore.Hosting.Diagnostics[2]
      Request finished in 1723.6288ms 404 
info: Microsoft.AspNetCore.Hosting.Diagnostics[2]
      Request finished in 2813.2046ms 404 
info: System.Net.Http.HttpClient.default.LogicalHandler[100]
      Start processing HTTP request POST http://www.otensu.com/scheduletask/runtask
info: System.Net.Http.HttpClient.default.ClientHandler[100]
      Sending HTTP request POST http://www.otensu.com/scheduletask/runtask
info: System.Net.Http.HttpClient.default.ClientHandler[101]
      Received HTTP response after 88.4249ms - NoContent
info: System.Net.Http.HttpClient.default.LogicalHandler[101]
      End processing HTTP request after 88.5944ms - NoContent
info: System.Net.Http.HttpClient.default.LogicalHandler[100]
      Start processing HTTP request POST http://www.otensu.com/scheduletask/runtask
info: System.Net.Http.HttpClient.default.ClientHandler[100]
      Sending HTTP request POST http://www.otensu.com/scheduletask/runtask
info: System.Net.Http.HttpClient.default.ClientHandler[101]
      Received HTTP response after 67.5835ms - NoContent
info: System.Net.Http.HttpClient.default.LogicalHandler[101]
      End processing HTTP request after 67.6412ms - NoContent
info: System.Net.Http.HttpClient.default.LogicalHandler[100]
      Start processing HTTP request POST http://www.otensu.com/scheduletask/runtask
info: System.Net.Http.HttpClient.default.ClientHandler[100]
      Sending HTTP request POST http://www.otensu.com/scheduletask/runtask
info: System.Net.Http.HttpClient.default.ClientHandler[101]
      Received HTTP response after 150.7417ms - NoContent
info: System.Net.Http.HttpClient.default.LogicalHandler[101]
      End processing HTTP request after 150.845ms - NoContent
info: System.Net.Http.HttpClient.default.LogicalHandler[100]
      Start processing HTTP request POST http://www.otensu.com/scheduletask/runtask
info: System.Net.Http.HttpClient.default.ClientHandler[100]
      Sending HTTP request POST http://www.otensu.com/scheduletask/runtask
info: System.Net.Http.HttpClient.default.ClientHandler[101]
      Received HTTP response after 129.9669ms - NoContent
info: System.Net.Http.HttpClient.default.LogicalHandler[101]
      End processing HTTP request after 130.064ms - NoContent
info: System.Net.Http.HttpClient.default.LogicalHandler[100]
      Start processing HTTP request POST http://www.otensu.com/scheduletask/runtask
info: System.Net.Http.HttpClient.default.ClientHandler[100]
      Sending HTTP request POST http://www.otensu.com/scheduletask/runtask
info: System.Net.Http.HttpClient.default.ClientHandler[101]
      Received HTTP response after 183.096ms - NoContent
info: System.Net.Http.HttpClient.default.LogicalHandler[101]
      End processing HTTP request after 183.1856ms - NoContent




































































































