info: System.Net.Http.HttpClient.default.LogicalHandler[100]
      Start processing HTTP request POST http://joysmarter2staff-099-site1.btempurl.com/scheduletask/runtask
info: System.Net.Http.HttpClient.default.ClientHandler[100]
      Sending HTTP request POST http://joysmarter2staff-099-site1.btempurl.com/scheduletask/runtask
info: Microsoft.Hosting.Lifetime[0]
      Now listening on: http://127.0.0.1:20319
info: Microsoft.Hosting.Lifetime[0]
      Application started. Press Ctrl+C to shut down.
info: Microsoft.Hosting.Lifetime[0]
      Hosting environment: Development
info: Microsoft.Hosting.Lifetime[0]
      Content root path: C:\Users\Tensay Bulcha\Source\Repos\TensuB\NineCommerce\Presentation\Nop.Web
info: Microsoft.AspNetCore.Hosting.Diagnostics[1]
      Request starting HTTP/1.1 GET http://localhost:15536/  
info: System.Net.Http.HttpClient.default.ClientHandler[101]
      Received HTTP response after 955.0292ms - NotFound
info: System.Net.Http.HttpClient.default.LogicalHandler[101]
      End processing HTTP request after 965.1438ms - NotFound
info: Microsoft.AspNetCore.Routing.EndpointMiddleware[0]
      Executing endpoint 'Nop.Web.Controllers.HomeController.Index (Nop.Web)'
info: Microsoft.AspNetCore.Mvc.Infrastructure.ControllerActionInvoker[3]
      Route matched with {action = "Index", controller = "Home", area = ""}. Executing controller action with signature Microsoft.AspNetCore.Mvc.IActionResult Index() on controller Nop.Web.Controllers.HomeController (Nop.Web).
info: Microsoft.AspNetCore.Mvc.ViewFeatures.ViewResultExecutor[1]
      Executing ViewResult, running view Index.
info: Microsoft.AspNetCore.Mvc.ViewFeatures.ViewResultExecutor[4]
      Executed ViewResult - view Index executed in 30245.7873ms.
info: Microsoft.AspNetCore.Mvc.Infrastructure.ControllerActionInvoker[2]
      Executed action Nop.Web.Controllers.HomeController.Index (Nop.Web) in 30396.6725ms
info: Microsoft.AspNetCore.Routing.EndpointMiddleware[1]
      Executed endpoint 'Nop.Web.Controllers.HomeController.Index (Nop.Web)'
info: Microsoft.AspNetCore.Hosting.Diagnostics[2]
      Request finished in 32968.1474ms 200 text/html; charset=utf-8
info: Microsoft.AspNetCore.Hosting.Diagnostics[1]
      Request starting HTTP/1.1 GET http://localhost:15536/Themes/MukeraCleanTheme/Content/js/bootstrap.min.js.map  
info: Microsoft.AspNetCore.Hosting.Diagnostics[1]
      Request starting HTTP/1.1 GET http://localhost:15536/Themes/MukeraCleanTheme/Content/css/style.css.map  
info: Microsoft.AspNetCore.Hosting.Diagnostics[2]
      Request finished in 178.0687ms 404 
info: Microsoft.AspNetCore.Hosting.Diagnostics[2]
      Request finished in 271.3959ms 404 
info: System.Net.Http.HttpClient.default.LogicalHandler[100]
      Start processing HTTP request POST http://joysmarter2staff-099-site1.btempurl.com/scheduletask/runtask
info: System.Net.Http.HttpClient.default.ClientHandler[100]
      Sending HTTP request POST http://joysmarter2staff-099-site1.btempurl.com/scheduletask/runtask
info: System.Net.Http.HttpClient.default.ClientHandler[101]
      Received HTTP response after 626.4007ms - NotFound
info: System.Net.Http.HttpClient.default.LogicalHandler[101]
      End processing HTTP request after 628.0722ms - NotFound
info: System.Net.Http.HttpClient.default.LogicalHandler[100]
      Start processing HTTP request POST http://joysmarter2staff-099-site1.btempurl.com/scheduletask/runtask
info: System.Net.Http.HttpClient.default.ClientHandler[100]
      Sending HTTP request POST http://joysmarter2staff-099-site1.btempurl.com/scheduletask/runtask
info: System.Net.Http.HttpClient.default.ClientHandler[101]
      Received HTTP response after 433.7235ms - NotFound
info: System.Net.Http.HttpClient.default.LogicalHandler[101]
      End processing HTTP request after 434.078ms - NotFound
info: System.Net.Http.HttpClient.default.LogicalHandler[100]
      Start processing HTTP request POST http://joysmarter2staff-099-site1.btempurl.com/scheduletask/runtask
info: System.Net.Http.HttpClient.default.ClientHandler[100]
      Sending HTTP request POST http://joysmarter2staff-099-site1.btempurl.com/scheduletask/runtask
info: System.Net.Http.HttpClient.default.ClientHandler[101]
      Received HTTP response after 256.2587ms - NotFound
info: System.Net.Http.HttpClient.default.LogicalHandler[101]
      End processing HTTP request after 256.5228ms - NotFound
