info: Microsoft.Hosting.Lifetime[0]
      Now listening on: http://127.0.0.1:28520
info: Microsoft.Hosting.Lifetime[0]
      Application started. Press Ctrl+C to shut down.
info: Microsoft.Hosting.Lifetime[0]
      Hosting environment: Development
info: Microsoft.Hosting.Lifetime[0]
      Content root path: C:\Users\Tensay Bulcha\Source\Repos\TensuB\NineCommerce\Presentation\Nop.Web
info: Microsoft.AspNetCore.Hosting.Diagnostics[1]
      Request starting HTTP/1.1 GET http://localhost:15536/  
info: Microsoft.AspNetCore.Routing.EndpointMiddleware[0]
      Executing endpoint 'Nop.Web.Controllers.HomeController.Index (Nop.Web)'
info: Microsoft.AspNetCore.Mvc.Infrastructure.ControllerActionInvoker[3]
      Route matched with {action = "Index", controller = "Home", area = ""}. Executing controller action with signature Microsoft.AspNetCore.Mvc.IActionResult Index() on controller Nop.Web.Controllers.HomeController (Nop.Web).
info: Microsoft.AspNetCore.Mvc.ViewFeatures.ViewResultExecutor[1]
      Executing ViewResult, running view Index.
info: System.Net.Http.HttpClient.default.LogicalHandler[100]
      Start processing HTTP request POST http://www.otensu.com/scheduletask/runtask
info: System.Net.Http.HttpClient.default.ClientHandler[100]
      Sending HTTP request POST http://www.otensu.com/scheduletask/runtask
info: System.Net.Http.HttpClient.default.ClientHandler[101]
      Received HTTP response after 1184.0034ms - NoContent
info: System.Net.Http.HttpClient.default.LogicalHandler[101]
      End processing HTTP request after 1191.8451ms - NoContent
info: Microsoft.AspNetCore.Mvc.ViewFeatures.ViewResultExecutor[4]
      Executed ViewResult - view Index executed in 19249.2975ms.
info: Microsoft.AspNetCore.Mvc.Infrastructure.ControllerActionInvoker[2]
      Executed action Nop.Web.Controllers.HomeController.Index (Nop.Web) in 19706.3074ms
info: Microsoft.AspNetCore.Routing.EndpointMiddleware[1]
      Executed endpoint 'Nop.Web.Controllers.HomeController.Index (Nop.Web)'
info: Microsoft.AspNetCore.Hosting.Diagnostics[2]
      Request finished in 25900.4916ms 200 text/html; charset=utf-8
info: Microsoft.AspNetCore.Hosting.Diagnostics[1]
      Request starting HTTP/1.1 GET http://localhost:15536/  
info: Microsoft.AspNetCore.Routing.EndpointMiddleware[0]
      Executing endpoint 'Nop.Web.Controllers.HomeController.Index (Nop.Web)'
info: Microsoft.AspNetCore.Mvc.Infrastructure.ControllerActionInvoker[3]
      Route matched with {action = "Index", controller = "Home", area = ""}. Executing controller action with signature Microsoft.AspNetCore.Mvc.IActionResult Index() on controller Nop.Web.Controllers.HomeController (Nop.Web).
info: Microsoft.AspNetCore.Mvc.ViewFeatures.ViewResultExecutor[1]
      Executing ViewResult, running view Index.
info: Microsoft.AspNetCore.Mvc.ViewFeatures.ViewResultExecutor[4]
      Executed ViewResult - view Index executed in 33.9827ms.
info: Microsoft.AspNetCore.Mvc.Infrastructure.ControllerActionInvoker[2]
      Executed action Nop.Web.Controllers.HomeController.Index (Nop.Web) in 36.0643ms
info: Microsoft.AspNetCore.Routing.EndpointMiddleware[1]
      Executed endpoint 'Nop.Web.Controllers.HomeController.Index (Nop.Web)'
info: Microsoft.AspNetCore.Hosting.Diagnostics[2]
      Request finished in 248.6251ms 200 text/html; charset=utf-8
info: Microsoft.AspNetCore.Hosting.Diagnostics[1]
      Request starting HTTP/1.1 GET http://localhost:15536/icons/icons_0/favicon.ico  
info: Microsoft.AspNetCore.StaticFiles.StaticFileMiddleware[2]
      Sending file. Request path: '/icons/icons_0/favicon.ico'. Physical path: 'C:\Users\Tensay Bulcha\Source\Repos\TensuB\NineCommerce\Presentation\Nop.Web\wwwroot\icons\icons_0\favicon.ico'
info: Microsoft.AspNetCore.Hosting.Diagnostics[2]
      Request finished in 102.2915ms 200 image/x-icon
info: System.Net.Http.HttpClient.default.LogicalHandler[100]
      Start processing HTTP request POST http://www.otensu.com/scheduletask/runtask
info: System.Net.Http.HttpClient.default.ClientHandler[100]
      Sending HTTP request POST http://www.otensu.com/scheduletask/runtask
info: System.Net.Http.HttpClient.default.ClientHandler[101]
      Received HTTP response after 102.5994ms - NoContent
info: System.Net.Http.HttpClient.default.LogicalHandler[101]
      End processing HTTP request after 103.01ms - NoContent
info: Microsoft.AspNetCore.Hosting.Diagnostics[1]
      Request starting HTTP/1.1 GET http://localhost:15536/Themes/MukeraCleanTheme/Content/js/bootstrap.min.js.map  
info: Microsoft.AspNetCore.Hosting.Diagnostics[2]
      Request finished in 163.7735ms 404 
info: Microsoft.AspNetCore.Hosting.Diagnostics[1]
      Request starting HTTP/1.1 GET http://localhost:15536/Themes/MukeraCleanTheme/Content/css/style.css.map  
info: Microsoft.AspNetCore.Hosting.Diagnostics[2]
      Request finished in 182.0657ms 404 
info: System.Net.Http.HttpClient.default.LogicalHandler[100]
      Start processing HTTP request POST http://www.otensu.com/scheduletask/runtask
info: System.Net.Http.HttpClient.default.ClientHandler[100]
      Sending HTTP request POST http://www.otensu.com/scheduletask/runtask
info: System.Net.Http.HttpClient.default.ClientHandler[101]
      Received HTTP response after 129.7747ms - NoContent
info: System.Net.Http.HttpClient.default.LogicalHandler[101]
      End processing HTTP request after 130.0602ms - NoContent
info: System.Net.Http.HttpClient.default.LogicalHandler[100]
      Start processing HTTP request POST http://www.otensu.com/scheduletask/runtask
info: System.Net.Http.HttpClient.default.ClientHandler[100]
      Sending HTTP request POST http://www.otensu.com/scheduletask/runtask
info: System.Net.Http.HttpClient.default.ClientHandler[101]
      Received HTTP response after 114.4371ms - NoContent
info: System.Net.Http.HttpClient.default.LogicalHandler[101]
      End processing HTTP request after 114.6496ms - NoContent
