info: Microsoft.Hosting.Lifetime[0]
      Now listening on: http://127.0.0.1:42340
info: Microsoft.Hosting.Lifetime[0]
      Application started. Press Ctrl+C to shut down.
info: Microsoft.Hosting.Lifetime[0]
      Hosting environment: Development
info: Microsoft.Hosting.Lifetime[0]
      Content root path: C:\Users\Tensay Bulcha\Source\Repos\TensuB\NineCommerce\Presentation\Nop.Web
info: Microsoft.AspNetCore.Hosting.Diagnostics[1]
      Request starting HTTP/1.1 GET http://localhost:15536/  
info: Microsoft.AspNetCore.Routing.EndpointMiddleware[0]
      Executing endpoint 'Nop.Web.Controllers.HomeController.Index (Nop.Web)'
info: Microsoft.AspNetCore.Mvc.Infrastructure.ControllerActionInvoker[3]
      Route matched with {action = "Index", controller = "Home", area = ""}. Executing controller action with signature Microsoft.AspNetCore.Mvc.IActionResult Index() on controller Nop.Web.Controllers.HomeController (Nop.Web).
info: Microsoft.AspNetCore.Mvc.ViewFeatures.ViewResultExecutor[1]
      Executing ViewResult, running view Index.
info: Microsoft.AspNetCore.Mvc.ViewFeatures.ViewResultExecutor[4]
      Executed ViewResult - view Index executed in 19001.1998ms.
info: Microsoft.AspNetCore.Mvc.Infrastructure.ControllerActionInvoker[2]
      Executed action Nop.Web.Controllers.HomeController.Index (Nop.Web) in 19706.5116ms
info: Microsoft.AspNetCore.Routing.EndpointMiddleware[1]
      Executed endpoint 'Nop.Web.Controllers.HomeController.Index (Nop.Web)'
info: Microsoft.AspNetCore.Hosting.Diagnostics[2]
      Request finished in 28216.9489ms 200 text/html; charset=utf-8
info: Microsoft.AspNetCore.Hosting.Diagnostics[1]
      Request starting HTTP/1.1 GET http://localhost:15536/Themes/MukeraCleanTheme/Content/assets/css/vendor.css  
info: Microsoft.AspNetCore.Hosting.Diagnostics[1]
      Request starting HTTP/1.1 GET http://localhost:15536/lib/jquery-ui/jquery-ui-1.12.1.custom/jquery-ui.min.css  
info: Microsoft.AspNetCore.Hosting.Diagnostics[1]
      Request starting HTTP/1.1 GET http://localhost:15536/Themes/MukeraCleanTheme/Content/css/styles.css  
info: Microsoft.AspNetCore.StaticFiles.StaticFileMiddleware[2]
      Sending file. Request path: '/MukeraCleanTheme/Content/css/styles.css'. Physical path: 'C:\Users\Tensay Bulcha\Source\Repos\TensuB\NineCommerce\Presentation\Nop.Web\Themes\MukeraCleanTheme\Content\css\styles.css'
info: Microsoft.AspNetCore.Hosting.Diagnostics[2]
      Request finished in 150.2484ms 200 text/css
info: Microsoft.AspNetCore.StaticFiles.StaticFileMiddleware[2]
      Sending file. Request path: '/lib/jquery-ui/jquery-ui-1.12.1.custom/jquery-ui.min.css'. Physical path: 'C:\Users\Tensay Bulcha\Source\Repos\TensuB\NineCommerce\Presentation\Nop.Web\wwwroot\lib\jquery-ui\jquery-ui-1.12.1.custom\jquery-ui.min.css'
info: Microsoft.AspNetCore.Hosting.Diagnostics[2]
      Request finished in 229.8525ms 200 text/css
info: Microsoft.AspNetCore.StaticFiles.StaticFileMiddleware[2]
      Sending file. Request path: '/MukeraCleanTheme/Content/assets/css/vendor.css'. Physical path: 'C:\Users\Tensay Bulcha\Source\Repos\TensuB\NineCommerce\Presentation\Nop.Web\Themes\MukeraCleanTheme\Content\assets\css\vendor.css'
info: Microsoft.AspNetCore.Hosting.Diagnostics[2]
      Request finished in 365.8614ms 200 text/css
info: Microsoft.AspNetCore.Hosting.Diagnostics[1]
      Request starting HTTP/1.1 GET http://localhost:15536/Themes/MukeraCleanTheme/Content/css/rest_theme_css.css  
info: Microsoft.AspNetCore.Hosting.Diagnostics[1]
      Request starting HTTP/1.1 GET http://localhost:15536/Themes/MukeraCleanTheme/Content/css/bootstrap.min.css  
info: Microsoft.AspNetCore.Hosting.Diagnostics[1]
      Request starting HTTP/1.1 GET http://localhost:15536/Themes/MukeraCleanTheme/Content/assets/css/style.css  
info: Microsoft.AspNetCore.StaticFiles.StaticFileMiddleware[2]
      Sending file. Request path: '/MukeraCleanTheme/Content/css/rest_theme_css.css'. Physical path: 'C:\Users\Tensay Bulcha\Source\Repos\TensuB\NineCommerce\Presentation\Nop.Web\Themes\MukeraCleanTheme\Content\css\rest_theme_css.css'
info: Microsoft.AspNetCore.Hosting.Diagnostics[2]
      Request finished in 128.9436ms 200 text/css
info: Microsoft.AspNetCore.Hosting.Diagnostics[1]
      Request starting HTTP/1.1 GET http://localhost:15536/Themes/MukeraCleanTheme/Content/css/rest_theme_styles.css  
info: Microsoft.AspNetCore.StaticFiles.StaticFileMiddleware[2]
      Sending file. Request path: '/MukeraCleanTheme/Content/css/bootstrap.min.css'. Physical path: 'C:\Users\Tensay Bulcha\Source\Repos\TensuB\NineCommerce\Presentation\Nop.Web\Themes\MukeraCleanTheme\Content\css\bootstrap.min.css'
info: Microsoft.AspNetCore.Hosting.Diagnostics[2]
      Request finished in 135.9435ms 200 text/css
info: Microsoft.AspNetCore.Hosting.Diagnostics[1]
      Request starting HTTP/1.1 GET http://localhost:15536/Plugins/Widgets.NivoSlider/Content/nivoslider/nivo-slider.css  
info: Microsoft.AspNetCore.StaticFiles.StaticFileMiddleware[2]
      Sending file. Request path: '/Widgets.NivoSlider/Content/nivoslider/nivo-slider.css'. Physical path: 'C:\Users\Tensay Bulcha\Source\Repos\TensuB\NineCommerce\Presentation\Nop.Web\Plugins\Widgets.NivoSlider\Content\nivoslider\nivo-slider.css'
info: Microsoft.AspNetCore.Hosting.Diagnostics[2]
      Request finished in 2.5046ms 200 text/css
info: Microsoft.AspNetCore.Hosting.Diagnostics[1]
      Request starting HTTP/1.1 GET http://localhost:15536/Plugins/Widgets.NivoSlider/Content/nivoslider/themes/custom/custom.css  
info: Microsoft.AspNetCore.StaticFiles.StaticFileMiddleware[2]
      Sending file. Request path: '/Widgets.NivoSlider/Content/nivoslider/themes/custom/custom.css'. Physical path: 'C:\Users\Tensay Bulcha\Source\Repos\TensuB\NineCommerce\Presentation\Nop.Web\Plugins\Widgets.NivoSlider\Content\nivoslider\themes\custom\custom.css'
info: Microsoft.AspNetCore.Hosting.Diagnostics[2]
      Request finished in 2.6793ms 200 text/css
info: Microsoft.AspNetCore.Hosting.Diagnostics[1]
      Request starting HTTP/1.1 GET http://localhost:15536/lib/jquery/jquery-3.4.1.min.js  
info: Microsoft.AspNetCore.StaticFiles.StaticFileMiddleware[2]
      Sending file. Request path: '/MukeraCleanTheme/Content/assets/css/style.css'. Physical path: 'C:\Users\Tensay Bulcha\Source\Repos\TensuB\NineCommerce\Presentation\Nop.Web\Themes\MukeraCleanTheme\Content\assets\css\style.css'
info: Microsoft.AspNetCore.Hosting.Diagnostics[2]
      Request finished in 314.8742ms 200 text/css
info: Microsoft.AspNetCore.Hosting.Diagnostics[1]
      Request starting HTTP/1.1 GET http://localhost:15536/lib/jquery-validate/jquery.validate-v1.19.1/jquery.validate.min.js  
info: Microsoft.AspNetCore.StaticFiles.StaticFileMiddleware[2]
      Sending file. Request path: '/lib/jquery/jquery-3.4.1.min.js'. Physical path: 'C:\Users\Tensay Bulcha\Source\Repos\TensuB\NineCommerce\Presentation\Nop.Web\wwwroot\lib\jquery\jquery-3.4.1.min.js'
info: Microsoft.AspNetCore.Hosting.Diagnostics[2]
      Request finished in 254.4435ms 200 application/javascript
info: Microsoft.AspNetCore.StaticFiles.StaticFileMiddleware[2]
      Sending file. Request path: '/lib/jquery-validate/jquery.validate-v1.19.1/jquery.validate.min.js'. Physical path: 'C:\Users\Tensay Bulcha\Source\Repos\TensuB\NineCommerce\Presentation\Nop.Web\wwwroot\lib\jquery-validate\jquery.validate-v1.19.1\jquery.validate.min.js'
info: Microsoft.AspNetCore.Hosting.Diagnostics[2]
      Request finished in 30.9297ms 200 application/javascript
info: Microsoft.AspNetCore.Hosting.Diagnostics[1]
      Request starting HTTP/1.1 GET http://localhost:15536/lib/jquery-validate/jquery.validate.unobtrusive-v3.2.11/jquery.validate.unobtrusive.min.js  
info: Microsoft.AspNetCore.Hosting.Diagnostics[1]
      Request starting HTTP/1.1 GET http://localhost:15536/lib/jquery-migrate/jquery-migrate-3.1.0.min.js  
info: Microsoft.AspNetCore.StaticFiles.StaticFileMiddleware[2]
      Sending file. Request path: '/lib/jquery-migrate/jquery-migrate-3.1.0.min.js'. Physical path: 'C:\Users\Tensay Bulcha\Source\Repos\TensuB\NineCommerce\Presentation\Nop.Web\wwwroot\lib\jquery-migrate\jquery-migrate-3.1.0.min.js'
info: Microsoft.AspNetCore.Hosting.Diagnostics[2]
      Request finished in 21.7785ms 200 application/javascript
info: Microsoft.AspNetCore.Hosting.Diagnostics[1]
      Request starting HTTP/1.1 GET http://localhost:15536/lib/jquery-ui/jquery-ui-1.12.1.custom/jquery-ui.min.js  
info: Microsoft.AspNetCore.StaticFiles.StaticFileMiddleware[2]
      Sending file. Request path: '/lib/jquery-ui/jquery-ui-1.12.1.custom/jquery-ui.min.js'. Physical path: 'C:\Users\Tensay Bulcha\Source\Repos\TensuB\NineCommerce\Presentation\Nop.Web\wwwroot\lib\jquery-ui\jquery-ui-1.12.1.custom\jquery-ui.min.js'
info: Microsoft.AspNetCore.Hosting.Diagnostics[2]
      Request finished in 81.512ms 200 application/javascript
info: Microsoft.AspNetCore.Hosting.Diagnostics[1]
      Request starting HTTP/1.1 GET http://localhost:15536/js/public.common.js  
info: Microsoft.AspNetCore.StaticFiles.StaticFileMiddleware[2]
      Sending file. Request path: '/js/public.common.js'. Physical path: 'C:\Users\Tensay Bulcha\Source\Repos\TensuB\NineCommerce\Presentation\Nop.Web\wwwroot\js\public.common.js'
info: Microsoft.AspNetCore.Hosting.Diagnostics[2]
      Request finished in 16.3886ms 200 application/javascript
info: Microsoft.AspNetCore.Hosting.Diagnostics[1]
      Request starting HTTP/1.1 GET http://localhost:15536/js/public.ajaxcart.js  
info: Microsoft.AspNetCore.StaticFiles.StaticFileMiddleware[2]
      Sending file. Request path: '/js/public.ajaxcart.js'. Physical path: 'C:\Users\Tensay Bulcha\Source\Repos\TensuB\NineCommerce\Presentation\Nop.Web\wwwroot\js\public.ajaxcart.js'
info: Microsoft.AspNetCore.Hosting.Diagnostics[2]
      Request finished in 100.3026ms 200 application/javascript
info: Microsoft.AspNetCore.Hosting.Diagnostics[1]
      Request starting HTTP/1.1 GET http://localhost:15536/js/public.countryselect.js  
info: Microsoft.AspNetCore.StaticFiles.StaticFileMiddleware[2]
      Sending file. Request path: '/js/public.countryselect.js'. Physical path: 'C:\Users\Tensay Bulcha\Source\Repos\TensuB\NineCommerce\Presentation\Nop.Web\wwwroot\js\public.countryselect.js'
info: Microsoft.AspNetCore.Hosting.Diagnostics[2]
      Request finished in 14.5732ms 200 application/javascript
info: Microsoft.AspNetCore.StaticFiles.StaticFileMiddleware[2]
      Sending file. Request path: '/lib/jquery-validate/jquery.validate.unobtrusive-v3.2.11/jquery.validate.unobtrusive.min.js'. Physical path: 'C:\Users\Tensay Bulcha\Source\Repos\TensuB\NineCommerce\Presentation\Nop.Web\wwwroot\lib\jquery-validate\jquery.validate.unobtrusive-v3.2.11\jquery.validate.unobtrusive.min.js'
info: Microsoft.AspNetCore.Hosting.Diagnostics[2]
      Request finished in 328.6894ms 200 application/javascript
info: Microsoft.AspNetCore.Hosting.Diagnostics[1]
      Request starting HTTP/1.1 GET http://localhost:15536/Themes/MukeraCleanTheme/Content/js/core.min.js  
info: Microsoft.AspNetCore.StaticFiles.StaticFileMiddleware[2]
      Sending file. Request path: '/MukeraCleanTheme/Content/css/rest_theme_styles.css'. Physical path: 'C:\Users\Tensay Bulcha\Source\Repos\TensuB\NineCommerce\Presentation\Nop.Web\Themes\MukeraCleanTheme\Content\css\rest_theme_styles.css'
info: Microsoft.AspNetCore.Hosting.Diagnostics[2]
      Request finished in 771.6802ms 200 text/css
info: Microsoft.AspNetCore.Hosting.Diagnostics[1]
      Request starting HTTP/1.1 GET http://localhost:15536/Themes/MukeraCleanTheme/Content/js/script.js  
info: Microsoft.AspNetCore.Hosting.Diagnostics[1]
      Request starting HTTP/1.1 GET http://localhost:15536/Themes/MukeraCleanTheme/Content/js/bootstrap.min.js  
info: Microsoft.AspNetCore.StaticFiles.StaticFileMiddleware[2]
      Sending file. Request path: '/MukeraCleanTheme/Content/js/script.js'. Physical path: 'C:\Users\Tensay Bulcha\Source\Repos\TensuB\NineCommerce\Presentation\Nop.Web\Themes\MukeraCleanTheme\Content\js\script.js'
info: Microsoft.AspNetCore.Hosting.Diagnostics[2]
      Request finished in 81.9428ms 200 application/javascript
info: Microsoft.AspNetCore.Hosting.Diagnostics[1]
      Request starting HTTP/1.1 GET http://localhost:15536/Themes/MukeraCleanTheme/Content/assets/js/vendor.js  
info: Microsoft.AspNetCore.StaticFiles.StaticFileMiddleware[2]
      Sending file. Request path: '/MukeraCleanTheme/Content/js/bootstrap.min.js'. Physical path: 'C:\Users\Tensay Bulcha\Source\Repos\TensuB\NineCommerce\Presentation\Nop.Web\Themes\MukeraCleanTheme\Content\js\bootstrap.min.js'
info: Microsoft.AspNetCore.Hosting.Diagnostics[2]
      Request finished in 101.0455ms 200 application/javascript
info: Microsoft.AspNetCore.Hosting.Diagnostics[1]
      Request starting HTTP/1.1 GET http://localhost:15536/Themes/MukeraCleanTheme/Content/assets/js/app.js  
info: Microsoft.AspNetCore.StaticFiles.StaticFileMiddleware[2]
      Sending file. Request path: '/MukeraCleanTheme/Content/assets/js/app.js'. Physical path: 'C:\Users\Tensay Bulcha\Source\Repos\TensuB\NineCommerce\Presentation\Nop.Web\Themes\MukeraCleanTheme\Content\assets\js\app.js'
info: Microsoft.AspNetCore.Hosting.Diagnostics[2]
      Request finished in 249.8407ms 200 application/javascript
info: Microsoft.AspNetCore.Hosting.Diagnostics[1]
      Request starting HTTP/1.1 GET http://localhost:15536/Plugins/Widgets.NivoSlider/Scripts/jquery.nivo.slider.js  
info: Microsoft.AspNetCore.StaticFiles.StaticFileMiddleware[2]
      Sending file. Request path: '/Widgets.NivoSlider/Scripts/jquery.nivo.slider.js'. Physical path: 'C:\Users\Tensay Bulcha\Source\Repos\TensuB\NineCommerce\Presentation\Nop.Web\Plugins\Widgets.NivoSlider\Scripts\jquery.nivo.slider.js'
info: Microsoft.AspNetCore.Hosting.Diagnostics[2]
      Request finished in 4.6486ms 200 application/javascript
info: Microsoft.AspNetCore.StaticFiles.StaticFileMiddleware[2]
      Sending file. Request path: '/MukeraCleanTheme/Content/js/core.min.js'. Physical path: 'C:\Users\Tensay Bulcha\Source\Repos\TensuB\NineCommerce\Presentation\Nop.Web\Themes\MukeraCleanTheme\Content\js\core.min.js'
info: Microsoft.AspNetCore.Hosting.Diagnostics[2]
      Request finished in 569.4559ms 200 application/javascript
info: Microsoft.AspNetCore.Hosting.Diagnostics[1]
      Request starting HTTP/1.1 GET http://localhost:15536/images/thumbs/0000034_slider-1-writings-nutrition.png  
info: Microsoft.AspNetCore.StaticFiles.StaticFileMiddleware[2]
      Sending file. Request path: '/MukeraCleanTheme/Content/assets/js/vendor.js'. Physical path: 'C:\Users\Tensay Bulcha\Source\Repos\TensuB\NineCommerce\Presentation\Nop.Web\Themes\MukeraCleanTheme\Content\assets\js\vendor.js'
info: Microsoft.AspNetCore.Hosting.Diagnostics[2]
      Request finished in 547.2004ms 200 application/javascript
info: Microsoft.AspNetCore.Hosting.Diagnostics[1]
      Request starting HTTP/1.1 GET http://localhost:15536/images/thumbs/0000035_slider-3-writings-life-style.png  
info: Microsoft.AspNetCore.Hosting.Diagnostics[1]
      Request starting HTTP/1.1 GET http://localhost:15536/Themes/MukeraCleanTheme/Content/images/logo.png  
info: Microsoft.AspNetCore.StaticFiles.StaticFileMiddleware[2]
      Sending file. Request path: '/images/thumbs/0000034_slider-1-writings-nutrition.png'. Physical path: 'C:\Users\Tensay Bulcha\Source\Repos\TensuB\NineCommerce\Presentation\Nop.Web\wwwroot\images\thumbs\0000034_slider-1-writings-nutrition.png'
info: Microsoft.AspNetCore.Hosting.Diagnostics[2]
      Request finished in 720.4921ms 200 image/png
info: Microsoft.AspNetCore.StaticFiles.StaticFileMiddleware[2]
      Sending file. Request path: '/MukeraCleanTheme/Content/images/logo.png'. Physical path: 'C:\Users\Tensay Bulcha\Source\Repos\TensuB\NineCommerce\Presentation\Nop.Web\Themes\MukeraCleanTheme\Content\images\logo.png'
info: Microsoft.AspNetCore.Hosting.Diagnostics[2]
      Request finished in 573.2671ms 200 image/png
info: Microsoft.AspNetCore.StaticFiles.StaticFileMiddleware[2]
      Sending file. Request path: '/images/thumbs/0000035_slider-3-writings-life-style.png'. Physical path: 'C:\Users\Tensay Bulcha\Source\Repos\TensuB\NineCommerce\Presentation\Nop.Web\wwwroot\images\thumbs\0000035_slider-3-writings-life-style.png'
info: Microsoft.AspNetCore.Hosting.Diagnostics[2]
      Request finished in 983.3088ms 200 image/png
info: System.Net.Http.HttpClient.default.LogicalHandler[100]
      Start processing HTTP request POST http://www.otensu.com/scheduletask/runtask
info: System.Net.Http.HttpClient.default.ClientHandler[100]
      Sending HTTP request POST http://www.otensu.com/scheduletask/runtask
info: Microsoft.AspNetCore.Hosting.Diagnostics[1]
      Request starting HTTP/1.1 GET http://localhost:15536/Themes/MukeraCleanTheme/Content/fonts/fontawesome-webfont.woff2?v=4.5.0  
info: Microsoft.AspNetCore.StaticFiles.StaticFileMiddleware[2]
      Sending file. Request path: '/MukeraCleanTheme/Content/fonts/fontawesome-webfont.woff2'. Physical path: 'C:\Users\Tensay Bulcha\Source\Repos\TensuB\NineCommerce\Presentation\Nop.Web\Themes\MukeraCleanTheme\Content\fonts\fontawesome-webfont.woff2'
info: Microsoft.AspNetCore.Hosting.Diagnostics[2]
      Request finished in 76.3539ms 200 font/woff2
info: Microsoft.AspNetCore.Hosting.Diagnostics[1]
      Request starting HTTP/1.1 GET http://localhost:15536/Themes/MukeraCleanTheme/Content/images/writings-aging-one.png  
info: Microsoft.AspNetCore.Hosting.Diagnostics[1]
      Request starting HTTP/1.1 GET http://localhost:15536/Themes/MukeraCleanTheme/Content/assets/fonts/icomoon.ttf?q2xewv  
info: Microsoft.AspNetCore.Hosting.Diagnostics[1]
      Request starting HTTP/1.1 GET http://localhost:15536/Themes/MukeraCleanTheme/Content/images/writings-nutrition.png  
info: Microsoft.AspNetCore.StaticFiles.StaticFileMiddleware[2]
      Sending file. Request path: '/MukeraCleanTheme/Content/assets/fonts/icomoon.ttf'. Physical path: 'C:\Users\Tensay Bulcha\Source\Repos\TensuB\NineCommerce\Presentation\Nop.Web\Themes\MukeraCleanTheme\Content\assets\fonts\icomoon.ttf'
info: Microsoft.AspNetCore.Hosting.Diagnostics[2]
      Request finished in 268.7183ms 200 application/x-font-ttf
info: Microsoft.AspNetCore.Hosting.Diagnostics[1]
      Request starting HTTP/1.1 GET http://localhost:15536/Themes/MukeraCleanTheme/Content/images/writings-diet.png  
info: Microsoft.AspNetCore.StaticFiles.StaticFileMiddleware[2]
      Sending file. Request path: '/MukeraCleanTheme/Content/images/writings-nutrition.png'. Physical path: 'C:\Users\Tensay Bulcha\Source\Repos\TensuB\NineCommerce\Presentation\Nop.Web\Themes\MukeraCleanTheme\Content\images\writings-nutrition.png'
info: Microsoft.AspNetCore.Hosting.Diagnostics[2]
      Request finished in 901.4801ms 200 image/png
info: Microsoft.AspNetCore.Hosting.Diagnostics[1]
      Request starting HTTP/1.1 GET http://localhost:15536/Themes/MukeraCleanTheme/Content/images/writings-aging.png  
info: Microsoft.AspNetCore.StaticFiles.StaticFileMiddleware[2]
      Sending file. Request path: '/MukeraCleanTheme/Content/images/writings-aging-one.png'. Physical path: 'C:\Users\Tensay Bulcha\Source\Repos\TensuB\NineCommerce\Presentation\Nop.Web\Themes\MukeraCleanTheme\Content\images\writings-aging-one.png'
info: Microsoft.AspNetCore.Hosting.Diagnostics[2]
      Request finished in 1651.3314ms 200 image/png
info: Microsoft.AspNetCore.Hosting.Diagnostics[1]
      Request starting HTTP/1.1 GET http://localhost:15536/Themes/MukeraCleanTheme/Content/images/writings-life-style.png  
info: Microsoft.AspNetCore.StaticFiles.StaticFileMiddleware[2]
      Sending file. Request path: '/MukeraCleanTheme/Content/images/writings-diet.png'. Physical path: 'C:\Users\Tensay Bulcha\Source\Repos\TensuB\NineCommerce\Presentation\Nop.Web\Themes\MukeraCleanTheme\Content\images\writings-diet.png'
info: Microsoft.AspNetCore.Hosting.Diagnostics[2]
      Request finished in 1783.4007ms 200 image/png
info: Microsoft.AspNetCore.Hosting.Diagnostics[1]
      Request starting HTTP/1.1 GET http://localhost:15536/Themes/MukeraCleanTheme/Content/images/writings-medical-conditions.png  
info: System.Net.Http.HttpClient.default.ClientHandler[101]
      Received HTTP response after 3843.3482ms - NoContent
info: System.Net.Http.HttpClient.default.LogicalHandler[101]
      End processing HTTP request after 3848.6885ms - NoContent
info: Microsoft.AspNetCore.StaticFiles.StaticFileMiddleware[2]
      Sending file. Request path: '/MukeraCleanTheme/Content/images/writings-life-style.png'. Physical path: 'C:\Users\Tensay Bulcha\Source\Repos\TensuB\NineCommerce\Presentation\Nop.Web\Themes\MukeraCleanTheme\Content\images\writings-life-style.png'
info: Microsoft.AspNetCore.Hosting.Diagnostics[2]
      Request finished in 1695.512ms 200 image/png
info: Microsoft.AspNetCore.Hosting.Diagnostics[1]
      Request starting HTTP/1.1 GET http://localhost:15536/Themes/MukeraCleanTheme/Content/images/writings-health.png  
info: Microsoft.AspNetCore.StaticFiles.StaticFileMiddleware[2]
      Sending file. Request path: '/MukeraCleanTheme/Content/images/writings-aging.png'. Physical path: 'C:\Users\Tensay Bulcha\Source\Repos\TensuB\NineCommerce\Presentation\Nop.Web\Themes\MukeraCleanTheme\Content\images\writings-aging.png'
info: Microsoft.AspNetCore.Hosting.Diagnostics[2]
      Request finished in 5797.3048ms 200 image/png
info: Microsoft.AspNetCore.Hosting.Diagnostics[1]
      Request starting HTTP/1.1 GET http://localhost:15536/Plugins/Widgets.NivoSlider/Content/nivoslider/themes/custom/loading.gif  
info: Microsoft.AspNetCore.StaticFiles.StaticFileMiddleware[2]
      Sending file. Request path: '/Widgets.NivoSlider/Content/nivoslider/themes/custom/loading.gif'. Physical path: 'C:\Users\Tensay Bulcha\Source\Repos\TensuB\NineCommerce\Presentation\Nop.Web\Plugins\Widgets.NivoSlider\Content\nivoslider\themes\custom\loading.gif'
info: Microsoft.AspNetCore.Hosting.Diagnostics[2]
      Request finished in 2.3538ms 200 image/gif
info: Microsoft.AspNetCore.StaticFiles.StaticFileMiddleware[2]
      Sending file. Request path: '/MukeraCleanTheme/Content/images/writings-medical-conditions.png'. Physical path: 'C:\Users\Tensay Bulcha\Source\Repos\TensuB\NineCommerce\Presentation\Nop.Web\Themes\MukeraCleanTheme\Content\images\writings-medical-conditions.png'
info: Microsoft.AspNetCore.Hosting.Diagnostics[2]
      Request finished in 5309.915ms 200 image/png
info: Microsoft.AspNetCore.Hosting.Diagnostics[1]
      Request starting HTTP/1.1 GET http://localhost:15536/images/thumbs/0000036_slider-4-writings-health.png  
info: Microsoft.AspNetCore.Hosting.Diagnostics[1]
      Request starting HTTP/1.1 GET http://localhost:15536/images/thumbs/0000038_slider-2-writings-medical-conditions.png  
info: Microsoft.AspNetCore.StaticFiles.StaticFileMiddleware[2]
      Sending file. Request path: '/images/thumbs/0000036_slider-4-writings-health.png'. Physical path: 'C:\Users\Tensay Bulcha\Source\Repos\TensuB\NineCommerce\Presentation\Nop.Web\wwwroot\images\thumbs\0000036_slider-4-writings-health.png'
info: Microsoft.AspNetCore.Hosting.Diagnostics[2]
      Request finished in 664.8499ms 200 image/png
info: Microsoft.AspNetCore.StaticFiles.StaticFileMiddleware[2]
      Sending file. Request path: '/images/thumbs/0000038_slider-2-writings-medical-conditions.png'. Physical path: 'C:\Users\Tensay Bulcha\Source\Repos\TensuB\NineCommerce\Presentation\Nop.Web\wwwroot\images\thumbs\0000038_slider-2-writings-medical-conditions.png'
info: Microsoft.AspNetCore.Hosting.Diagnostics[2]
      Request finished in 672.0244ms 200 image/png
info: Microsoft.AspNetCore.Hosting.Diagnostics[1]
      Request starting HTTP/1.1 GET http://localhost:15536/Themes/MukeraCleanTheme/Content/images/loading.gif  
info: Microsoft.AspNetCore.StaticFiles.StaticFileMiddleware[2]
      Sending file. Request path: '/MukeraCleanTheme/Content/images/loading.gif'. Physical path: 'C:\Users\Tensay Bulcha\Source\Repos\TensuB\NineCommerce\Presentation\Nop.Web\Themes\MukeraCleanTheme\Content\images\loading.gif'
info: Microsoft.AspNetCore.Hosting.Diagnostics[2]
      Request finished in 17.9314ms 200 image/gif
info: Microsoft.AspNetCore.Hosting.Diagnostics[1]
      Request starting HTTP/1.1 GET http://localhost:15536/Themes/MukeraCleanTheme/Content/images/writings-nutrition-footer-background.png  
info: Microsoft.AspNetCore.StaticFiles.StaticFileMiddleware[2]
      Sending file. Request path: '/MukeraCleanTheme/Content/images/writings-health.png'. Physical path: 'C:\Users\Tensay Bulcha\Source\Repos\TensuB\NineCommerce\Presentation\Nop.Web\Themes\MukeraCleanTheme\Content\images\writings-health.png'
info: Microsoft.AspNetCore.Hosting.Diagnostics[2]
      Request finished in 3748.806ms 200 image/png
info: Microsoft.AspNetCore.StaticFiles.StaticFileMiddleware[2]
      Sending file. Request path: '/MukeraCleanTheme/Content/images/writings-nutrition-footer-background.png'. Physical path: 'C:\Users\Tensay Bulcha\Source\Repos\TensuB\NineCommerce\Presentation\Nop.Web\Themes\MukeraCleanTheme\Content\images\writings-nutrition-footer-background.png'
info: Microsoft.AspNetCore.Hosting.Diagnostics[2]
      Request finished in 2256.8882ms 200 image/png
info: Microsoft.AspNetCore.Hosting.Diagnostics[1]
      Request starting HTTP/1.1 GET http://localhost:15536/icons/icons_0/site.webmanifest  
info: Microsoft.AspNetCore.StaticFiles.StaticFileMiddleware[2]
      Sending file. Request path: '/icons_0/site.webmanifest'. Physical path: 'C:\Users\Tensay Bulcha\Source\Repos\TensuB\NineCommerce\Presentation\Nop.Web\wwwroot\icons\icons_0\site.webmanifest'
info: Microsoft.AspNetCore.Hosting.Diagnostics[2]
      Request finished in 65.2711ms 200 application/manifest+json
info: Microsoft.AspNetCore.Hosting.Diagnostics[1]
      Request starting HTTP/1.1 GET http://localhost:15536/icons/icons_0/favicon.ico  
info: Microsoft.AspNetCore.StaticFiles.StaticFileMiddleware[2]
      Sending file. Request path: '/icons/icons_0/favicon.ico'. Physical path: 'C:\Users\Tensay Bulcha\Source\Repos\TensuB\NineCommerce\Presentation\Nop.Web\wwwroot\icons\icons_0\favicon.ico'
info: Microsoft.AspNetCore.Hosting.Diagnostics[2]
      Request finished in 76.9717ms 200 image/x-icon
info: System.Net.Http.HttpClient.default.LogicalHandler[100]
      Start processing HTTP request POST http://www.otensu.com/scheduletask/runtask
info: System.Net.Http.HttpClient.default.ClientHandler[100]
      Sending HTTP request POST http://www.otensu.com/scheduletask/runtask
info: System.Net.Http.HttpClient.default.ClientHandler[101]
      Received HTTP response after 156.0964ms - NoContent
info: System.Net.Http.HttpClient.default.LogicalHandler[101]
      End processing HTTP request after 156.2733ms - NoContent
info: Microsoft.AspNetCore.Hosting.Diagnostics[1]
      Request starting HTTP/1.1 GET http://localhost:15536/Themes/MukeraCleanTheme/Content/assets/js/vendor.js.map  
info: Microsoft.AspNetCore.Hosting.Diagnostics[1]
      Request starting HTTP/1.1 GET http://localhost:15536/Themes/MukeraCleanTheme/Content/js/bootstrap.min.js.map  
info: Microsoft.AspNetCore.Hosting.Diagnostics[1]
      Request starting HTTP/1.1 GET http://localhost:15536/Themes/MukeraCleanTheme/Content/assets/css/style.css.map  
info: Microsoft.AspNetCore.Hosting.Diagnostics[2]
      Request finished in 194.6328ms 404 
info: Microsoft.AspNetCore.Hosting.Diagnostics[1]
      Request starting HTTP/1.1 GET http://localhost:15536/Themes/MukeraCleanTheme/Content/css/style.css.map  
info: Microsoft.AspNetCore.Hosting.Diagnostics[2]
      Request finished in 204.5041ms 404 
info: Microsoft.AspNetCore.StaticFiles.StaticFileMiddleware[2]
      Sending file. Request path: '/MukeraCleanTheme/Content/assets/css/style.css.map'. Physical path: 'C:\Users\Tensay Bulcha\Source\Repos\TensuB\NineCommerce\Presentation\Nop.Web\Themes\MukeraCleanTheme\Content\assets\css\style.css.map'
info: Microsoft.AspNetCore.Hosting.Diagnostics[2]
      Request finished in 592.5307ms 200 text/plain
info: Microsoft.AspNetCore.StaticFiles.StaticFileMiddleware[2]
      Sending file. Request path: '/MukeraCleanTheme/Content/assets/js/vendor.js.map'. Physical path: 'C:\Users\Tensay Bulcha\Source\Repos\TensuB\NineCommerce\Presentation\Nop.Web\Themes\MukeraCleanTheme\Content\assets\js\vendor.js.map'
info: Microsoft.AspNetCore.Hosting.Diagnostics[2]
      Request finished in 986.6745ms 200 text/plain
info: System.Net.Http.HttpClient.default.LogicalHandler[100]
      Start processing HTTP request POST http://www.otensu.com/scheduletask/runtask
info: System.Net.Http.HttpClient.default.ClientHandler[100]
      Sending HTTP request POST http://www.otensu.com/scheduletask/runtask
info: System.Net.Http.HttpClient.default.ClientHandler[101]
      Received HTTP response after 89.208ms - NoContent
info: System.Net.Http.HttpClient.default.LogicalHandler[101]
      End processing HTTP request after 89.4241ms - NoContent
info: System.Net.Http.HttpClient.default.LogicalHandler[100]
      Start processing HTTP request POST http://www.otensu.com/scheduletask/runtask
info: System.Net.Http.HttpClient.default.ClientHandler[100]
      Sending HTTP request POST http://www.otensu.com/scheduletask/runtask
info: System.Net.Http.HttpClient.default.ClientHandler[101]
      Received HTTP response after 215.0976ms - NoContent
info: System.Net.Http.HttpClient.default.LogicalHandler[101]
      End processing HTTP request after 215.2387ms - NoContent
info: System.Net.Http.HttpClient.default.LogicalHandler[100]
      Start processing HTTP request POST http://www.otensu.com/scheduletask/runtask
info: System.Net.Http.HttpClient.default.ClientHandler[100]
      Sending HTTP request POST http://www.otensu.com/scheduletask/runtask
info: System.Net.Http.HttpClient.default.ClientHandler[101]
      Received HTTP response after 108.64ms - NoContent
info: System.Net.Http.HttpClient.default.LogicalHandler[101]
      End processing HTTP request after 109.3677ms - NoContent
info: System.Net.Http.HttpClient.default.LogicalHandler[100]
      Start processing HTTP request POST http://www.otensu.com/scheduletask/runtask
info: System.Net.Http.HttpClient.default.ClientHandler[100]
      Sending HTTP request POST http://www.otensu.com/scheduletask/runtask
info: System.Net.Http.HttpClient.default.ClientHandler[101]
      Received HTTP response after 237.1069ms - NoContent
info: System.Net.Http.HttpClient.default.LogicalHandler[101]
      End processing HTTP request after 237.2699ms - NoContent
info: System.Net.Http.HttpClient.default.LogicalHandler[100]
      Start processing HTTP request POST http://www.otensu.com/scheduletask/runtask
info: System.Net.Http.HttpClient.default.ClientHandler[100]
      Sending HTTP request POST http://www.otensu.com/scheduletask/runtask
info: System.Net.Http.HttpClient.default.ClientHandler[101]
      Received HTTP response after 159.1282ms - NoContent
info: System.Net.Http.HttpClient.default.LogicalHandler[101]
      End processing HTTP request after 159.8962ms - NoContent
info: System.Net.Http.HttpClient.default.LogicalHandler[100]
      Start processing HTTP request POST http://www.otensu.com/scheduletask/runtask
info: System.Net.Http.HttpClient.default.ClientHandler[100]
      Sending HTTP request POST http://www.otensu.com/scheduletask/runtask
info: System.Net.Http.HttpClient.default.ClientHandler[101]
      Received HTTP response after 159.0285ms - NoContent
info: System.Net.Http.HttpClient.default.LogicalHandler[101]
      End processing HTTP request after 159.171ms - NoContent
info: System.Net.Http.HttpClient.default.LogicalHandler[100]
      Start processing HTTP request POST http://www.otensu.com/scheduletask/runtask
info: System.Net.Http.HttpClient.default.ClientHandler[100]
      Sending HTTP request POST http://www.otensu.com/scheduletask/runtask
info: System.Net.Http.HttpClient.default.ClientHandler[101]
      Received HTTP response after 252.6733ms - NoContent
info: System.Net.Http.HttpClient.default.LogicalHandler[101]
      End processing HTTP request after 252.8408ms - NoContent
info: System.Net.Http.HttpClient.default.LogicalHandler[100]
      Start processing HTTP request POST http://www.otensu.com/scheduletask/runtask
info: System.Net.Http.HttpClient.default.ClientHandler[100]
      Sending HTTP request POST http://www.otensu.com/scheduletask/runtask
info: System.Net.Http.HttpClient.default.ClientHandler[101]
      Received HTTP response after 328.6703ms - NoContent
info: System.Net.Http.HttpClient.default.LogicalHandler[101]
      End processing HTTP request after 328.8028ms - NoContent
info: System.Net.Http.HttpClient.default.LogicalHandler[100]
      Start processing HTTP request POST http://www.otensu.com/scheduletask/runtask
info: System.Net.Http.HttpClient.default.ClientHandler[100]
      Sending HTTP request POST http://www.otensu.com/scheduletask/runtask
info: System.Net.Http.HttpClient.default.ClientHandler[101]
      Received HTTP response after 150.7184ms - NoContent
info: System.Net.Http.HttpClient.default.LogicalHandler[101]
      End processing HTTP request after 150.8792ms - NoContent
info: System.Net.Http.HttpClient.default.LogicalHandler[100]
      Start processing HTTP request POST http://www.otensu.com/scheduletask/runtask
info: System.Net.Http.HttpClient.default.ClientHandler[100]
      Sending HTTP request POST http://www.otensu.com/scheduletask/runtask
info: System.Net.Http.HttpClient.default.ClientHandler[101]
      Received HTTP response after 145.2926ms - NoContent
info: System.Net.Http.HttpClient.default.LogicalHandler[101]
      End processing HTTP request after 145.4657ms - NoContent
info: System.Net.Http.HttpClient.default.LogicalHandler[100]
      Start processing HTTP request POST http://www.otensu.com/scheduletask/runtask
info: System.Net.Http.HttpClient.default.ClientHandler[100]
      Sending HTTP request POST http://www.otensu.com/scheduletask/runtask
info: System.Net.Http.HttpClient.default.ClientHandler[101]
      Received HTTP response after 88.8783ms - NoContent
info: System.Net.Http.HttpClient.default.LogicalHandler[101]
      End processing HTTP request after 89.0253ms - NoContent
info: System.Net.Http.HttpClient.default.LogicalHandler[100]
      Start processing HTTP request POST http://www.otensu.com/scheduletask/runtask
info: System.Net.Http.HttpClient.default.ClientHandler[100]
      Sending HTTP request POST http://www.otensu.com/scheduletask/runtask
info: System.Net.Http.HttpClient.default.ClientHandler[101]
      Received HTTP response after 158.4651ms - NoContent
info: System.Net.Http.HttpClient.default.LogicalHandler[101]
      End processing HTTP request after 158.6188ms - NoContent
info: System.Net.Http.HttpClient.default.LogicalHandler[100]
      Start processing HTTP request POST http://www.otensu.com/scheduletask/runtask
info: System.Net.Http.HttpClient.default.ClientHandler[100]
      Sending HTTP request POST http://www.otensu.com/scheduletask/runtask
info: System.Net.Http.HttpClient.default.ClientHandler[101]
      Received HTTP response after 110.9121ms - NoContent
info: System.Net.Http.HttpClient.default.LogicalHandler[101]
      End processing HTTP request after 111.0547ms - NoContent
info: System.Net.Http.HttpClient.default.LogicalHandler[100]
      Start processing HTTP request POST http://www.otensu.com/scheduletask/runtask
info: System.Net.Http.HttpClient.default.ClientHandler[100]
      Sending HTTP request POST http://www.otensu.com/scheduletask/runtask
info: System.Net.Http.HttpClient.default.ClientHandler[101]
      Received HTTP response after 265.9809ms - NoContent
info: System.Net.Http.HttpClient.default.LogicalHandler[101]
      End processing HTTP request after 266.1755ms - NoContent
info: System.Net.Http.HttpClient.default.LogicalHandler[100]
      Start processing HTTP request POST http://www.otensu.com/scheduletask/runtask
info: System.Net.Http.HttpClient.default.ClientHandler[100]
      Sending HTTP request POST http://www.otensu.com/scheduletask/runtask
info: System.Net.Http.HttpClient.default.ClientHandler[101]
      Received HTTP response after 696.6039ms - NoContent
info: System.Net.Http.HttpClient.default.LogicalHandler[101]
      End processing HTTP request after 696.7717ms - NoContent







































































































