info: System.Net.Http.HttpClient.default.LogicalHandler[100]
      Start processing HTTP request POST http://joysmarter2staff-099-site1.btempurl.com/scheduletask/runtask
info: System.Net.Http.HttpClient.default.ClientHandler[100]
      Sending HTTP request POST http://joysmarter2staff-099-site1.btempurl.com/scheduletask/runtask
info: Microsoft.Hosting.Lifetime[0]
      Now listening on: http://127.0.0.1:21683
info: Microsoft.Hosting.Lifetime[0]
      Application started. Press Ctrl+C to shut down.
info: Microsoft.Hosting.Lifetime[0]
      Hosting environment: Development
info: Microsoft.Hosting.Lifetime[0]
      Content root path: C:\Users\Tensay Bulcha\Source\Repos\TensuB\NineCommerce\Presentation\Nop.Web
info: System.Net.Http.HttpClient.default.ClientHandler[101]
      Received HTTP response after 911.717ms - InternalServerError
info: System.Net.Http.HttpClient.default.LogicalHandler[101]
      End processing HTTP request after 946.4582ms - InternalServerError
info: Microsoft.AspNetCore.Hosting.Diagnostics[1]
      Request starting HTTP/1.1 GET http://localhost:15536/  
info: Microsoft.AspNetCore.Routing.EndpointMiddleware[0]
      Executing endpoint 'Nop.Web.Controllers.HomeController.Index (Nop.Web)'
info: Microsoft.AspNetCore.Mvc.Infrastructure.ControllerActionInvoker[3]
      Route matched with {action = "Index", controller = "Home", area = ""}. Executing controller action with signature Microsoft.AspNetCore.Mvc.IActionResult Index() on controller Nop.Web.Controllers.HomeController (Nop.Web).
info: Microsoft.AspNetCore.Mvc.ViewFeatures.ViewResultExecutor[1]
      Executing ViewResult, running view Index.
info: Microsoft.AspNetCore.Mvc.ViewFeatures.ViewResultExecutor[4]
      Executed ViewResult - view Index executed in 10213.2736ms.
info: Microsoft.AspNetCore.Mvc.Infrastructure.ControllerActionInvoker[2]
      Executed action Nop.Web.Controllers.HomeController.Index (Nop.Web) in 10637.9072ms
info: Microsoft.AspNetCore.Routing.EndpointMiddleware[1]
      Executed endpoint 'Nop.Web.Controllers.HomeController.Index (Nop.Web)'
info: Microsoft.AspNetCore.Hosting.Diagnostics[2]
      Request finished in 13298.8368ms 200 text/html; charset=utf-8
info: Microsoft.AspNetCore.Hosting.Diagnostics[1]
      Request starting HTTP/1.1 GET http://localhost:15536/images/logo-170x172.png  
info: Microsoft.AspNetCore.Hosting.Diagnostics[2]
      Request finished in 175.6819ms 404 
info: System.Net.Http.HttpClient.default.LogicalHandler[100]
      Start processing HTTP request POST http://joysmarter2staff-099-site1.btempurl.com/scheduletask/runtask
info: System.Net.Http.HttpClient.default.ClientHandler[100]
      Sending HTTP request POST http://joysmarter2staff-099-site1.btempurl.com/scheduletask/runtask
info: System.Net.Http.HttpClient.default.ClientHandler[101]
      Received HTTP response after 166.9938ms - InternalServerError
info: System.Net.Http.HttpClient.default.LogicalHandler[101]
      End processing HTTP request after 167.3584ms - InternalServerError
info: Microsoft.AspNetCore.Hosting.Diagnostics[1]
      Request starting HTTP/1.1 GET http://localhost:15536/Themes/MukeraCleanTheme/Content/css/style.css.map  
info: Microsoft.AspNetCore.Hosting.Diagnostics[2]
      Request finished in 217.0613ms 404 
info: System.Net.Http.HttpClient.default.LogicalHandler[100]
      Start processing HTTP request POST http://joysmarter2staff-099-site1.btempurl.com/scheduletask/runtask
info: System.Net.Http.HttpClient.default.ClientHandler[100]
      Sending HTTP request POST http://joysmarter2staff-099-site1.btempurl.com/scheduletask/runtask
info: System.Net.Http.HttpClient.default.ClientHandler[101]
      Received HTTP response after 326.1373ms - InternalServerError
info: System.Net.Http.HttpClient.default.LogicalHandler[101]
      End processing HTTP request after 326.4211ms - InternalServerError
info: Microsoft.AspNetCore.Hosting.Diagnostics[1]
      Request starting HTTP/1.1 GET http://localhost:15536/newproducts  
info: Microsoft.AspNetCore.Routing.EndpointMiddleware[0]
      Executing endpoint 'Nop.Web.Controllers.ProductController.NewProducts (Nop.Web)'
info: Microsoft.AspNetCore.Mvc.Infrastructure.ControllerActionInvoker[3]
      Route matched with {action = "NewProducts", controller = "Product", area = ""}. Executing controller action with signature Microsoft.AspNetCore.Mvc.IActionResult NewProducts() on controller Nop.Web.Controllers.ProductController (Nop.Web).
info: Microsoft.AspNetCore.Mvc.ViewFeatures.ViewResultExecutor[1]
      Executing ViewResult, running view NewProducts.
info: Microsoft.AspNetCore.Mvc.ViewFeatures.ViewResultExecutor[4]
      Executed ViewResult - view NewProducts executed in 516.0684ms.
info: Microsoft.AspNetCore.Mvc.Infrastructure.ControllerActionInvoker[2]
      Executed action Nop.Web.Controllers.ProductController.NewProducts (Nop.Web) in 881.1804ms
info: Microsoft.AspNetCore.Routing.EndpointMiddleware[1]
      Executed endpoint 'Nop.Web.Controllers.ProductController.NewProducts (Nop.Web)'
info: Microsoft.AspNetCore.Hosting.Diagnostics[2]
      Request finished in 1145.3221ms 200 text/html; charset=utf-8
info: Microsoft.AspNetCore.Hosting.Diagnostics[1]
      Request starting HTTP/1.1 GET http://localhost:15536/images/logo-170x172.png  
info: Microsoft.AspNetCore.Hosting.Diagnostics[1]
      Request starting HTTP/1.1 GET http://localhost:15536/Themes/MukeraCleanTheme/Content/images/rss.png  
info: Microsoft.AspNetCore.Hosting.Diagnostics[1]
      Request starting HTTP/1.1 GET http://localhost:15536/Themes/MukeraCleanTheme/Content/css/style.css.map  
info: Microsoft.AspNetCore.StaticFiles.StaticFileMiddleware[2]
      Sending file. Request path: '/MukeraCleanTheme/Content/images/rss.png'. Physical path: 'C:\Users\Tensay Bulcha\Source\Repos\TensuB\NineCommerce\Presentation\Nop.Web\Themes\MukeraCleanTheme\Content\images\rss.png'
info: Microsoft.AspNetCore.Hosting.Diagnostics[2]
      Request finished in 79.527ms 200 image/png
info: Microsoft.AspNetCore.Hosting.Diagnostics[2]
      Request finished in 188.6795ms 404 
info: Microsoft.AspNetCore.Hosting.Diagnostics[2]
      Request finished in 178.6984ms 404 
info: Microsoft.AspNetCore.Hosting.Diagnostics[1]
      Request starting HTTP/1.1 GET http://localhost:15536/index.html  
info: Microsoft.AspNetCore.Routing.EndpointMiddleware[0]
      Executing endpoint 'Nop.Web.Controllers.CommonController.GenericUrl (Nop.Web)'
info: Microsoft.AspNetCore.Mvc.Infrastructure.ControllerActionInvoker[3]
      Route matched with {action = "GenericUrl", controller = "Common", area = ""}. Executing controller action with signature Microsoft.AspNetCore.Mvc.IActionResult GenericUrl() on controller Nop.Web.Controllers.CommonController (Nop.Web).
info: Microsoft.AspNetCore.Mvc.Infrastructure.ControllerActionInvoker[2]
      Executed action Nop.Web.Controllers.CommonController.GenericUrl (Nop.Web) in 50.0993ms
info: Microsoft.AspNetCore.Routing.EndpointMiddleware[1]
      Executed endpoint 'Nop.Web.Controllers.CommonController.GenericUrl (Nop.Web)'
info: Microsoft.AspNetCore.Hosting.Diagnostics[2]
      Request finished in 272.0897ms 404 
info: Microsoft.AspNetCore.Hosting.Diagnostics[1]
      Request starting HTTP/1.1 GET http://localhost:15536/Themes/MukeraCleanTheme/Content/css/style.css.map  
info: Microsoft.AspNetCore.Hosting.Diagnostics[2]
      Request finished in 168.5876ms 404 
info: Microsoft.AspNetCore.Hosting.Diagnostics[1]
      Request starting HTTP/1.1 GET http://localhost:15536/Themes/MukeraCleanTheme/Content/css/style.css.map  
info: Microsoft.AspNetCore.Hosting.Diagnostics[2]
      Request finished in 161.9317ms 404 
info: System.Net.Http.HttpClient.default.LogicalHandler[100]
      Start processing HTTP request POST http://joysmarter2staff-099-site1.btempurl.com/scheduletask/runtask
info: System.Net.Http.HttpClient.default.ClientHandler[100]
      Sending HTTP request POST http://joysmarter2staff-099-site1.btempurl.com/scheduletask/runtask
info: System.Net.Http.HttpClient.default.ClientHandler[101]
      Received HTTP response after 162.778ms - InternalServerError
info: System.Net.Http.HttpClient.default.LogicalHandler[101]
      End processing HTTP request after 163.0644ms - InternalServerError
info: System.Net.Http.HttpClient.default.LogicalHandler[100]
      Start processing HTTP request POST http://joysmarter2staff-099-site1.btempurl.com/scheduletask/runtask
info: System.Net.Http.HttpClient.default.ClientHandler[100]
      Sending HTTP request POST http://joysmarter2staff-099-site1.btempurl.com/scheduletask/runtask
info: System.Net.Http.HttpClient.default.ClientHandler[101]
      Received HTTP response after 327.135ms - InternalServerError
info: System.Net.Http.HttpClient.default.LogicalHandler[101]
      End processing HTTP request after 327.365ms - InternalServerError
info: System.Net.Http.HttpClient.default.LogicalHandler[100]
      Start processing HTTP request POST http://joysmarter2staff-099-site1.btempurl.com/scheduletask/runtask
info: System.Net.Http.HttpClient.default.ClientHandler[100]
      Sending HTTP request POST http://joysmarter2staff-099-site1.btempurl.com/scheduletask/runtask
info: System.Net.Http.HttpClient.default.ClientHandler[101]
      Received HTTP response after 163.1887ms - InternalServerError
info: System.Net.Http.HttpClient.default.LogicalHandler[101]
      End processing HTTP request after 163.4319ms - InternalServerError
info: System.Net.Http.HttpClient.default.LogicalHandler[100]
      Start processing HTTP request POST http://joysmarter2staff-099-site1.btempurl.com/scheduletask/runtask
info: System.Net.Http.HttpClient.default.ClientHandler[100]
      Sending HTTP request POST http://joysmarter2staff-099-site1.btempurl.com/scheduletask/runtask
info: System.Net.Http.HttpClient.default.ClientHandler[101]
      Received HTTP response after 166.4893ms - InternalServerError
info: System.Net.Http.HttpClient.default.LogicalHandler[101]
      End processing HTTP request after 166.6757ms - InternalServerError
